{"/Users/guntharp/Code/sports-card-tracker/server/src/config.ts": {"path":"/Users/guntharp/Code/sports-card-tracker/server/src/config.ts","statementMap":{"0":{"start":{"line":29,"column":0},"end":{"line":29,"column":16}},"1":{"start":{"line":1,"column":0},"end":{"line":1,"column":24}},"2":{"start":{"line":30,"column":18},"end":{"line":30,"column":74}},"3":{"start":{"line":31,"column":15},"end":{"line":31,"column":55}},"4":{"start":{"line":33,"column":2},"end":{"line":67,"column":4}}},"fnMap":{"0":{"name":"loadConfig","decl":{"start":{"line":29,"column":16},"end":{"line":29,"column":26}},"loc":{"start":{"line":29,"column":26},"end":{"line":68,"column":1}}}},"branchMap":{"0":{"loc":{"start":{"line":30,"column":18},"end":{"line":30,"column":74}},"type":"binary-expr","locations":[{"start":{"line":30,"column":18},"end":{"line":30,"column":38}},{"start":{"line":30,"column":42},"end":{"line":30,"column":74}}]},"1":{"loc":{"start":{"line":31,"column":24},"end":{"line":31,"column":50}},"type":"binary-expr","locations":[{"start":{"line":31,"column":24},"end":{"line":31,"column":40}},{"start":{"line":31,"column":44},"end":{"line":31,"column":50}}]},"2":{"loc":{"start":{"line":35,"column":17},"end":{"line":35,"column":68}},"type":"binary-expr","locations":[{"start":{"line":35,"column":17},"end":{"line":35,"column":41}},{"start":{"line":35,"column":45},"end":{"line":35,"column":68}}]},"3":{"loc":{"start":{"line":39,"column":12},"end":{"line":39,"column":82}},"type":"binary-expr","locations":[{"start":{"line":39,"column":12},"end":{"line":39,"column":31}},{"start":{"line":39,"column":35},"end":{"line":39,"column":82}}]},"4":{"loc":{"start":{"line":40,"column":15},"end":{"line":40,"column":74}},"type":"binary-expr","locations":[{"start":{"line":40,"column":15},"end":{"line":40,"column":37}},{"start":{"line":40,"column":41},"end":{"line":40,"column":74}}]},"5":{"loc":{"start":{"line":41,"column":30},"end":{"line":41,"column":69}},"type":"binary-expr","locations":[{"start":{"line":41,"column":30},"end":{"line":41,"column":59}},{"start":{"line":41,"column":63},"end":{"line":41,"column":69}}]},"6":{"loc":{"start":{"line":44,"column":29},"end":{"line":44,"column":72}},"type":"binary-expr","locations":[{"start":{"line":44,"column":29},"end":{"line":44,"column":58}},{"start":{"line":44,"column":62},"end":{"line":44,"column":72}}]},"7":{"loc":{"start":{"line":46,"column":21},"end":{"line":46,"column":58}},"type":"binary-expr","locations":[{"start":{"line":46,"column":21},"end":{"line":46,"column":48}},{"start":{"line":46,"column":52},"end":{"line":46,"column":58}}]},"8":{"loc":{"start":{"line":47,"column":31},"end":{"line":47,"column":78}},"type":"binary-expr","locations":[{"start":{"line":47,"column":31},"end":{"line":47,"column":68}},{"start":{"line":47,"column":72},"end":{"line":47,"column":78}}]},"9":{"loc":{"start":{"line":48,"column":27},"end":{"line":48,"column":70}},"type":"binary-expr","locations":[{"start":{"line":48,"column":27},"end":{"line":48,"column":60}},{"start":{"line":48,"column":64},"end":{"line":48,"column":70}}]},"10":{"loc":{"start":{"line":49,"column":29},"end":{"line":49,"column":74}},"type":"binary-expr","locations":[{"start":{"line":49,"column":29},"end":{"line":49,"column":64}},{"start":{"line":49,"column":68},"end":{"line":49,"column":74}}]},"11":{"loc":{"start":{"line":50,"column":27},"end":{"line":50,"column":68}},"type":"binary-expr","locations":[{"start":{"line":50,"column":27},"end":{"line":50,"column":58}},{"start":{"line":50,"column":62},"end":{"line":50,"column":68}}]},"12":{"loc":{"start":{"line":51,"column":20},"end":{"line":51,"column":56}},"type":"binary-expr","locations":[{"start":{"line":51,"column":20},"end":{"line":51,"column":46}},{"start":{"line":51,"column":50},"end":{"line":51,"column":56}}]},"13":{"loc":{"start":{"line":52,"column":24},"end":{"line":52,"column":64}},"type":"binary-expr","locations":[{"start":{"line":52,"column":24},"end":{"line":52,"column":54}},{"start":{"line":52,"column":58},"end":{"line":52,"column":64}}]},"14":{"loc":{"start":{"line":55,"column":16},"end":{"line":55,"column":48}},"type":"binary-expr","locations":[{"start":{"line":55,"column":16},"end":{"line":55,"column":42}},{"start":{"line":55,"column":46},"end":{"line":55,"column":48}}]},"15":{"loc":{"start":{"line":56,"column":20},"end":{"line":56,"column":56}},"type":"binary-expr","locations":[{"start":{"line":56,"column":20},"end":{"line":56,"column":50}},{"start":{"line":56,"column":54},"end":{"line":56,"column":56}}]},"16":{"loc":{"start":{"line":57,"column":19},"end":{"line":57,"column":54}},"type":"binary-expr","locations":[{"start":{"line":57,"column":19},"end":{"line":57,"column":48}},{"start":{"line":57,"column":52},"end":{"line":57,"column":54}}]},"17":{"loc":{"start":{"line":58,"column":20},"end":{"line":58,"column":61}},"type":"binary-expr","locations":[{"start":{"line":58,"column":20},"end":{"line":58,"column":48}},{"start":{"line":58,"column":52},"end":{"line":58,"column":61}}]},"18":{"loc":{"start":{"line":59,"column":26},"end":{"line":59,"column":69}},"type":"binary-expr","locations":[{"start":{"line":59,"column":26},"end":{"line":59,"column":63}},{"start":{"line":59,"column":67},"end":{"line":59,"column":69}}]}},"s":{"0":14,"1":14,"2":399,"3":399,"4":399},"f":{"0":399},"b":{"0":[399,399],"1":[399,399],"2":[399,399],"3":[399,399],"4":[399,399],"5":[399,399],"6":[399,399],"7":[399,399],"8":[399,399],"9":[399,399],"10":[399,399],"11":[399,399],"12":[399,399],"13":[399,399],"14":[399,399],"15":[399,399],"16":[399,399],"17":[399,399],"18":[399,399]}}
,"/Users/guntharp/Code/sports-card-tracker/server/src/database.ts": {"path":"/Users/guntharp/Code/sports-card-tracker/server/src/database.ts","statementMap":{"0":{"start":{"line":1,"column":0},"end":{"line":1,"column":43}},"1":{"start":{"line":2,"column":0},"end":{"line":2,"column":76}},"2":{"start":{"line":3,"column":0},"end":{"line":3,"column":85}},"3":{"start":{"line":5,"column":0},"end":{"line":5,"column":36}},"4":{"start":{"line":6,"column":0},"end":{"line":6,"column":30}},"5":{"start":{"line":7,"column":0},"end":{"line":7,"column":38}},"6":{"start":{"line":8,"column":0},"end":{"line":8,"column":62}},"7":{"start":{"line":9,"column":0},"end":{"line":9,"column":24}},"8":{"start":{"line":10,"column":0},"end":{"line":10,"column":20}},"9":{"start":{"line":11,"column":0},"end":{"line":11,"column":28}},"10":{"start":{"line":13,"column":177},"end":{"line":13,"column":183}},"11":{"start":{"line":16,"column":21},"end":{"line":223,"column":2}},"12":{"start":{"line":231,"column":4},"end":{"line":231,"column":44}},"13":{"start":{"line":232,"column":4},"end":{"line":232,"column":45}},"14":{"start":{"line":233,"column":4},"end":{"line":233,"column":44}},"15":{"start":{"line":234,"column":4},"end":{"line":234,"column":47}},"16":{"start":{"line":236,"column":4},"end":{"line":250,"column":5}},"17":{"start":{"line":237,"column":6},"end":{"line":237,"column":37}},"18":{"start":{"line":238,"column":6},"end":{"line":238,"column":37}},"19":{"start":{"line":240,"column":31},"end":{"line":240,"column":71}},"20":{"start":{"line":241,"column":6},"end":{"line":248,"column":7}},"21":{"start":{"line":244,"column":8},"end":{"line":244,"column":38}},"22":{"start":{"line":245,"column":8},"end":{"line":245,"column":47}},"23":{"start":{"line":247,"column":8},"end":{"line":247,"column":39}},"24":{"start":{"line":249,"column":6},"end":{"line":249,"column":37}},"25":{"start":{"line":258,"column":21},"end":{"line":260,"column":11}},"26":{"start":{"line":262,"column":4},"end":{"line":262,"column":26}},"27":{"start":{"line":262,"column":19},"end":{"line":262,"column":26}},"28":{"start":{"line":265,"column":4},"end":{"line":271,"column":7}},"29":{"start":{"line":273,"column":25},"end":{"line":275,"column":30}},"30":{"start":{"line":277,"column":4},"end":{"line":277,"column":37}},"31":{"start":{"line":277,"column":30},"end":{"line":277,"column":37}},"32":{"start":{"line":281,"column":29},"end":{"line":281,"column":69}},"33":{"start":{"line":282,"column":24},"end":{"line":282,"column":76}},"34":{"start":{"line":283,"column":20},"end":{"line":283,"column":69}},"35":{"start":{"line":284,"column":26},"end":{"line":284,"column":44}},"36":{"start":{"line":285,"column":25},"end":{"line":286,"column":null}},"37":{"start":{"line":289,"column":17},"end":{"line":289,"column":79}},"38":{"start":{"line":290,"column":4},"end":{"line":292,"column":36}},"39":{"start":{"line":296,"column":4},"end":{"line":296,"column":21}},"40":{"start":{"line":302,"column":23},"end":{"line":302,"column":25}},"41":{"start":{"line":303,"column":4},"end":{"line":303,"column":75}},"42":{"start":{"line":303,"column":25},"end":{"line":303,"column":75}},"43":{"start":{"line":304,"column":4},"end":{"line":304,"column":93}},"44":{"start":{"line":304,"column":31},"end":{"line":304,"column":93}},"45":{"start":{"line":305,"column":4},"end":{"line":305,"column":133}},"46":{"start":{"line":305,"column":33},"end":{"line":305,"column":133}},"47":{"start":{"line":307,"column":17},"end":{"line":310,"column":12}},"48":{"start":{"line":312,"column":4},"end":{"line":312,"column":49}},"49":{"start":{"line":312,"column":27},"end":{"line":312,"column":47}},"50":{"start":{"line":316,"column":16},"end":{"line":316,"column":74}},"51":{"start":{"line":317,"column":4},"end":{"line":317,"column":31}},"52":{"start":{"line":317,"column":14},"end":{"line":317,"column":31}},"53":{"start":{"line":318,"column":4},"end":{"line":318,"column":32}},"54":{"start":{"line":322,"column":15},"end":{"line":322,"column":23}},"55":{"start":{"line":323,"column":16},"end":{"line":323,"column":40}},"56":{"start":{"line":325,"column":23},"end":{"line":356,"column":6}},"57":{"start":{"line":358,"column":4},"end":{"line":389,"column":13}},"58":{"start":{"line":392,"column":4},"end":{"line":394,"column":5}},"59":{"start":{"line":393,"column":6},"end":{"line":393,"column":74}},"60":{"start":{"line":396,"column":4},"end":{"line":396,"column":16}},"61":{"start":{"line":400,"column":21},"end":{"line":400,"column":47}},"62":{"start":{"line":401,"column":4},"end":{"line":401,"column":36}},"63":{"start":{"line":401,"column":19},"end":{"line":401,"column":36}},"64":{"start":{"line":403,"column":22},"end":{"line":403,"column":46}},"65":{"start":{"line":405,"column":4},"end":{"line":434,"column":37}},"66":{"start":{"line":437,"column":4},"end":{"line":439,"column":5}},"67":{"start":{"line":438,"column":6},"end":{"line":438,"column":69}},"68":{"start":{"line":441,"column":4},"end":{"line":451,"column":6}},"69":{"start":{"line":455,"column":17},"end":{"line":457,"column":12}},"70":{"start":{"line":458,"column":4},"end":{"line":458,"column":44}},"71":{"start":{"line":458,"column":27},"end":{"line":458,"column":44}},"72":{"start":{"line":459,"column":4},"end":{"line":459,"column":36}},"73":{"start":{"line":463,"column":4},"end":{"line":481,"column":6}},"74":{"start":{"line":485,"column":19},"end":{"line":485,"column":70}},"75":{"start":{"line":486,"column":4},"end":{"line":486,"column":30}},"76":{"start":{"line":492,"column":17},"end":{"line":492,"column":82}},"77":{"start":{"line":493,"column":4},"end":{"line":493,"column":49}},"78":{"start":{"line":493,"column":27},"end":{"line":493,"column":47}},"79":{"start":{"line":497,"column":16},"end":{"line":497,"column":74}},"80":{"start":{"line":498,"column":4},"end":{"line":498,"column":31}},"81":{"start":{"line":498,"column":14},"end":{"line":498,"column":31}},"82":{"start":{"line":499,"column":4},"end":{"line":499,"column":32}},"83":{"start":{"line":503,"column":16},"end":{"line":503,"column":80}},"84":{"start":{"line":504,"column":4},"end":{"line":504,"column":31}},"85":{"start":{"line":504,"column":14},"end":{"line":504,"column":31}},"86":{"start":{"line":505,"column":4},"end":{"line":505,"column":32}},"87":{"start":{"line":509,"column":16},"end":{"line":509,"column":86}},"88":{"start":{"line":510,"column":4},"end":{"line":510,"column":31}},"89":{"start":{"line":510,"column":14},"end":{"line":510,"column":31}},"90":{"start":{"line":511,"column":4},"end":{"line":511,"column":32}},"91":{"start":{"line":515,"column":4},"end":{"line":520,"column":6}},"92":{"start":{"line":524,"column":15},"end":{"line":524,"column":23}},"93":{"start":{"line":525,"column":16},"end":{"line":525,"column":40}},"94":{"start":{"line":526,"column":25},"end":{"line":526,"column":62}},"95":{"start":{"line":528,"column":23},"end":{"line":538,"column":6}},"96":{"start":{"line":540,"column":4},"end":{"line":550,"column":13}},"97":{"start":{"line":552,"column":4},"end":{"line":552,"column":16}},"98":{"start":{"line":556,"column":21},"end":{"line":556,"column":47}},"99":{"start":{"line":557,"column":4},"end":{"line":557,"column":36}},"100":{"start":{"line":557,"column":19},"end":{"line":557,"column":36}},"101":{"start":{"line":559,"column":22},"end":{"line":559,"column":46}},"102":{"start":{"line":560,"column":26},"end":{"line":560,"column":64}},"103":{"start":{"line":562,"column":4},"end":{"line":569,"column":37}},"104":{"start":{"line":571,"column":4},"end":{"line":571,"column":19}},"105":{"start":{"line":575,"column":22},"end":{"line":575,"column":46}},"106":{"start":{"line":576,"column":19},"end":{"line":579,"column":36}},"107":{"start":{"line":580,"column":4},"end":{"line":580,"column":30}},"108":{"start":{"line":584,"column":19},"end":{"line":584,"column":70}},"109":{"start":{"line":585,"column":4},"end":{"line":585,"column":30}},"110":{"start":{"line":591,"column":4},"end":{"line":599,"column":6}},"111":{"start":{"line":604,"column":4},"end":{"line":613,"column":5}},"112":{"start":{"line":605,"column":6},"end":{"line":608,"column":15}},"113":{"start":{"line":610,"column":6},"end":{"line":612,"column":15}},"114":{"start":{"line":614,"column":4},"end":{"line":614,"column":55}},"115":{"start":{"line":614,"column":27},"end":{"line":614,"column":53}},"116":{"start":{"line":618,"column":16},"end":{"line":618,"column":86}},"117":{"start":{"line":619,"column":4},"end":{"line":619,"column":31}},"118":{"start":{"line":619,"column":14},"end":{"line":619,"column":31}},"119":{"start":{"line":620,"column":4},"end":{"line":620,"column":38}},"120":{"start":{"line":624,"column":16},"end":{"line":626,"column":12}},"121":{"start":{"line":627,"column":4},"end":{"line":627,"column":31}},"122":{"start":{"line":627,"column":14},"end":{"line":627,"column":31}},"123":{"start":{"line":628,"column":4},"end":{"line":628,"column":38}},"124":{"start":{"line":632,"column":15},"end":{"line":632,"column":23}},"125":{"start":{"line":633,"column":16},"end":{"line":633,"column":40}},"126":{"start":{"line":635,"column":35},"end":{"line":647,"column":6}},"127":{"start":{"line":649,"column":4},"end":{"line":661,"column":13}},"128":{"start":{"line":663,"column":4},"end":{"line":663,"column":22}},"129":{"start":{"line":667,"column":21},"end":{"line":667,"column":53}},"130":{"start":{"line":668,"column":4},"end":{"line":668,"column":36}},"131":{"start":{"line":668,"column":19},"end":{"line":668,"column":36}},"132":{"start":{"line":670,"column":22},"end":{"line":670,"column":46}},"133":{"start":{"line":671,"column":32},"end":{"line":675,"column":6}},"134":{"start":{"line":677,"column":4},"end":{"line":686,"column":43}},"135":{"start":{"line":688,"column":4},"end":{"line":688,"column":19}},"136":{"start":{"line":693,"column":4},"end":{"line":695,"column":13}},"137":{"start":{"line":697,"column":4},"end":{"line":699,"column":13}},"138":{"start":{"line":703,"column":17},"end":{"line":709,"column":12}},"139":{"start":{"line":711,"column":35},"end":{"line":716,"column":6}},"140":{"start":{"line":713,"column":42},"end":{"line":713,"column":62}},"141":{"start":{"line":714,"column":41},"end":{"line":714,"column":62}},"142":{"start":{"line":718,"column":4},"end":{"line":720,"column":7}},"143":{"start":{"line":719,"column":6},"end":{"line":719,"column":97}},"144":{"start":{"line":722,"column":4},"end":{"line":722,"column":17}},"145":{"start":{"line":726,"column":22},"end":{"line":726,"column":46}},"146":{"start":{"line":727,"column":16},"end":{"line":727,"column":17}},"147":{"start":{"line":728,"column":4},"end":{"line":734,"column":5}},"148":{"start":{"line":729,"column":21},"end":{"line":732,"column":42}},"149":{"start":{"line":733,"column":6},"end":{"line":733,"column":38}},"150":{"start":{"line":733,"column":30},"end":{"line":733,"column":38}},"151":{"start":{"line":735,"column":4},"end":{"line":735,"column":17}},"152":{"start":{"line":739,"column":21},"end":{"line":739,"column":60}},"153":{"start":{"line":740,"column":4},"end":{"line":740,"column":34}},"154":{"start":{"line":740,"column":18},"end":{"line":740,"column":34}},"155":{"start":{"line":742,"column":4},"end":{"line":751,"column":7}},"156":{"start":{"line":755,"column":19},"end":{"line":755,"column":82}},"157":{"start":{"line":756,"column":4},"end":{"line":756,"column":30}},"158":{"start":{"line":762,"column":4},"end":{"line":768,"column":6}},"159":{"start":{"line":772,"column":23},"end":{"line":772,"column":25}},"160":{"start":{"line":773,"column":4},"end":{"line":773,"column":74}},"161":{"start":{"line":773,"column":25},"end":{"line":773,"column":74}},"162":{"start":{"line":774,"column":4},"end":{"line":774,"column":68}},"163":{"start":{"line":774,"column":23},"end":{"line":774,"column":68}},"164":{"start":{"line":776,"column":16},"end":{"line":779,"column":17}},"165":{"start":{"line":781,"column":4},"end":{"line":783,"column":5}},"166":{"start":{"line":782,"column":6},"end":{"line":782,"column":41}},"167":{"start":{"line":785,"column":17},"end":{"line":785,"column":28}},"168":{"start":{"line":786,"column":4},"end":{"line":786,"column":48}},"169":{"start":{"line":786,"column":27},"end":{"line":786,"column":46}},"170":{"start":{"line":790,"column":16},"end":{"line":790,"column":72}},"171":{"start":{"line":791,"column":4},"end":{"line":791,"column":31}},"172":{"start":{"line":791,"column":14},"end":{"line":791,"column":31}},"173":{"start":{"line":792,"column":4},"end":{"line":792,"column":31}},"174":{"start":{"line":796,"column":15},"end":{"line":796,"column":23}},"175":{"start":{"line":797,"column":16},"end":{"line":797,"column":40}},"176":{"start":{"line":799,"column":21},"end":{"line":811,"column":6}},"177":{"start":{"line":813,"column":4},"end":{"line":825,"column":13}},"178":{"start":{"line":827,"column":4},"end":{"line":827,"column":15}},"179":{"start":{"line":831,"column":21},"end":{"line":831,"column":46}},"180":{"start":{"line":832,"column":4},"end":{"line":832,"column":36}},"181":{"start":{"line":832,"column":19},"end":{"line":832,"column":36}},"182":{"start":{"line":834,"column":22},"end":{"line":834,"column":46}},"183":{"start":{"line":835,"column":25},"end":{"line":835,"column":63}},"184":{"start":{"line":837,"column":4},"end":{"line":845,"column":36}},"185":{"start":{"line":847,"column":4},"end":{"line":847,"column":19}},"186":{"start":{"line":851,"column":16},"end":{"line":855,"column":12}},"187":{"start":{"line":856,"column":4},"end":{"line":856,"column":31}},"188":{"start":{"line":856,"column":14},"end":{"line":856,"column":31}},"189":{"start":{"line":857,"column":4},"end":{"line":857,"column":31}},"190":{"start":{"line":863,"column":15},"end":{"line":863,"column":23}},"191":{"start":{"line":864,"column":22},"end":{"line":864,"column":46}},"192":{"start":{"line":866,"column":33},"end":{"line":875,"column":6}},"193":{"start":{"line":877,"column":4},"end":{"line":886,"column":13}},"194":{"start":{"line":888,"column":4},"end":{"line":888,"column":17}},"195":{"start":{"line":892,"column":23},"end":{"line":892,"column":25}},"196":{"start":{"line":893,"column":4},"end":{"line":893,"column":74}},"197":{"start":{"line":893,"column":22},"end":{"line":893,"column":74}},"198":{"start":{"line":894,"column":4},"end":{"line":894,"column":74}},"199":{"start":{"line":894,"column":22},"end":{"line":894,"column":74}},"200":{"start":{"line":895,"column":4},"end":{"line":895,"column":74}},"201":{"start":{"line":895,"column":22},"end":{"line":895,"column":74}},"202":{"start":{"line":896,"column":4},"end":{"line":896,"column":80}},"203":{"start":{"line":896,"column":24},"end":{"line":896,"column":80}},"204":{"start":{"line":898,"column":24},"end":{"line":898,"column":78}},"205":{"start":{"line":900,"column":24},"end":{"line":900,"column":99}},"206":{"start":{"line":901,"column":18},"end":{"line":901,"column":41}},"207":{"start":{"line":903,"column":31},"end":{"line":903,"column":76}},"208":{"start":{"line":904,"column":20},"end":{"line":904,"column":106}},"209":{"start":{"line":905,"column":20},"end":{"line":905,"column":66}},"210":{"start":{"line":907,"column":18},"end":{"line":907,"column":35}},"211":{"start":{"line":909,"column":18},"end":{"line":913,"column":17}},"212":{"start":{"line":915,"column":4},"end":{"line":917,"column":5}},"213":{"start":{"line":916,"column":6},"end":{"line":916,"column":45}},"214":{"start":{"line":919,"column":17},"end":{"line":919,"column":30}},"215":{"start":{"line":920,"column":37},"end":{"line":923,"column":7}},"216":{"start":{"line":920,"column":54},"end":{"line":923,"column":6}},"217":{"start":{"line":925,"column":4},"end":{"line":925,"column":30}},"218":{"start":{"line":929,"column":17},"end":{"line":932,"column":12}},"219":{"start":{"line":933,"column":4},"end":{"line":933,"column":35}},"220":{"start":{"line":933,"column":25},"end":{"line":933,"column":33}},"221":{"start":{"line":937,"column":19},"end":{"line":937,"column":78}},"222":{"start":{"line":938,"column":4},"end":{"line":938,"column":30}},"223":{"start":{"line":942,"column":4},"end":{"line":942,"column":35}},"224":{"start":{"line":942,"column":26},"end":{"line":942,"column":35}},"225":{"start":{"line":943,"column":19},"end":{"line":943,"column":84}},"226":{"start":{"line":944,"column":4},"end":{"line":944,"column":26}},"227":{"start":{"line":948,"column":23},"end":{"line":948,"column":56}},"228":{"start":{"line":949,"column":4},"end":{"line":949,"column":79}},"229":{"start":{"line":949,"column":25},"end":{"line":949,"column":79}},"230":{"start":{"line":950,"column":4},"end":{"line":950,"column":79}},"231":{"start":{"line":950,"column":25},"end":{"line":950,"column":79}},"232":{"start":{"line":951,"column":4},"end":{"line":951,"column":79}},"233":{"start":{"line":951,"column":25},"end":{"line":951,"column":79}},"234":{"start":{"line":953,"column":19},"end":{"line":953,"column":76}},"235":{"start":{"line":954,"column":4},"end":{"line":954,"column":26}},"236":{"start":{"line":958,"column":23},"end":{"line":958,"column":25}},"237":{"start":{"line":959,"column":4},"end":{"line":959,"column":79}},"238":{"start":{"line":959,"column":25},"end":{"line":959,"column":79}},"239":{"start":{"line":960,"column":4},"end":{"line":960,"column":79}},"240":{"start":{"line":960,"column":25},"end":{"line":960,"column":79}},"241":{"start":{"line":961,"column":4},"end":{"line":961,"column":79}},"242":{"start":{"line":961,"column":25},"end":{"line":961,"column":79}},"243":{"start":{"line":962,"column":4},"end":{"line":962,"column":82}},"244":{"start":{"line":962,"column":25},"end":{"line":962,"column":82}},"245":{"start":{"line":963,"column":4},"end":{"line":966,"column":5}},"246":{"start":{"line":965,"column":6},"end":{"line":965,"column":70}},"247":{"start":{"line":968,"column":24},"end":{"line":968,"column":78}},"248":{"start":{"line":969,"column":17},"end":{"line":972,"column":12}},"249":{"start":{"line":974,"column":4},"end":{"line":977,"column":8}},"250":{"start":{"line":974,"column":28},"end":{"line":977,"column":6}},"251":{"start":{"line":983,"column":4},"end":{"line":995,"column":6}},"252":{"start":{"line":999,"column":23},"end":{"line":999,"column":25}},"253":{"start":{"line":1000,"column":4},"end":{"line":1000,"column":88}},"254":{"start":{"line":1000,"column":25},"end":{"line":1000,"column":88}},"255":{"start":{"line":1001,"column":4},"end":{"line":1001,"column":88}},"256":{"start":{"line":1001,"column":25},"end":{"line":1001,"column":88}},"257":{"start":{"line":1002,"column":4},"end":{"line":1002,"column":88}},"258":{"start":{"line":1002,"column":25},"end":{"line":1002,"column":88}},"259":{"start":{"line":1004,"column":17},"end":{"line":1007,"column":12}},"260":{"start":{"line":1009,"column":4},"end":{"line":1009,"column":62}},"261":{"start":{"line":1009,"column":27},"end":{"line":1009,"column":60}},"262":{"start":{"line":1013,"column":16},"end":{"line":1013,"column":100}},"263":{"start":{"line":1014,"column":4},"end":{"line":1014,"column":31}},"264":{"start":{"line":1014,"column":14},"end":{"line":1014,"column":31}},"265":{"start":{"line":1015,"column":4},"end":{"line":1015,"column":45}},"266":{"start":{"line":1019,"column":15},"end":{"line":1019,"column":23}},"267":{"start":{"line":1020,"column":16},"end":{"line":1020,"column":40}},"268":{"start":{"line":1022,"column":42},"end":{"line":1042,"column":6}},"269":{"start":{"line":1044,"column":4},"end":{"line":1064,"column":13}},"270":{"start":{"line":1066,"column":4},"end":{"line":1066,"column":22}},"271":{"start":{"line":1070,"column":21},"end":{"line":1070,"column":60}},"272":{"start":{"line":1071,"column":4},"end":{"line":1071,"column":36}},"273":{"start":{"line":1071,"column":19},"end":{"line":1071,"column":36}},"274":{"start":{"line":1073,"column":22},"end":{"line":1073,"column":46}},"275":{"start":{"line":1074,"column":39},"end":{"line":1074,"column":77}},"276":{"start":{"line":1076,"column":4},"end":{"line":1093,"column":50}},"277":{"start":{"line":1095,"column":4},"end":{"line":1095,"column":19}},"278":{"start":{"line":1099,"column":19},"end":{"line":1099,"column":96}},"279":{"start":{"line":1100,"column":4},"end":{"line":1100,"column":30}},"280":{"start":{"line":1104,"column":17},"end":{"line":1106,"column":12}},"281":{"start":{"line":1108,"column":18},"end":{"line":1108,"column":29}},"282":{"start":{"line":1109,"column":21},"end":{"line":1109,"column":69}},"283":{"start":{"line":1109,"column":38},"end":{"line":1109,"column":61}},"284":{"start":{"line":1110,"column":20},"end":{"line":1110,"column":36}},"285":{"start":{"line":1111,"column":22},"end":{"line":1111,"column":62}},"286":{"start":{"line":1111,"column":46},"end":{"line":1111,"column":58}},"287":{"start":{"line":1114,"column":26},"end":{"line":1114,"column":84}},"288":{"start":{"line":1114,"column":43},"end":{"line":1114,"column":83}},"289":{"start":{"line":1115,"column":43},"end":{"line":1115,"column":47}},"290":{"start":{"line":1116,"column":4},"end":{"line":1123,"column":5}},"291":{"start":{"line":1117,"column":24},"end":{"line":1121,"column":11}},"292":{"start":{"line":1118,"column":26},"end":{"line":1118,"column":59}},"293":{"start":{"line":1119,"column":26},"end":{"line":1119,"column":60}},"294":{"start":{"line":1120,"column":8},"end":{"line":1120,"column":69}},"295":{"start":{"line":1122,"column":6},"end":{"line":1122,"column":83}},"296":{"start":{"line":1126,"column":23},"end":{"line":1126,"column":65}},"297":{"start":{"line":1126,"column":49},"end":{"line":1126,"column":64}},"298":{"start":{"line":1127,"column":34},"end":{"line":1127,"column":38}},"299":{"start":{"line":1128,"column":4},"end":{"line":1131,"column":5}},"300":{"start":{"line":1129,"column":25},"end":{"line":1129,"column":85}},"301":{"start":{"line":1129,"column":55},"end":{"line":1129,"column":81}},"302":{"start":{"line":1130,"column":6},"end":{"line":1130,"column":72}},"303":{"start":{"line":1133,"column":4},"end":{"line":1133,"column":98}},"304":{"start":{"line":1139,"column":16},"end":{"line":1139,"column":84}},"305":{"start":{"line":1140,"column":4},"end":{"line":1140,"column":26}},"306":{"start":{"line":1140,"column":14},"end":{"line":1140,"column":26}},"307":{"start":{"line":1141,"column":4},"end":{"line":1141,"column":60}},"308":{"start":{"line":1146,"column":4},"end":{"line":1146,"column":66}},"309":{"start":{"line":1147,"column":4},"end":{"line":1153,"column":13}},"310":{"start":{"line":1157,"column":19},"end":{"line":1157,"column":87}},"311":{"start":{"line":1158,"column":4},"end":{"line":1158,"column":26}},"312":{"start":{"line":1164,"column":21},"end":{"line":1164,"column":29}},"313":{"start":{"line":1165,"column":16},"end":{"line":1165,"column":40}},"314":{"start":{"line":1167,"column":4},"end":{"line":1179,"column":13}},"315":{"start":{"line":1181,"column":37},"end":{"line":1181,"column":39}},"316":{"start":{"line":1182,"column":4},"end":{"line":1197,"column":5}},"317":{"start":{"line":1183,"column":23},"end":{"line":1183,"column":31}},"318":{"start":{"line":1184,"column":6},"end":{"line":1195,"column":15}},"319":{"start":{"line":1196,"column":6},"end":{"line":1196,"column":30}},"320":{"start":{"line":1200,"column":22},"end":{"line":1200,"column":74}},"321":{"start":{"line":1201,"column":4},"end":{"line":1210,"column":5}},"322":{"start":{"line":1202,"column":24},"end":{"line":1202,"column":48}},"323":{"start":{"line":1203,"column":6},"end":{"line":1206,"column":43}},"324":{"start":{"line":1209,"column":6},"end":{"line":1209,"column":78}},"325":{"start":{"line":1212,"column":4},"end":{"line":1225,"column":6}},"326":{"start":{"line":1229,"column":22},"end":{"line":1233,"column":12}},"327":{"start":{"line":1235,"column":4},"end":{"line":1235,"column":37}},"328":{"start":{"line":1235,"column":20},"end":{"line":1235,"column":37}},"329":{"start":{"line":1237,"column":23},"end":{"line":1239,"column":12}},"330":{"start":{"line":1241,"column":4},"end":{"line":1241,"column":56}},"331":{"start":{"line":1245,"column":23},"end":{"line":1249,"column":12}},"332":{"start":{"line":1251,"column":40},"end":{"line":1251,"column":42}},"333":{"start":{"line":1252,"column":4},"end":{"line":1257,"column":5}},"334":{"start":{"line":1253,"column":25},"end":{"line":1255,"column":14}},"335":{"start":{"line":1256,"column":6},"end":{"line":1256,"column":65}},"336":{"start":{"line":1259,"column":4},"end":{"line":1259,"column":19}},"337":{"start":{"line":1264,"column":17},"end":{"line":1275,"column":12}},"338":{"start":{"line":1278,"column":17},"end":{"line":1278,"column":34}},"339":{"start":{"line":1279,"column":80},"end":{"line":1279,"column":82}},"340":{"start":{"line":1280,"column":4},"end":{"line":1290,"column":5}},"341":{"start":{"line":1281,"column":6},"end":{"line":1281,"column":41}},"342":{"start":{"line":1281,"column":32},"end":{"line":1281,"column":41}},"343":{"start":{"line":1282,"column":6},"end":{"line":1282,"column":27}},"344":{"start":{"line":1283,"column":6},"end":{"line":1289,"column":38}},"345":{"start":{"line":1284,"column":20},"end":{"line":1284,"column":62}},"346":{"start":{"line":1285,"column":8},"end":{"line":1288,"column":9}},"347":{"start":{"line":1286,"column":25},"end":{"line":1286,"column":118}},"348":{"start":{"line":1287,"column":10},"end":{"line":1287,"column":83}},"349":{"start":{"line":1291,"column":4},"end":{"line":1291,"column":19}},"350":{"start":{"line":1295,"column":19},"end":{"line":1297,"column":12}},"351":{"start":{"line":1298,"column":4},"end":{"line":1298,"column":26}},"352":{"start":{"line":1305,"column":41},"end":{"line":1305,"column":45}},"353":{"start":{"line":1306,"column":4},"end":{"line":1308,"column":5}},"354":{"start":{"line":1307,"column":6},"end":{"line":1307,"column":89}},"355":{"start":{"line":1307,"column":12},"end":{"line":1307,"column":64}},"356":{"start":{"line":1309,"column":4},"end":{"line":1330,"column":6}},"357":{"start":{"line":1313,"column":36},"end":{"line":1321,"column":8}},"358":{"start":{"line":1336,"column":15},"end":{"line":1336,"column":23}},"359":{"start":{"line":1337,"column":16},"end":{"line":1337,"column":40}},"360":{"start":{"line":1339,"column":4},"end":{"line":1352,"column":13}},"361":{"start":{"line":1360,"column":16},"end":{"line":1368,"column":12}},"362":{"start":{"line":1370,"column":4},"end":{"line":1370,"column":26}},"363":{"start":{"line":1370,"column":14},"end":{"line":1370,"column":26}},"364":{"start":{"line":1372,"column":4},"end":{"line":1382,"column":6}},"365":{"start":{"line":1386,"column":17},"end":{"line":1390,"column":12}},"366":{"start":{"line":1392,"column":4},"end":{"line":1402,"column":8}},"367":{"start":{"line":1392,"column":28},"end":{"line":1402,"column":6}},"368":{"start":{"line":1408,"column":15},"end":{"line":1408,"column":23}},"369":{"start":{"line":1409,"column":16},"end":{"line":1409,"column":40}},"370":{"start":{"line":1411,"column":4},"end":{"line":1418,"column":13}},"371":{"start":{"line":1436,"column":17},"end":{"line":1457,"column":6}},"372":{"start":{"line":1459,"column":17},"end":{"line":1459,"column":null}},"373":{"start":{"line":1473,"column":4},"end":{"line":1476,"column":8}},"374":{"start":{"line":1473,"column":28},"end":{"line":1476,"column":6}},"375":{"start":{"line":1481,"column":20},"end":{"line":1483,"column":12}},"376":{"start":{"line":1485,"column":16},"end":{"line":1485,"column":17}},"377":{"start":{"line":1486,"column":17},"end":{"line":1486,"column":34}},"378":{"start":{"line":1488,"column":4},"end":{"line":1509,"column":5}},"379":{"start":{"line":1489,"column":20},"end":{"line":1489,"column":72}},"380":{"start":{"line":1490,"column":6},"end":{"line":1490,"column":58}},"381":{"start":{"line":1490,"column":49},"end":{"line":1490,"column":58}},"382":{"start":{"line":1492,"column":18},"end":{"line":1492,"column":58}},"383":{"start":{"line":1493,"column":6},"end":{"line":1493,"column":34}},"384":{"start":{"line":1493,"column":25},"end":{"line":1493,"column":34}},"385":{"start":{"line":1494,"column":6},"end":{"line":1494,"column":20}},"386":{"start":{"line":1497,"column":23},"end":{"line":1503,"column":14}},"387":{"start":{"line":1505,"column":6},"end":{"line":1505,"column":29}},"388":{"start":{"line":1505,"column":20},"end":{"line":1505,"column":29}},"389":{"start":{"line":1507,"column":6},"end":{"line":1507,"column":81}},"390":{"start":{"line":1508,"column":6},"end":{"line":1508,"column":14}},"391":{"start":{"line":1511,"column":4},"end":{"line":1511,"column":17}},"392":{"start":{"line":1517,"column":16},"end":{"line":1523,"column":12}},"393":{"start":{"line":1525,"column":4},"end":{"line":1525,"column":31}},"394":{"start":{"line":1525,"column":14},"end":{"line":1525,"column":31}},"395":{"start":{"line":1527,"column":4},"end":{"line":1531,"column":6}},"396":{"start":{"line":1535,"column":16},"end":{"line":1535,"column":40}},"397":{"start":{"line":1538,"column":21},"end":{"line":1544,"column":12}},"398":{"start":{"line":1546,"column":4},"end":{"line":1568,"column":5}},"399":{"start":{"line":1547,"column":6},"end":{"line":1555,"column":58}},"400":{"start":{"line":1557,"column":6},"end":{"line":1567,"column":8}},"401":{"start":{"line":1570,"column":15},"end":{"line":1570,"column":23}},"402":{"start":{"line":1571,"column":35},"end":{"line":1584,"column":6}},"403":{"start":{"line":1586,"column":4},"end":{"line":1599,"column":13}},"404":{"start":{"line":1601,"column":4},"end":{"line":1601,"column":15}},"405":{"start":{"line":1605,"column":16},"end":{"line":1605,"column":40}},"406":{"start":{"line":1606,"column":19},"end":{"line":1613,"column":12}},"407":{"start":{"line":1615,"column":4},"end":{"line":1615,"column":30}},"408":{"start":{"line":1619,"column":16},"end":{"line":1619,"column":40}},"409":{"start":{"line":1620,"column":4},"end":{"line":1624,"column":47}},"410":{"start":{"line":1630,"column":4},"end":{"line":1630,"column":24}},"411":{"start":{"line":1631,"column":4},"end":{"line":1631,"column":29}},"412":{"start":{"line":1635,"column":0},"end":{"line":1635,"column":24}}},"fnMap":{"0":{"name":"(anonymous_10)","decl":{"start":{"line":230,"column":2},"end":{"line":230,"column":14}},"loc":{"start":{"line":230,"column":41},"end":{"line":251,"column":3}}},"1":{"name":"(anonymous_11)","decl":{"start":{"line":257,"column":10},"end":{"line":257,"column":32}},"loc":{"start":{"line":257,"column":32},"end":{"line":293,"column":3}}},"2":{"name":"(anonymous_12)","decl":{"start":{"line":295,"column":9},"end":{"line":295,"column":14}},"loc":{"start":{"line":295,"column":24},"end":{"line":297,"column":3}}},"3":{"name":"(anonymous_13)","decl":{"start":{"line":301,"column":9},"end":{"line":301,"column":14}},"loc":{"start":{"line":301,"column":104},"end":{"line":313,"column":3}}},"4":{"name":"(anonymous_14)","decl":{"start":{"line":312,"column":20},"end":{"line":312,"column":23}},"loc":{"start":{"line":312,"column":27},"end":{"line":312,"column":47}}},"5":{"name":"(anonymous_15)","decl":{"start":{"line":315,"column":9},"end":{"line":315,"column":14}},"loc":{"start":{"line":315,"column":37},"end":{"line":319,"column":3}}},"6":{"name":"(anonymous_16)","decl":{"start":{"line":321,"column":9},"end":{"line":321,"column":14}},"loc":{"start":{"line":321,"column":46},"end":{"line":397,"column":3}}},"7":{"name":"(anonymous_17)","decl":{"start":{"line":399,"column":9},"end":{"line":399,"column":14}},"loc":{"start":{"line":399,"column":58},"end":{"line":452,"column":3}}},"8":{"name":"(anonymous_18)","decl":{"start":{"line":454,"column":9},"end":{"line":454,"column":14}},"loc":{"start":{"line":454,"column":51},"end":{"line":460,"column":3}}},"9":{"name":"(anonymous_19)","decl":{"start":{"line":462,"column":10},"end":{"line":462,"column":20}},"loc":{"start":{"line":462,"column":51},"end":{"line":482,"column":3}}},"10":{"name":"(anonymous_20)","decl":{"start":{"line":484,"column":9},"end":{"line":484,"column":14}},"loc":{"start":{"line":484,"column":36},"end":{"line":487,"column":3}}},"11":{"name":"(anonymous_21)","decl":{"start":{"line":491,"column":9},"end":{"line":491,"column":14}},"loc":{"start":{"line":491,"column":26},"end":{"line":494,"column":3}}},"12":{"name":"(anonymous_22)","decl":{"start":{"line":493,"column":20},"end":{"line":493,"column":23}},"loc":{"start":{"line":493,"column":27},"end":{"line":493,"column":47}}},"13":{"name":"(anonymous_23)","decl":{"start":{"line":496,"column":9},"end":{"line":496,"column":14}},"loc":{"start":{"line":496,"column":37},"end":{"line":500,"column":3}}},"14":{"name":"(anonymous_24)","decl":{"start":{"line":502,"column":9},"end":{"line":502,"column":14}},"loc":{"start":{"line":502,"column":43},"end":{"line":506,"column":3}}},"15":{"name":"(anonymous_25)","decl":{"start":{"line":508,"column":9},"end":{"line":508,"column":14}},"loc":{"start":{"line":508,"column":49},"end":{"line":512,"column":3}}},"16":{"name":"(anonymous_26)","decl":{"start":{"line":514,"column":10},"end":{"line":514,"column":20}},"loc":{"start":{"line":514,"column":51},"end":{"line":521,"column":3}}},"17":{"name":"(anonymous_27)","decl":{"start":{"line":523,"column":9},"end":{"line":523,"column":14}},"loc":{"start":{"line":523,"column":42},"end":{"line":553,"column":3}}},"18":{"name":"(anonymous_28)","decl":{"start":{"line":555,"column":9},"end":{"line":555,"column":14}},"loc":{"start":{"line":555,"column":127},"end":{"line":572,"column":3}}},"19":{"name":"(anonymous_29)","decl":{"start":{"line":574,"column":9},"end":{"line":574,"column":14}},"loc":{"start":{"line":574,"column":69},"end":{"line":581,"column":3}}},"20":{"name":"(anonymous_30)","decl":{"start":{"line":583,"column":9},"end":{"line":583,"column":14}},"loc":{"start":{"line":583,"column":36},"end":{"line":586,"column":3}}},"21":{"name":"(anonymous_31)","decl":{"start":{"line":590,"column":10},"end":{"line":590,"column":26}},"loc":{"start":{"line":590,"column":63},"end":{"line":600,"column":3}}},"22":{"name":"(anonymous_32)","decl":{"start":{"line":602,"column":9},"end":{"line":602,"column":14}},"loc":{"start":{"line":602,"column":48},"end":{"line":615,"column":3}}},"23":{"name":"(anonymous_33)","decl":{"start":{"line":614,"column":20},"end":{"line":614,"column":23}},"loc":{"start":{"line":614,"column":27},"end":{"line":614,"column":53}}},"24":{"name":"(anonymous_34)","decl":{"start":{"line":617,"column":9},"end":{"line":617,"column":14}},"loc":{"start":{"line":617,"column":43},"end":{"line":621,"column":3}}},"25":{"name":"(anonymous_35)","decl":{"start":{"line":623,"column":9},"end":{"line":623,"column":14}},"loc":{"start":{"line":623,"column":50},"end":{"line":629,"column":3}}},"26":{"name":"(anonymous_36)","decl":{"start":{"line":631,"column":9},"end":{"line":631,"column":14}},"loc":{"start":{"line":631,"column":54},"end":{"line":664,"column":3}}},"27":{"name":"(anonymous_37)","decl":{"start":{"line":666,"column":9},"end":{"line":666,"column":14}},"loc":{"start":{"line":666,"column":109},"end":{"line":689,"column":3}}},"28":{"name":"(anonymous_38)","decl":{"start":{"line":691,"column":9},"end":{"line":691,"column":14}},"loc":{"start":{"line":691,"column":74},"end":{"line":700,"column":3}}},"29":{"name":"(anonymous_39)","decl":{"start":{"line":702,"column":9},"end":{"line":702,"column":14}},"loc":{"start":{"line":702,"column":54},"end":{"line":723,"column":3}}},"30":{"name":"(anonymous_40)","decl":{"start":{"line":713,"column":30},"end":{"line":713,"column":31}},"loc":{"start":{"line":713,"column":42},"end":{"line":713,"column":62}}},"31":{"name":"(anonymous_41)","decl":{"start":{"line":714,"column":29},"end":{"line":714,"column":30}},"loc":{"start":{"line":714,"column":41},"end":{"line":714,"column":62}}},"32":{"name":"(anonymous_42)","decl":{"start":{"line":718,"column":17},"end":{"line":718,"column":21}},"loc":{"start":{"line":718,"column":24},"end":{"line":720,"column":5}}},"33":{"name":"(anonymous_43)","decl":{"start":{"line":725,"column":9},"end":{"line":725,"column":14}},"loc":{"start":{"line":725,"column":82},"end":{"line":736,"column":3}}},"34":{"name":"(anonymous_44)","decl":{"start":{"line":738,"column":9},"end":{"line":738,"column":14}},"loc":{"start":{"line":738,"column":55},"end":{"line":752,"column":3}}},"35":{"name":"(anonymous_45)","decl":{"start":{"line":754,"column":9},"end":{"line":754,"column":14}},"loc":{"start":{"line":754,"column":42},"end":{"line":757,"column":3}}},"36":{"name":"(anonymous_46)","decl":{"start":{"line":761,"column":10},"end":{"line":761,"column":19}},"loc":{"start":{"line":761,"column":49},"end":{"line":769,"column":3}}},"37":{"name":"(anonymous_47)","decl":{"start":{"line":771,"column":9},"end":{"line":771,"column":14}},"loc":{"start":{"line":771,"column":89},"end":{"line":787,"column":3}}},"38":{"name":"(anonymous_48)","decl":{"start":{"line":786,"column":20},"end":{"line":786,"column":23}},"loc":{"start":{"line":786,"column":27},"end":{"line":786,"column":46}}},"39":{"name":"(anonymous_49)","decl":{"start":{"line":789,"column":9},"end":{"line":789,"column":14}},"loc":{"start":{"line":789,"column":36},"end":{"line":793,"column":3}}},"40":{"name":"(anonymous_50)","decl":{"start":{"line":795,"column":9},"end":{"line":795,"column":14}},"loc":{"start":{"line":795,"column":40},"end":{"line":828,"column":3}}},"41":{"name":"(anonymous_51)","decl":{"start":{"line":830,"column":9},"end":{"line":830,"column":14}},"loc":{"start":{"line":830,"column":142},"end":{"line":848,"column":3}}},"42":{"name":"(anonymous_52)","decl":{"start":{"line":850,"column":9},"end":{"line":850,"column":14}},"loc":{"start":{"line":850,"column":32},"end":{"line":858,"column":3}}},"43":{"name":"(anonymous_53)","decl":{"start":{"line":862,"column":9},"end":{"line":862,"column":14}},"loc":{"start":{"line":862,"column":50},"end":{"line":889,"column":3}}},"44":{"name":"(anonymous_54)","decl":{"start":{"line":891,"column":9},"end":{"line":891,"column":14}},"loc":{"start":{"line":891,"column":50},"end":{"line":926,"column":3}}},"45":{"name":"(anonymous_55)","decl":{"start":{"line":920,"column":46},"end":{"line":920,"column":49}},"loc":{"start":{"line":920,"column":54},"end":{"line":923,"column":6}}},"46":{"name":"(anonymous_56)","decl":{"start":{"line":928,"column":9},"end":{"line":928,"column":14}},"loc":{"start":{"line":928,"column":38},"end":{"line":934,"column":3}}},"47":{"name":"(anonymous_57)","decl":{"start":{"line":933,"column":20},"end":{"line":933,"column":21}},"loc":{"start":{"line":933,"column":25},"end":{"line":933,"column":33}}},"48":{"name":"(anonymous_58)","decl":{"start":{"line":936,"column":9},"end":{"line":936,"column":14}},"loc":{"start":{"line":936,"column":40},"end":{"line":939,"column":3}}},"49":{"name":"(anonymous_59)","decl":{"start":{"line":941,"column":9},"end":{"line":941,"column":14}},"loc":{"start":{"line":941,"column":44},"end":{"line":945,"column":3}}},"50":{"name":"(anonymous_60)","decl":{"start":{"line":947,"column":9},"end":{"line":947,"column":14}},"loc":{"start":{"line":947,"column":109},"end":{"line":955,"column":3}}},"51":{"name":"(anonymous_61)","decl":{"start":{"line":957,"column":9},"end":{"line":957,"column":14}},"loc":{"start":{"line":957,"column":127},"end":{"line":978,"column":3}}},"52":{"name":"(anonymous_62)","decl":{"start":{"line":974,"column":20},"end":{"line":974,"column":23}},"loc":{"start":{"line":974,"column":28},"end":{"line":977,"column":6}}},"53":{"name":"(anonymous_63)","decl":{"start":{"line":982,"column":10},"end":{"line":982,"column":33}},"loc":{"start":{"line":982,"column":77},"end":{"line":996,"column":3}}},"54":{"name":"(anonymous_64)","decl":{"start":{"line":998,"column":9},"end":{"line":998,"column":14}},"loc":{"start":{"line":998,"column":110},"end":{"line":1010,"column":3}}},"55":{"name":"(anonymous_65)","decl":{"start":{"line":1009,"column":20},"end":{"line":1009,"column":23}},"loc":{"start":{"line":1009,"column":27},"end":{"line":1009,"column":60}}},"56":{"name":"(anonymous_66)","decl":{"start":{"line":1012,"column":9},"end":{"line":1012,"column":14}},"loc":{"start":{"line":1012,"column":50},"end":{"line":1016,"column":3}}},"57":{"name":"(anonymous_67)","decl":{"start":{"line":1018,"column":9},"end":{"line":1018,"column":14}},"loc":{"start":{"line":1018,"column":84},"end":{"line":1067,"column":3}}},"58":{"name":"(anonymous_68)","decl":{"start":{"line":1069,"column":9},"end":{"line":1069,"column":14}},"loc":{"start":{"line":1069,"column":123},"end":{"line":1096,"column":3}}},"59":{"name":"(anonymous_69)","decl":{"start":{"line":1098,"column":9},"end":{"line":1098,"column":14}},"loc":{"start":{"line":1098,"column":49},"end":{"line":1101,"column":3}}},"60":{"name":"(anonymous_70)","decl":{"start":{"line":1103,"column":9},"end":{"line":1103,"column":14}},"loc":{"start":{"line":1103,"column":45},"end":{"line":1134,"column":3}}},"61":{"name":"(anonymous_71)","decl":{"start":{"line":1109,"column":33},"end":{"line":1109,"column":34}},"loc":{"start":{"line":1109,"column":38},"end":{"line":1109,"column":61}}},"62":{"name":"(anonymous_72)","decl":{"start":{"line":1111,"column":34},"end":{"line":1111,"column":35}},"loc":{"start":{"line":1111,"column":46},"end":{"line":1111,"column":58}}},"63":{"name":"(anonymous_73)","decl":{"start":{"line":1114,"column":38},"end":{"line":1114,"column":39}},"loc":{"start":{"line":1114,"column":43},"end":{"line":1114,"column":83}}},"64":{"name":"(anonymous_74)","decl":{"start":{"line":1117,"column":45},"end":{"line":1117,"column":46}},"loc":{"start":{"line":1117,"column":56},"end":{"line":1121,"column":7}}},"65":{"name":"(anonymous_75)","decl":{"start":{"line":1126,"column":44},"end":{"line":1126,"column":45}},"loc":{"start":{"line":1126,"column":49},"end":{"line":1126,"column":64}}},"66":{"name":"(anonymous_76)","decl":{"start":{"line":1129,"column":43},"end":{"line":1129,"column":44}},"loc":{"start":{"line":1129,"column":55},"end":{"line":1129,"column":81}}},"67":{"name":"(anonymous_77)","decl":{"start":{"line":1138,"column":9},"end":{"line":1138,"column":21}},"loc":{"start":{"line":1138,"column":33},"end":{"line":1142,"column":3}}},"68":{"name":"(anonymous_78)","decl":{"start":{"line":1144,"column":9},"end":{"line":1144,"column":21}},"loc":{"start":{"line":1144,"column":120},"end":{"line":1154,"column":3}}},"69":{"name":"(anonymous_79)","decl":{"start":{"line":1156,"column":9},"end":{"line":1156,"column":23}},"loc":{"start":{"line":1156,"column":35},"end":{"line":1159,"column":3}}},"70":{"name":"(anonymous_80)","decl":{"start":{"line":1163,"column":9},"end":{"line":1163,"column":14}},"loc":{"start":{"line":1163,"column":64},"end":{"line":1226,"column":3}}},"71":{"name":"(anonymous_81)","decl":{"start":{"line":1228,"column":9},"end":{"line":1228,"column":14}},"loc":{"start":{"line":1228,"column":49},"end":{"line":1242,"column":3}}},"72":{"name":"(anonymous_82)","decl":{"start":{"line":1244,"column":9},"end":{"line":1244,"column":14}},"loc":{"start":{"line":1244,"column":64},"end":{"line":1260,"column":3}}},"73":{"name":"(anonymous_83)","decl":{"start":{"line":1262,"column":9},"end":{"line":1262,"column":14}},"loc":{"start":{"line":1262,"column":28},"end":{"line":1292,"column":3}}},"74":{"name":"(anonymous_84)","decl":{"start":{"line":1294,"column":9},"end":{"line":1294,"column":14}},"loc":{"start":{"line":1294,"column":47},"end":{"line":1299,"column":3}}},"75":{"name":"(anonymous_85)","decl":{"start":{"line":1301,"column":10},"end":{"line":1301,"column":26}},"loc":{"start":{"line":1303,"column":55},"end":{"line":1331,"column":3}}},"76":{"name":"(anonymous_86)","decl":{"start":{"line":1313,"column":30},"end":{"line":1313,"column":31}},"loc":{"start":{"line":1313,"column":36},"end":{"line":1321,"column":8}}},"77":{"name":"(anonymous_87)","decl":{"start":{"line":1335,"column":9},"end":{"line":1335,"column":14}},"loc":{"start":{"line":1335,"column":67},"end":{"line":1353,"column":3}}},"78":{"name":"(anonymous_88)","decl":{"start":{"line":1355,"column":9},"end":{"line":1355,"column":14}},"loc":{"start":{"line":1358,"column":17},"end":{"line":1383,"column":3}}},"79":{"name":"(anonymous_89)","decl":{"start":{"line":1385,"column":9},"end":{"line":1385,"column":14}},"loc":{"start":{"line":1385,"column":63},"end":{"line":1403,"column":3}}},"80":{"name":"(anonymous_90)","decl":{"start":{"line":1392,"column":20},"end":{"line":1392,"column":23}},"loc":{"start":{"line":1392,"column":28},"end":{"line":1402,"column":6}}},"81":{"name":"(anonymous_91)","decl":{"start":{"line":1407,"column":9},"end":{"line":1407,"column":28}},"loc":{"start":{"line":1407,"column":95},"end":{"line":1419,"column":3}}},"82":{"name":"(anonymous_92)","decl":{"start":{"line":1421,"column":9},"end":{"line":1421,"column":32}},"loc":{"start":{"line":1421,"column":56},"end":{"line":1477,"column":3}}},"83":{"name":"(anonymous_93)","decl":{"start":{"line":1473,"column":20},"end":{"line":1473,"column":23}},"loc":{"start":{"line":1473,"column":28},"end":{"line":1476,"column":6}}},"84":{"name":"(anonymous_94)","decl":{"start":{"line":1479,"column":9},"end":{"line":1479,"column":31}},"loc":{"start":{"line":1479,"column":31},"end":{"line":1512,"column":3}}},"85":{"name":"(anonymous_95)","decl":{"start":{"line":1516,"column":9},"end":{"line":1516,"column":14}},"loc":{"start":{"line":1516,"column":77},"end":{"line":1532,"column":3}}},"86":{"name":"(anonymous_96)","decl":{"start":{"line":1534,"column":9},"end":{"line":1534,"column":14}},"loc":{"start":{"line":1534,"column":62},"end":{"line":1602,"column":3}}},"87":{"name":"(anonymous_97)","decl":{"start":{"line":1604,"column":9},"end":{"line":1604,"column":14}},"loc":{"start":{"line":1604,"column":84},"end":{"line":1616,"column":3}}},"88":{"name":"(anonymous_98)","decl":{"start":{"line":1618,"column":9},"end":{"line":1618,"column":14}},"loc":{"start":{"line":1618,"column":107},"end":{"line":1625,"column":3}}},"89":{"name":"(anonymous_99)","decl":{"start":{"line":1629,"column":9},"end":{"line":1629,"column":14}},"loc":{"start":{"line":1629,"column":14},"end":{"line":1632,"column":3}}}},"branchMap":{"0":{"loc":{"start":{"line":230,"column":14},"end":{"line":230,"column":41}},"type":"default-arg","locations":[{"start":{"line":230,"column":31},"end":{"line":230,"column":41}}]},"1":{"loc":{"start":{"line":236,"column":4},"end":{"line":250,"column":5}},"type":"if","locations":[{"start":{"line":236,"column":4},"end":{"line":250,"column":5}},{"start":{"line":239,"column":11},"end":{"line":250,"column":5}}]},"2":{"loc":{"start":{"line":241,"column":6},"end":{"line":248,"column":7}},"type":"if","locations":[{"start":{"line":241,"column":6},"end":{"line":248,"column":7}},{"start":{"line":246,"column":13},"end":{"line":248,"column":7}}]},"3":{"loc":{"start":{"line":262,"column":4},"end":{"line":262,"column":26}},"type":"if","locations":[{"start":{"line":262,"column":4},"end":{"line":262,"column":26}},{"start":{},"end":{}}]},"4":{"loc":{"start":{"line":277,"column":4},"end":{"line":277,"column":37}},"type":"if","locations":[{"start":{"line":277,"column":4},"end":{"line":277,"column":37}},{"start":{},"end":{}}]},"5":{"loc":{"start":{"line":303,"column":4},"end":{"line":303,"column":75}},"type":"if","locations":[{"start":{"line":303,"column":4},"end":{"line":303,"column":75}},{"start":{},"end":{}}]},"6":{"loc":{"start":{"line":304,"column":4},"end":{"line":304,"column":93}},"type":"if","locations":[{"start":{"line":304,"column":4},"end":{"line":304,"column":93}},{"start":{},"end":{}}]},"7":{"loc":{"start":{"line":305,"column":4},"end":{"line":305,"column":133}},"type":"if","locations":[{"start":{"line":305,"column":4},"end":{"line":305,"column":133}},{"start":{},"end":{}}]},"8":{"loc":{"start":{"line":308,"column":13},"end":{"line":308,"column":67}},"type":"cond-expr","locations":[{"start":{"line":308,"column":37},"end":{"line":308,"column":55}},{"start":{"line":308,"column":58},"end":{"line":308,"column":67}}]},"9":{"loc":{"start":{"line":317,"column":4},"end":{"line":317,"column":31}},"type":"if","locations":[{"start":{"line":317,"column":4},"end":{"line":317,"column":31}},{"start":{},"end":{}}]},"10":{"loc":{"start":{"line":327,"column":14},"end":{"line":327,"column":36}},"type":"binary-expr","locations":[{"start":{"line":327,"column":14},"end":{"line":327,"column":30}},{"start":{"line":327,"column":34},"end":{"line":327,"column":36}}]},"11":{"loc":{"start":{"line":329,"column":22},"end":{"line":329,"column":61}},"type":"binary-expr","locations":[{"start":{"line":329,"column":22},"end":{"line":329,"column":46}},{"start":{"line":329,"column":50},"end":{"line":329,"column":61}}]},"12":{"loc":{"start":{"line":352,"column":14},"end":{"line":352,"column":36}},"type":"binary-expr","locations":[{"start":{"line":352,"column":14},"end":{"line":352,"column":30}},{"start":{"line":352,"column":34},"end":{"line":352,"column":36}}]},"13":{"loc":{"start":{"line":353,"column":13},"end":{"line":353,"column":34}},"type":"binary-expr","locations":[{"start":{"line":353,"column":13},"end":{"line":353,"column":28}},{"start":{"line":353,"column":32},"end":{"line":353,"column":34}}]},"14":{"loc":{"start":{"line":361,"column":20},"end":{"line":361,"column":45}},"type":"binary-expr","locations":[{"start":{"line":361,"column":20},"end":{"line":361,"column":37}},{"start":{"line":361,"column":41},"end":{"line":361,"column":45}}]},"15":{"loc":{"start":{"line":369,"column":16},"end":{"line":369,"column":37}},"type":"binary-expr","locations":[{"start":{"line":369,"column":16},"end":{"line":369,"column":29}},{"start":{"line":369,"column":33},"end":{"line":369,"column":37}}]},"16":{"loc":{"start":{"line":371,"column":22},"end":{"line":371,"column":49}},"type":"binary-expr","locations":[{"start":{"line":371,"column":22},"end":{"line":371,"column":41}},{"start":{"line":371,"column":45},"end":{"line":371,"column":49}}]},"17":{"loc":{"start":{"line":372,"column":15},"end":{"line":372,"column":35}},"type":"binary-expr","locations":[{"start":{"line":372,"column":15},"end":{"line":372,"column":27}},{"start":{"line":372,"column":31},"end":{"line":372,"column":35}}]},"18":{"loc":{"start":{"line":373,"column":20},"end":{"line":373,"column":45}},"type":"binary-expr","locations":[{"start":{"line":373,"column":20},"end":{"line":373,"column":37}},{"start":{"line":373,"column":41},"end":{"line":373,"column":45}}]},"19":{"loc":{"start":{"line":374,"column":13},"end":{"line":374,"column":31}},"type":"binary-expr","locations":[{"start":{"line":374,"column":13},"end":{"line":374,"column":23}},{"start":{"line":374,"column":27},"end":{"line":374,"column":31}}]},"20":{"loc":{"start":{"line":375,"column":16},"end":{"line":375,"column":44}},"type":"cond-expr","locations":[{"start":{"line":375,"column":32},"end":{"line":375,"column":36}},{"start":{"line":375,"column":39},"end":{"line":375,"column":44}}]},"21":{"loc":{"start":{"line":376,"column":19},"end":{"line":376,"column":50}},"type":"cond-expr","locations":[{"start":{"line":376,"column":38},"end":{"line":376,"column":42}},{"start":{"line":376,"column":45},"end":{"line":376,"column":50}}]},"22":{"loc":{"start":{"line":377,"column":15},"end":{"line":377,"column":42}},"type":"cond-expr","locations":[{"start":{"line":377,"column":30},"end":{"line":377,"column":34}},{"start":{"line":377,"column":37},"end":{"line":377,"column":42}}]},"23":{"loc":{"start":{"line":378,"column":18},"end":{"line":378,"column":48}},"type":"cond-expr","locations":[{"start":{"line":378,"column":36},"end":{"line":378,"column":40}},{"start":{"line":378,"column":43},"end":{"line":378,"column":48}}]},"24":{"loc":{"start":{"line":379,"column":16},"end":{"line":379,"column":44}},"type":"cond-expr","locations":[{"start":{"line":379,"column":32},"end":{"line":379,"column":36}},{"start":{"line":379,"column":39},"end":{"line":379,"column":44}}]},"25":{"loc":{"start":{"line":382,"column":17},"end":{"line":382,"column":39}},"type":"binary-expr","locations":[{"start":{"line":382,"column":17},"end":{"line":382,"column":31}},{"start":{"line":382,"column":35},"end":{"line":382,"column":39}}]},"26":{"loc":{"start":{"line":383,"column":16},"end":{"line":383,"column":37}},"type":"binary-expr","locations":[{"start":{"line":383,"column":16},"end":{"line":383,"column":29}},{"start":{"line":383,"column":33},"end":{"line":383,"column":37}}]},"27":{"loc":{"start":{"line":392,"column":4},"end":{"line":394,"column":5}},"type":"if","locations":[{"start":{"line":392,"column":4},"end":{"line":394,"column":5}},{"start":{},"end":{}}]},"28":{"loc":{"start":{"line":401,"column":4},"end":{"line":401,"column":36}},"type":"if","locations":[{"start":{"line":401,"column":4},"end":{"line":401,"column":36}},{"start":{},"end":{}}]},"29":{"loc":{"start":{"line":406,"column":14},"end":{"line":406,"column":49}},"type":"binary-expr","locations":[{"start":{"line":406,"column":14},"end":{"line":406,"column":30}},{"start":{"line":406,"column":34},"end":{"line":406,"column":49}}]},"30":{"loc":{"start":{"line":407,"column":20},"end":{"line":407,"column":50}},"type":"binary-expr","locations":[{"start":{"line":407,"column":20},"end":{"line":407,"column":42}},{"start":{"line":407,"column":46},"end":{"line":407,"column":50}}]},"31":{"loc":{"start":{"line":408,"column":22},"end":{"line":408,"column":73}},"type":"binary-expr","locations":[{"start":{"line":408,"column":22},"end":{"line":408,"column":46}},{"start":{"line":408,"column":50},"end":{"line":408,"column":73}}]},"32":{"loc":{"start":{"line":415,"column":16},"end":{"line":415,"column":42}},"type":"binary-expr","locations":[{"start":{"line":415,"column":16},"end":{"line":415,"column":34}},{"start":{"line":415,"column":38},"end":{"line":415,"column":42}}]},"33":{"loc":{"start":{"line":417,"column":22},"end":{"line":417,"column":54}},"type":"binary-expr","locations":[{"start":{"line":417,"column":22},"end":{"line":417,"column":46}},{"start":{"line":417,"column":50},"end":{"line":417,"column":54}}]},"34":{"loc":{"start":{"line":418,"column":15},"end":{"line":418,"column":40}},"type":"binary-expr","locations":[{"start":{"line":418,"column":15},"end":{"line":418,"column":32}},{"start":{"line":418,"column":36},"end":{"line":418,"column":40}}]},"35":{"loc":{"start":{"line":419,"column":20},"end":{"line":419,"column":50}},"type":"binary-expr","locations":[{"start":{"line":419,"column":20},"end":{"line":419,"column":42}},{"start":{"line":419,"column":46},"end":{"line":419,"column":50}}]},"36":{"loc":{"start":{"line":420,"column":13},"end":{"line":420,"column":36}},"type":"binary-expr","locations":[{"start":{"line":420,"column":13},"end":{"line":420,"column":28}},{"start":{"line":420,"column":32},"end":{"line":420,"column":36}}]},"37":{"loc":{"start":{"line":421,"column":16},"end":{"line":421,"column":49}},"type":"cond-expr","locations":[{"start":{"line":421,"column":37},"end":{"line":421,"column":41}},{"start":{"line":421,"column":44},"end":{"line":421,"column":49}}]},"38":{"loc":{"start":{"line":422,"column":19},"end":{"line":422,"column":55}},"type":"cond-expr","locations":[{"start":{"line":422,"column":43},"end":{"line":422,"column":47}},{"start":{"line":422,"column":50},"end":{"line":422,"column":55}}]},"39":{"loc":{"start":{"line":423,"column":15},"end":{"line":423,"column":47}},"type":"cond-expr","locations":[{"start":{"line":423,"column":35},"end":{"line":423,"column":39}},{"start":{"line":423,"column":42},"end":{"line":423,"column":47}}]},"40":{"loc":{"start":{"line":424,"column":18},"end":{"line":424,"column":53}},"type":"cond-expr","locations":[{"start":{"line":424,"column":41},"end":{"line":424,"column":45}},{"start":{"line":424,"column":48},"end":{"line":424,"column":53}}]},"41":{"loc":{"start":{"line":425,"column":16},"end":{"line":425,"column":49}},"type":"cond-expr","locations":[{"start":{"line":425,"column":37},"end":{"line":425,"column":41}},{"start":{"line":425,"column":44},"end":{"line":425,"column":49}}]},"42":{"loc":{"start":{"line":428,"column":17},"end":{"line":428,"column":44}},"type":"binary-expr","locations":[{"start":{"line":428,"column":17},"end":{"line":428,"column":36}},{"start":{"line":428,"column":40},"end":{"line":428,"column":44}}]},"43":{"loc":{"start":{"line":429,"column":16},"end":{"line":429,"column":42}},"type":"binary-expr","locations":[{"start":{"line":429,"column":16},"end":{"line":429,"column":34}},{"start":{"line":429,"column":38},"end":{"line":429,"column":42}}]},"44":{"loc":{"start":{"line":431,"column":14},"end":{"line":431,"column":36}},"type":"binary-expr","locations":[{"start":{"line":431,"column":14},"end":{"line":431,"column":30}},{"start":{"line":431,"column":34},"end":{"line":431,"column":36}}]},"45":{"loc":{"start":{"line":432,"column":13},"end":{"line":432,"column":34}},"type":"binary-expr","locations":[{"start":{"line":432,"column":13},"end":{"line":432,"column":28}},{"start":{"line":432,"column":32},"end":{"line":432,"column":34}}]},"46":{"loc":{"start":{"line":437,"column":4},"end":{"line":439,"column":5}},"type":"if","locations":[{"start":{"line":437,"column":4},"end":{"line":439,"column":5}},{"start":{},"end":{}}]},"47":{"loc":{"start":{"line":437,"column":8},"end":{"line":437,"column":86}},"type":"binary-expr","locations":[{"start":{"line":437,"column":8},"end":{"line":437,"column":56}},{"start":{"line":437,"column":60},"end":{"line":437,"column":86}}]},"48":{"loc":{"start":{"line":445,"column":14},"end":{"line":445,"column":49}},"type":"binary-expr","locations":[{"start":{"line":445,"column":14},"end":{"line":445,"column":30}},{"start":{"line":445,"column":34},"end":{"line":445,"column":49}}]},"49":{"loc":{"start":{"line":446,"column":22},"end":{"line":446,"column":73}},"type":"binary-expr","locations":[{"start":{"line":446,"column":22},"end":{"line":446,"column":46}},{"start":{"line":446,"column":50},"end":{"line":446,"column":73}}]},"50":{"loc":{"start":{"line":447,"column":14},"end":{"line":447,"column":36}},"type":"binary-expr","locations":[{"start":{"line":447,"column":14},"end":{"line":447,"column":30}},{"start":{"line":447,"column":34},"end":{"line":447,"column":36}}]},"51":{"loc":{"start":{"line":448,"column":13},"end":{"line":448,"column":34}},"type":"binary-expr","locations":[{"start":{"line":448,"column":13},"end":{"line":448,"column":28}},{"start":{"line":448,"column":32},"end":{"line":448,"column":34}}]},"52":{"loc":{"start":{"line":458,"column":4},"end":{"line":458,"column":44}},"type":"if","locations":[{"start":{"line":458,"column":4},"end":{"line":458,"column":44}},{"start":{},"end":{}}]},"53":{"loc":{"start":{"line":465,"column":20},"end":{"line":465,"column":49}},"type":"binary-expr","locations":[{"start":{"line":465,"column":20},"end":{"line":465,"column":36}},{"start":{"line":465,"column":40},"end":{"line":465,"column":49}}]},"54":{"loc":{"start":{"line":466,"column":23},"end":{"line":466,"column":56}},"type":"binary-expr","locations":[{"start":{"line":466,"column":23},"end":{"line":466,"column":41}},{"start":{"line":466,"column":45},"end":{"line":466,"column":56}}]},"55":{"loc":{"start":{"line":467,"column":16},"end":{"line":467,"column":41}},"type":"binary-expr","locations":[{"start":{"line":467,"column":16},"end":{"line":467,"column":28}},{"start":{"line":467,"column":32},"end":{"line":467,"column":41}}]},"56":{"loc":{"start":{"line":468,"column":22},"end":{"line":468,"column":53}},"type":"binary-expr","locations":[{"start":{"line":468,"column":22},"end":{"line":468,"column":40}},{"start":{"line":468,"column":44},"end":{"line":468,"column":53}}]},"57":{"loc":{"start":{"line":469,"column":15},"end":{"line":469,"column":39}},"type":"binary-expr","locations":[{"start":{"line":469,"column":15},"end":{"line":469,"column":26}},{"start":{"line":469,"column":30},"end":{"line":469,"column":39}}]},"58":{"loc":{"start":{"line":470,"column":20},"end":{"line":470,"column":49}},"type":"binary-expr","locations":[{"start":{"line":470,"column":20},"end":{"line":470,"column":36}},{"start":{"line":470,"column":40},"end":{"line":470,"column":49}}]},"59":{"loc":{"start":{"line":471,"column":13},"end":{"line":471,"column":35}},"type":"binary-expr","locations":[{"start":{"line":471,"column":13},"end":{"line":471,"column":22}},{"start":{"line":471,"column":26},"end":{"line":471,"column":35}}]},"60":{"loc":{"start":{"line":477,"column":17},"end":{"line":477,"column":43}},"type":"binary-expr","locations":[{"start":{"line":477,"column":17},"end":{"line":477,"column":30}},{"start":{"line":477,"column":34},"end":{"line":477,"column":43}}]},"61":{"loc":{"start":{"line":478,"column":16},"end":{"line":478,"column":41}},"type":"binary-expr","locations":[{"start":{"line":478,"column":16},"end":{"line":478,"column":28}},{"start":{"line":478,"column":32},"end":{"line":478,"column":41}}]},"62":{"loc":{"start":{"line":479,"column":14},"end":{"line":479,"column":30}},"type":"binary-expr","locations":[{"start":{"line":479,"column":14},"end":{"line":479,"column":24}},{"start":{"line":479,"column":28},"end":{"line":479,"column":30}}]},"63":{"loc":{"start":{"line":480,"column":13},"end":{"line":480,"column":28}},"type":"binary-expr","locations":[{"start":{"line":480,"column":13},"end":{"line":480,"column":22}},{"start":{"line":480,"column":26},"end":{"line":480,"column":28}}]},"64":{"loc":{"start":{"line":498,"column":4},"end":{"line":498,"column":31}},"type":"if","locations":[{"start":{"line":498,"column":4},"end":{"line":498,"column":31}},{"start":{},"end":{}}]},"65":{"loc":{"start":{"line":504,"column":4},"end":{"line":504,"column":31}},"type":"if","locations":[{"start":{"line":504,"column":4},"end":{"line":504,"column":31}},{"start":{},"end":{}}]},"66":{"loc":{"start":{"line":510,"column":4},"end":{"line":510,"column":31}},"type":"if","locations":[{"start":{"line":510,"column":4},"end":{"line":510,"column":31}},{"start":{},"end":{}}]},"67":{"loc":{"start":{"line":517,"column":13},"end":{"line":517,"column":31}},"type":"binary-expr","locations":[{"start":{"line":517,"column":13},"end":{"line":517,"column":21}},{"start":{"line":517,"column":25},"end":{"line":517,"column":31}}]},"68":{"loc":{"start":{"line":519,"column":20},"end":{"line":519,"column":44}},"type":"binary-expr","locations":[{"start":{"line":519,"column":20},"end":{"line":519,"column":36}},{"start":{"line":519,"column":40},"end":{"line":519,"column":44}}]},"69":{"loc":{"start":{"line":533,"column":12},"end":{"line":533,"column":32}},"type":"binary-expr","locations":[{"start":{"line":533,"column":12},"end":{"line":533,"column":22}},{"start":{"line":533,"column":26},"end":{"line":533,"column":32}}]},"70":{"loc":{"start":{"line":557,"column":4},"end":{"line":557,"column":36}},"type":"if","locations":[{"start":{"line":557,"column":4},"end":{"line":557,"column":36}},{"start":{},"end":{}}]},"71":{"loc":{"start":{"line":593,"column":19},"end":{"line":593,"column":40}},"type":"binary-expr","locations":[{"start":{"line":593,"column":19},"end":{"line":593,"column":34}},{"start":{"line":593,"column":38},"end":{"line":593,"column":40}}]},"72":{"loc":{"start":{"line":594,"column":12},"end":{"line":594,"column":26}},"type":"binary-expr","locations":[{"start":{"line":594,"column":12},"end":{"line":594,"column":20}},{"start":{"line":594,"column":24},"end":{"line":594,"column":26}}]},"73":{"loc":{"start":{"line":595,"column":13},"end":{"line":595,"column":35}},"type":"binary-expr","locations":[{"start":{"line":595,"column":13},"end":{"line":595,"column":22}},{"start":{"line":595,"column":26},"end":{"line":595,"column":35}}]},"74":{"loc":{"start":{"line":597,"column":19},"end":{"line":597,"column":46}},"type":"binary-expr","locations":[{"start":{"line":597,"column":19},"end":{"line":597,"column":33}},{"start":{"line":597,"column":37},"end":{"line":597,"column":46}}]},"75":{"loc":{"start":{"line":598,"column":12},"end":{"line":598,"column":26}},"type":"binary-expr","locations":[{"start":{"line":598,"column":12},"end":{"line":598,"column":20}},{"start":{"line":598,"column":24},"end":{"line":598,"column":26}}]},"76":{"loc":{"start":{"line":604,"column":4},"end":{"line":613,"column":5}},"type":"if","locations":[{"start":{"line":604,"column":4},"end":{"line":613,"column":5}},{"start":{"line":609,"column":11},"end":{"line":613,"column":5}}]},"77":{"loc":{"start":{"line":619,"column":4},"end":{"line":619,"column":31}},"type":"if","locations":[{"start":{"line":619,"column":4},"end":{"line":619,"column":31}},{"start":{},"end":{}}]},"78":{"loc":{"start":{"line":627,"column":4},"end":{"line":627,"column":31}},"type":"if","locations":[{"start":{"line":627,"column":4},"end":{"line":627,"column":31}},{"start":{},"end":{}}]},"79":{"loc":{"start":{"line":639,"column":19},"end":{"line":639,"column":42}},"type":"binary-expr","locations":[{"start":{"line":639,"column":19},"end":{"line":639,"column":36}},{"start":{"line":639,"column":40},"end":{"line":639,"column":42}}]},"80":{"loc":{"start":{"line":640,"column":12},"end":{"line":640,"column":28}},"type":"binary-expr","locations":[{"start":{"line":640,"column":12},"end":{"line":640,"column":22}},{"start":{"line":640,"column":26},"end":{"line":640,"column":28}}]},"81":{"loc":{"start":{"line":641,"column":13},"end":{"line":641,"column":37}},"type":"binary-expr","locations":[{"start":{"line":641,"column":13},"end":{"line":641,"column":24}},{"start":{"line":641,"column":28},"end":{"line":641,"column":37}}]},"82":{"loc":{"start":{"line":642,"column":17},"end":{"line":642,"column":41}},"type":"binary-expr","locations":[{"start":{"line":642,"column":17},"end":{"line":642,"column":32}},{"start":{"line":642,"column":36},"end":{"line":642,"column":41}}]},"83":{"loc":{"start":{"line":643,"column":18},"end":{"line":643,"column":47}},"type":"binary-expr","locations":[{"start":{"line":643,"column":18},"end":{"line":643,"column":34}},{"start":{"line":643,"column":38},"end":{"line":643,"column":47}}]},"84":{"loc":{"start":{"line":644,"column":12},"end":{"line":644,"column":28}},"type":"binary-expr","locations":[{"start":{"line":644,"column":12},"end":{"line":644,"column":22}},{"start":{"line":644,"column":26},"end":{"line":644,"column":28}}]},"85":{"loc":{"start":{"line":668,"column":4},"end":{"line":668,"column":36}},"type":"if","locations":[{"start":{"line":668,"column":4},"end":{"line":668,"column":36}},{"start":{},"end":{}}]},"86":{"loc":{"start":{"line":719,"column":48},"end":{"line":719,"column":91}},"type":"binary-expr","locations":[{"start":{"line":719,"column":48},"end":{"line":719,"column":86}},{"start":{"line":719,"column":90},"end":{"line":719,"column":91}}]},"87":{"loc":{"start":{"line":733,"column":6},"end":{"line":733,"column":38}},"type":"if","locations":[{"start":{"line":733,"column":6},"end":{"line":733,"column":38}},{"start":{},"end":{}}]},"88":{"loc":{"start":{"line":740,"column":4},"end":{"line":740,"column":34}},"type":"if","locations":[{"start":{"line":740,"column":4},"end":{"line":740,"column":34}},{"start":{},"end":{}}]},"89":{"loc":{"start":{"line":765,"column":16},"end":{"line":765,"column":33}},"type":"binary-expr","locations":[{"start":{"line":765,"column":16},"end":{"line":765,"column":27}},{"start":{"line":765,"column":31},"end":{"line":765,"column":33}}]},"90":{"loc":{"start":{"line":766,"column":15},"end":{"line":766,"column":33}},"type":"binary-expr","locations":[{"start":{"line":766,"column":15},"end":{"line":766,"column":25}},{"start":{"line":766,"column":29},"end":{"line":766,"column":33}}]},"91":{"loc":{"start":{"line":767,"column":13},"end":{"line":767,"column":30}},"type":"binary-expr","locations":[{"start":{"line":767,"column":13},"end":{"line":767,"column":22}},{"start":{"line":767,"column":26},"end":{"line":767,"column":30}}]},"92":{"loc":{"start":{"line":773,"column":4},"end":{"line":773,"column":74}},"type":"if","locations":[{"start":{"line":773,"column":4},"end":{"line":773,"column":74}},{"start":{},"end":{}}]},"93":{"loc":{"start":{"line":774,"column":4},"end":{"line":774,"column":68}},"type":"if","locations":[{"start":{"line":774,"column":4},"end":{"line":774,"column":68}},{"start":{},"end":{}}]},"94":{"loc":{"start":{"line":777,"column":13},"end":{"line":777,"column":67}},"type":"cond-expr","locations":[{"start":{"line":777,"column":37},"end":{"line":777,"column":55}},{"start":{"line":777,"column":58},"end":{"line":777,"column":67}}]},"95":{"loc":{"start":{"line":781,"column":4},"end":{"line":783,"column":5}},"type":"if","locations":[{"start":{"line":781,"column":4},"end":{"line":783,"column":5}},{"start":{},"end":{}}]},"96":{"loc":{"start":{"line":791,"column":4},"end":{"line":791,"column":31}},"type":"if","locations":[{"start":{"line":791,"column":4},"end":{"line":791,"column":31}},{"start":{},"end":{}}]},"97":{"loc":{"start":{"line":803,"column":15},"end":{"line":803,"column":34}},"type":"binary-expr","locations":[{"start":{"line":803,"column":15},"end":{"line":803,"column":28}},{"start":{"line":803,"column":32},"end":{"line":803,"column":34}}]},"98":{"loc":{"start":{"line":832,"column":4},"end":{"line":832,"column":36}},"type":"if","locations":[{"start":{"line":832,"column":4},"end":{"line":832,"column":36}},{"start":{},"end":{}}]},"99":{"loc":{"start":{"line":856,"column":4},"end":{"line":856,"column":31}},"type":"if","locations":[{"start":{"line":856,"column":4},"end":{"line":856,"column":31}},{"start":{},"end":{}}]},"100":{"loc":{"start":{"line":868,"column":14},"end":{"line":868,"column":34}},"type":"binary-expr","locations":[{"start":{"line":868,"column":14},"end":{"line":868,"column":26}},{"start":{"line":868,"column":30},"end":{"line":868,"column":34}}]},"101":{"loc":{"start":{"line":871,"column":16},"end":{"line":871,"column":38}},"type":"binary-expr","locations":[{"start":{"line":871,"column":16},"end":{"line":871,"column":30}},{"start":{"line":871,"column":34},"end":{"line":871,"column":38}}]},"102":{"loc":{"start":{"line":872,"column":15},"end":{"line":872,"column":36}},"type":"binary-expr","locations":[{"start":{"line":872,"column":15},"end":{"line":872,"column":28}},{"start":{"line":872,"column":32},"end":{"line":872,"column":36}}]},"103":{"loc":{"start":{"line":873,"column":17},"end":{"line":873,"column":40}},"type":"binary-expr","locations":[{"start":{"line":873,"column":17},"end":{"line":873,"column":32}},{"start":{"line":873,"column":36},"end":{"line":873,"column":40}}]},"104":{"loc":{"start":{"line":893,"column":4},"end":{"line":893,"column":74}},"type":"if","locations":[{"start":{"line":893,"column":4},"end":{"line":893,"column":74}},{"start":{},"end":{}}]},"105":{"loc":{"start":{"line":894,"column":4},"end":{"line":894,"column":74}},"type":"if","locations":[{"start":{"line":894,"column":4},"end":{"line":894,"column":74}},{"start":{},"end":{}}]},"106":{"loc":{"start":{"line":895,"column":4},"end":{"line":895,"column":74}},"type":"if","locations":[{"start":{"line":895,"column":4},"end":{"line":895,"column":74}},{"start":{},"end":{}}]},"107":{"loc":{"start":{"line":896,"column":4},"end":{"line":896,"column":80}},"type":"if","locations":[{"start":{"line":896,"column":4},"end":{"line":896,"column":80}},{"start":{},"end":{}}]},"108":{"loc":{"start":{"line":898,"column":24},"end":{"line":898,"column":78}},"type":"cond-expr","locations":[{"start":{"line":898,"column":48},"end":{"line":898,"column":66}},{"start":{"line":898,"column":69},"end":{"line":898,"column":78}}]},"109":{"loc":{"start":{"line":901,"column":18},"end":{"line":901,"column":41}},"type":"binary-expr","locations":[{"start":{"line":901,"column":18},"end":{"line":901,"column":36}},{"start":{"line":901,"column":40},"end":{"line":901,"column":41}}]},"110":{"loc":{"start":{"line":904,"column":20},"end":{"line":904,"column":106}},"type":"cond-expr","locations":[{"start":{"line":904,"column":80},"end":{"line":904,"column":92}},{"start":{"line":904,"column":95},"end":{"line":904,"column":106}}]},"111":{"loc":{"start":{"line":904,"column":20},"end":{"line":904,"column":77}},"type":"binary-expr","locations":[{"start":{"line":904,"column":20},"end":{"line":904,"column":32}},{"start":{"line":904,"column":36},"end":{"line":904,"column":77}}]},"112":{"loc":{"start":{"line":905,"column":20},"end":{"line":905,"column":66}},"type":"cond-expr","locations":[{"start":{"line":905,"column":52},"end":{"line":905,"column":57}},{"start":{"line":905,"column":60},"end":{"line":905,"column":66}}]},"113":{"loc":{"start":{"line":907,"column":18},"end":{"line":907,"column":35}},"type":"binary-expr","locations":[{"start":{"line":907,"column":18},"end":{"line":907,"column":29}},{"start":{"line":907,"column":33},"end":{"line":907,"column":35}}]},"114":{"loc":{"start":{"line":915,"column":4},"end":{"line":917,"column":5}},"type":"if","locations":[{"start":{"line":915,"column":4},"end":{"line":917,"column":5}},{"start":{},"end":{}}]},"115":{"loc":{"start":{"line":922,"column":16},"end":{"line":922,"column":35}},"type":"binary-expr","locations":[{"start":{"line":922,"column":16},"end":{"line":922,"column":27}},{"start":{"line":922,"column":31},"end":{"line":922,"column":35}}]},"116":{"loc":{"start":{"line":942,"column":4},"end":{"line":942,"column":35}},"type":"if","locations":[{"start":{"line":942,"column":4},"end":{"line":942,"column":35}},{"start":{},"end":{}}]},"117":{"loc":{"start":{"line":949,"column":4},"end":{"line":949,"column":79}},"type":"if","locations":[{"start":{"line":949,"column":4},"end":{"line":949,"column":79}},{"start":{},"end":{}}]},"118":{"loc":{"start":{"line":950,"column":4},"end":{"line":950,"column":79}},"type":"if","locations":[{"start":{"line":950,"column":4},"end":{"line":950,"column":79}},{"start":{},"end":{}}]},"119":{"loc":{"start":{"line":951,"column":4},"end":{"line":951,"column":79}},"type":"if","locations":[{"start":{"line":951,"column":4},"end":{"line":951,"column":79}},{"start":{},"end":{}}]},"120":{"loc":{"start":{"line":959,"column":4},"end":{"line":959,"column":79}},"type":"if","locations":[{"start":{"line":959,"column":4},"end":{"line":959,"column":79}},{"start":{},"end":{}}]},"121":{"loc":{"start":{"line":960,"column":4},"end":{"line":960,"column":79}},"type":"if","locations":[{"start":{"line":960,"column":4},"end":{"line":960,"column":79}},{"start":{},"end":{}}]},"122":{"loc":{"start":{"line":961,"column":4},"end":{"line":961,"column":79}},"type":"if","locations":[{"start":{"line":961,"column":4},"end":{"line":961,"column":79}},{"start":{},"end":{}}]},"123":{"loc":{"start":{"line":962,"column":4},"end":{"line":962,"column":82}},"type":"if","locations":[{"start":{"line":962,"column":4},"end":{"line":962,"column":82}},{"start":{},"end":{}}]},"124":{"loc":{"start":{"line":963,"column":4},"end":{"line":966,"column":5}},"type":"if","locations":[{"start":{"line":963,"column":4},"end":{"line":966,"column":5}},{"start":{},"end":{}}]},"125":{"loc":{"start":{"line":968,"column":24},"end":{"line":968,"column":78}},"type":"cond-expr","locations":[{"start":{"line":968,"column":48},"end":{"line":968,"column":66}},{"start":{"line":968,"column":69},"end":{"line":968,"column":78}}]},"126":{"loc":{"start":
[...]
ine":80,"column":4},"end":{"line":82,"column":5}},"43":{"start":{"line":81,"column":6},"end":{"line":81,"column":49}},"44":{"start":{"line":85,"column":4},"end":{"line":85,"column":42}},"45":{"start":{"line":89,"column":18},"end":{"line":89,"column":43}},"46":{"start":{"line":91,"column":4},"end":{"line":171,"column":5}},"47":{"start":{"line":93,"column":24},"end":{"line":93,"column":110}},"48":{"start":{"line":94,"column":24},"end":{"line":94,"column":46}},"49":{"start":{"line":96,"column":6},"end":{"line":106,"column":7}},"50":{"start":{"line":97,"column":8},"end":{"line":105,"column":10}},"51":{"start":{"line":108,"column":25},"end":{"line":108,"column":114}},"52":{"start":{"line":109,"column":23},"end":{"line":109,"column":42}},"53":{"start":{"line":111,"column":6},"end":{"line":121,"column":7}},"54":{"start":{"line":112,"column":8},"end":{"line":120,"column":10}},"55":{"start":{"line":124,"column":24},"end":{"line":124,"column":38}},"56":{"start":{"line":127,"column":24},"end":{"line":127,"column":94}},"57":{"start":{"line":128,"column":24},"end":{"line":128,"column":46}},"58":{"start":{"line":130,"column":6},"end":{"line":140,"column":7}},"59":{"start":{"line":131,"column":8},"end":{"line":139,"column":10}},"60":{"start":{"line":142,"column":22},"end":{"line":142,"column":71}},"61":{"start":{"line":143,"column":20},"end":{"line":143,"column":47}},"62":{"start":{"line":145,"column":33},"end":{"line":152,"column":8}},"63":{"start":{"line":155,"column":6},"end":{"line":157,"column":7}},"64":{"start":{"line":156,"column":8},"end":{"line":156,"column":60}},"65":{"start":{"line":159,"column":6},"end":{"line":159,"column":20}},"66":{"start":{"line":161,"column":22},"end":{"line":161,"column":70}},"67":{"start":{"line":162,"column":6},"end":{"line":170,"column":8}},"68":{"start":{"line":176,"column":4},"end":{"line":186,"column":5}},"69":{"start":{"line":177,"column":6},"end":{"line":185,"column":8}},"70":{"start":{"line":188,"column":18},"end":{"line":188,"column":43}},"71":{"start":{"line":189,"column":22},"end":{"line":189,"column":43}},"72":{"start":{"line":192,"column":4},"end":{"line":306,"column":5}},"73":{"start":{"line":194,"column":6},"end":{"line":194,"column":84}},"74":{"start":{"line":197,"column":24},"end":{"line":200,"column":25}},"75":{"start":{"line":199,"column":17},"end":{"line":199,"column":56}},"76":{"start":{"line":200,"column":20},"end":{"line":200,"column":24}},"77":{"start":{"line":202,"column":6},"end":{"line":202,"column":25}},"78":{"start":{"line":203,"column":6},"end":{"line":203,"column":23}},"79":{"start":{"line":205,"column":6},"end":{"line":215,"column":7}},"80":{"start":{"line":206,"column":8},"end":{"line":214,"column":10}},"81":{"start":{"line":218,"column":6},"end":{"line":218,"column":84}},"82":{"start":{"line":221,"column":26},"end":{"line":227,"column":25}},"83":{"start":{"line":224,"column":23},"end":{"line":224,"column":68}},"84":{"start":{"line":225,"column":10},"end":{"line":225,"column":42}},"85":{"start":{"line":227,"column":20},"end":{"line":227,"column":24}},"86":{"start":{"line":230,"column":32},"end":{"line":260,"column":10}},"87":{"start":{"line":233,"column":61},"end":{"line":233,"column":63}},"88":{"start":{"line":234,"column":10},"end":{"line":249,"column":11}},"89":{"start":{"line":235,"column":29},"end":{"line":235,"column":66}},"90":{"start":{"line":236,"column":30},"end":{"line":236,"column":68}},"91":{"start":{"line":237,"column":12},"end":{"line":237,"column":37}},"92":{"start":{"line":237,"column":28},"end":{"line":237,"column":37}},"93":{"start":{"line":239,"column":30},"end":{"line":239,"column":82}},"94":{"start":{"line":240,"column":26},"end":{"line":240,"column":47}},"95":{"start":{"line":241,"column":12},"end":{"line":241,"column":53}},"96":{"start":{"line":241,"column":44},"end":{"line":241,"column":53}},"97":{"start":{"line":243,"column":12},"end":{"line":246,"column":15}},"98":{"start":{"line":248,"column":12},"end":{"line":248,"column":44}},"99":{"start":{"line":248,"column":38},"end":{"line":248,"column":44}},"100":{"start":{"line":250,"column":10},"end":{"line":250,"column":25}},"101":{"start":{"line":256,"column":21},"end":{"line":260,"column":9}},"102":{"start":{"line":256,"column":36},"end":{"line":260,"column":8}},"103":{"start":{"line":262,"column":6},"end":{"line":262,"column":25}},"104":{"start":{"line":264,"column":21},"end":{"line":264,"column":44}},"105":{"start":{"line":264,"column":36},"end":{"line":264,"column":43}},"106":{"start":{"line":265,"column":40},"end":{"line":265,"column":44}},"107":{"start":{"line":266,"column":31},"end":{"line":266,"column":35}},"108":{"start":{"line":267,"column":32},"end":{"line":267,"column":36}},"109":{"start":{"line":269,"column":6},"end":{"line":275,"column":7}},"110":{"start":{"line":270,"column":8},"end":{"line":270,"column":103}},"111":{"start":{"line":270,"column":61},"end":{"line":270,"column":68}},"112":{"start":{"line":271,"column":8},"end":{"line":271,"column":58}},"113":{"start":{"line":272,"column":8},"end":{"line":272,"column":59}},"114":{"start":{"line":273,"column":13},"end":{"line":275,"column":7}},"115":{"start":{"line":274,"column":8},"end":{"line":274,"column":35}},"116":{"start":{"line":277,"column":33},"end":{"line":284,"column":8}},"117":{"start":{"line":287,"column":6},"end":{"line":289,"column":7}},"118":{"start":{"line":288,"column":8},"end":{"line":288,"column":60}},"119":{"start":{"line":291,"column":6},"end":{"line":291,"column":20}},"120":{"start":{"line":293,"column":6},"end":{"line":295,"column":7}},"121":{"start":{"line":294,"column":8},"end":{"line":294,"column":58}},"122":{"start":{"line":294,"column":14},"end":{"line":294,"column":33}},"123":{"start":{"line":296,"column":22},"end":{"line":296,"column":70}},"124":{"start":{"line":297,"column":6},"end":{"line":305,"column":8}},"125":{"start":{"line":310,"column":0},"end":{"line":310,"column":37}}},"fnMap":{"0":{"name":"buildSearchQuery","decl":{"start":{"line":6,"column":9},"end":{"line":6,"column":25}},"loc":{"start":{"line":6,"column":46},"end":{"line":12,"column":1}}},"1":{"name":"buildSearchUrl","decl":{"start":{"line":14,"column":9},"end":{"line":14,"column":23}},"loc":{"start":{"line":14,"column":37},"end":{"line":20,"column":1}}},"2":{"name":"pickPrice","decl":{"start":{"line":26,"column":9},"end":{"line":26,"column":18}},"loc":{"start":{"line":26,"column":73},"end":{"line":59,"column":1}}},"3":{"name":"(anonymous_3)","decl":{"start":{"line":66,"column":2},"end":{"line":66,"column":14}},"loc":{"start":{"line":66,"column":78},"end":{"line":69,"column":3}}},"4":{"name":"(anonymous_4)","decl":{"start":{"line":71,"column":2},"end":{"line":71,"column":7}},"loc":{"start":{"line":71,"column":39},"end":{"line":86,"column":3}}},"5":{"name":"(anonymous_5)","decl":{"start":{"line":88,"column":10},"end":{"line":88,"column":15}},"loc":{"start":{"line":88,"column":63},"end":{"line":172,"column":3}}},"6":{"name":"(anonymous_6)","decl":{"start":{"line":174,"column":10},"end":{"line":174,"column":15}},"loc":{"start":{"line":174,"column":53},"end":{"line":307,"column":3}}},"7":{"name":"(anonymous_7)","decl":{"start":{"line":199,"column":8},"end":{"line":199,"column":9}},"loc":{"start":{"line":199,"column":17},"end":{"line":199,"column":56}}},"8":{"name":"(anonymous_8)","decl":{"start":{"line":200,"column":14},"end":{"line":200,"column":17}},"loc":{"start":{"line":200,"column":20},"end":{"line":200,"column":24}}},"9":{"name":"(anonymous_9)","decl":{"start":{"line":223,"column":8},"end":{"line":223,"column":9}},"loc":{"start":{"line":223,"column":15},"end":{"line":226,"column":9}}},"10":{"name":"(anonymous_10)","decl":{"start":{"line":227,"column":14},"end":{"line":227,"column":17}},"loc":{"start":{"line":227,"column":20},"end":{"line":227,"column":24}}},"11":{"name":"(anonymous_11)","decl":{"start":{"line":232,"column":8},"end":{"line":232,"column":9}},"loc":{"start":{"line":232,"column":28},"end":{"line":251,"column":9}}},"12":{"name":"(anonymous_12)","decl":{"start":{"line":256,"column":13},"end":{"line":256,"column":17}},"loc":{"start":{"line":256,"column":21},"end":{"line":260,"column":9}}},"13":{"name":"(anonymous_13)","decl":{"start":{"line":256,"column":30},"end":{"line":256,"column":31}},"loc":{"start":{"line":256,"column":36},"end":{"line":260,"column":8}}},"14":{"name":"(anonymous_14)","decl":{"start":{"line":264,"column":31},"end":{"line":264,"column":32}},"loc":{"start":{"line":264,"column":36},"end":{"line":264,"column":43}}},"15":{"name":"(anonymous_15)","decl":{"start":{"line":270,"column":49},"end":{"line":270,"column":50}},"loc":{"start":{"line":270,"column":61},"end":{"line":270,"column":68}}}},"branchMap":{"0":{"loc":{"start":{"line":8,"column":2},"end":{"line":8,"column":51}},"type":"if","locations":[{"start":{"line":8,"column":2},"end":{"line":8,"column":51}},{"start":{},"end":{}}]},"1":{"loc":{"start":{"line":10,"column":2},"end":{"line":10,"column":53}},"type":"if","locations":[{"start":{"line":10,"column":2},"end":{"line":10,"column":53}},{"start":{},"end":{}}]},"2":{"loc":{"start":{"line":27,"column":2},"end":{"line":52,"column":3}},"type":"if","locations":[{"start":{"line":27,"column":2},"end":{"line":52,"column":3}},{"start":{},"end":{}}]},"3":{"loc":{"start":{"line":27,"column":6},"end":{"line":27,"column":65}},"type":"binary-expr","locations":[{"start":{"line":27,"column":6},"end":{"line":27,"column":22}},{"start":{"line":27,"column":26},"end":{"line":27,"column":48}},{"start":{"line":27,"column":52},"end":{"line":27,"column":65}}]},"4":{"loc":{"start":{"line":32,"column":4},"end":{"line":35,"column":5}},"type":"if","locations":[{"start":{"line":32,"column":4},"end":{"line":35,"column":5}},{"start":{},"end":{}}]},"5":{"loc":{"start":{"line":32,"column":8},"end":{"line":32,"column":43}},"type":"binary-expr","locations":[{"start":{"line":32,"column":8},"end":{"line":32,"column":25}},{"start":{"line":32,"column":29},"end":{"line":32,"column":43}}]},"6":{"loc":{"start":{"line":34,"column":6},"end":{"line":34,"column":69}},"type":"if","locations":[{"start":{"line":34,"column":6},"end":{"line":34,"column":69}},{"start":{},"end":{}}]},"7":{"loc":{"start":{"line":34,"column":10},"end":{"line":34,"column":48}},"type":"binary-expr","locations":[{"start":{"line":34,"column":10},"end":{"line":34,"column":35}},{"start":{"line":34,"column":39},"end":{"line":34,"column":48}}]},"8":{"loc":{"start":{"line":38,"column":4},"end":{"line":41,"column":5}},"type":"if","locations":[{"start":{"line":38,"column":4},"end":{"line":41,"column":5}},{"start":{},"end":{}}]},"9":{"loc":{"start":{"line":38,"column":8},"end":{"line":38,"column":43}},"type":"binary-expr","locations":[{"start":{"line":38,"column":8},"end":{"line":38,"column":25}},{"start":{"line":38,"column":29},"end":{"line":38,"column":43}}]},"10":{"loc":{"start":{"line":40,"column":6},"end":{"line":40,"column":69}},"type":"if","locations":[{"start":{"line":40,"column":6},"end":{"line":40,"column":69}},{"start":{},"end":{}}]},"11":{"loc":{"start":{"line":40,"column":10},"end":{"line":40,"column":48}},"type":"binary-expr","locations":[{"start":{"line":40,"column":10},"end":{"line":40,"column":35}},{"start":{"line":40,"column":39},"end":{"line":40,"column":48}}]},"12":{"loc":{"start":{"line":44,"column":4},"end":{"line":47,"column":5}},"type":"if","locations":[{"start":{"line":44,"column":4},"end":{"line":47,"column":5}},{"start":{},"end":{}}]},"13":{"loc":{"start":{"line":44,"column":8},"end":{"line":44,"column":42}},"type":"binary-expr","locations":[{"start":{"line":44,"column":8},"end":{"line":44,"column":25}},{"start":{"line":44,"column":29},"end":{"line":44,"column":42}}]},"14":{"loc":{"start":{"line":46,"column":6},"end":{"line":46,"column":66}},"type":"if","locations":[{"start":{"line":46,"column":6},"end":{"line":46,"column":66}},{"start":{},"end":{}}]},"15":{"loc":{"start":{"line":46,"column":10},"end":{"line":46,"column":46}},"type":"binary-expr","locations":[{"start":{"line":46,"column":10},"end":{"line":46,"column":34}},{"start":{"line":46,"column":38},"end":{"line":46,"column":46}}]},"16":{"loc":{"start":{"line":51,"column":4},"end":{"line":51,"column":70}},"type":"if","locations":[{"start":{"line":51,"column":4},"end":{"line":51,"column":70}},{"start":{},"end":{}}]},"17":{"loc":{"start":{"line":51,"column":8},"end":{"line":51,"column":48}},"type":"binary-expr","locations":[{"start":{"line":51,"column":8},"end":{"line":51,"column":34}},{"start":{"line":51,"column":38},"end":{"line":51,"column":48}}]},"18":{"loc":{"start":{"line":56,"column":2},"end":{"line":56,"column":65}},"type":"if","locations":[{"start":{"line":56,"column":2},"end":{"line":56,"column":65}},{"start":{},"end":{}}]},"19":{"loc":{"start":{"line":56,"column":6},"end":{"line":56,"column":44}},"type":"binary-expr","locations":[{"start":{"line":56,"column":6},"end":{"line":56,"column":31}},{"start":{"line":56,"column":35},"end":{"line":56,"column":44}}]},"20":{"loc":{"start":{"line":73,"column":4},"end":{"line":76,"column":5}},"type":"if","locations":[{"start":{"line":73,"column":4},"end":{"line":76,"column":5}},{"start":{},"end":{}}]},"21":{"loc":{"start":{"line":75,"column":6},"end":{"line":75,"column":32}},"type":"if","locations":[{"start":{"line":75,"column":6},"end":{"line":75,"column":32}},{"start":{},"end":{}}]},"22":{"loc":{"start":{"line":80,"column":4},"end":{"line":82,"column":5}},"type":"if","locations":[{"start":{"line":80,"column":4},"end":{"line":82,"column":5}},{"start":{},"end":{}}]},"23":{"loc":{"start":{"line":96,"column":6},"end":{"line":106,"column":7}},"type":"if","locations":[{"start":{"line":96,"column":6},"end":{"line":106,"column":7}},{"start":{},"end":{}}]},"24":{"loc":{"start":{"line":111,"column":6},"end":{"line":121,"column":7}},"type":"if","locations":[{"start":{"line":111,"column":6},"end":{"line":121,"column":7}},{"start":{},"end":{}}]},"25":{"loc":{"start":{"line":111,"column":10},"end":{"line":111,"column":44}},"type":"binary-expr","locations":[{"start":{"line":111,"column":10},"end":{"line":111,"column":19}},{"start":{"line":111,"column":23},"end":{"line":111,"column":44}}]},"26":{"loc":{"start":{"line":130,"column":6},"end":{"line":140,"column":7}},"type":"if","locations":[{"start":{"line":130,"column":6},"end":{"line":140,"column":7}},{"start":{},"end":{}}]},"27":{"loc":{"start":{"line":155,"column":6},"end":{"line":157,"column":7}},"type":"if","locations":[{"start":{"line":155,"column":6},"end":{"line":157,"column":7}},{"start":{},"end":{}}]},"28":{"loc":{"start":{"line":161,"column":22},"end":{"line":161,"column":70}},"type":"cond-expr","locations":[{"start":{"line":161,"column":45},"end":{"line":161,"column":56}},{"start":{"line":161,"column":59},"end":{"line":161,"column":70}}]},"29":{"loc":{"start":{"line":176,"column":4},"end":{"line":186,"column":5}},"type":"if","locations":[{"start":{"line":176,"column":4},"end":{"line":186,"column":5}},{"start":{},"end":{}}]},"30":{"loc":{"start":{"line":176,"column":8},"end":{"line":176,"column":64}},"type":"binary-expr","locations":[{"start":{"line":176,"column":8},"end":{"line":176,"column":28}},{"start":{"line":176,"column":32},"end":{"line":176,"column":64}}]},"31":{"loc":{"start":{"line":205,"column":6},"end":{"line":215,"column":7}},"type":"if","locations":[{"start":{"line":205,"column":6},"end":{"line":215,"column":7}},{"start":{},"end":{}}]},"32":{"loc":{"start":{"line":224,"column":23},"end":{"line":224,"column":68}},"type":"binary-expr","locations":[{"start":{"line":224,"column":23},"end":{"line":224,"column":62}},{"start":{"line":224,"column":66},"end":{"line":224,"column":68}}]},"33":{"loc":{"start":{"line":225,"column":17},"end":{"line":225,"column":41}},"type":"binary-expr","locations":[{"start":{"line":225,"column":17},"end":{"line":225,"column":33}},{"start":{"line":225,"column":37},"end":{"line":225,"column":41}}]},"34":{"loc":{"start":{"line":237,"column":12},"end":{"line":237,"column":37}},"type":"if","locations":[{"start":{"line":237,"column":12},"end":{"line":237,"column":37}},{"start":{},"end":{}}]},"35":{"loc":{"start":{"line":239,"column":30},"end":{"line":239,"column":82}},"type":"binary-expr","locations":[{"start":{"line":239,"column":30},"end":{"line":239,"column":76}},{"start":{"line":239,"column":80},"end":{"line":239,"column":82}}]},"36":{"loc":{"start":{"line":241,"column":12},"end":{"line":241,"column":53}},"type":"if","locations":[{"start":{"line":241,"column":12},"end":{"line":241,"column":53}},{"start":{},"end":{}}]},"37":{"loc":{"start":{"line":241,"column":16},"end":{"line":241,"column":42}},"type":"binary-expr","locations":[{"start":{"line":241,"column":16},"end":{"line":241,"column":28}},{"start":{"line":241,"column":32},"end":{"line":241,"column":42}}]},"38":{"loc":{"start":{"line":245,"column":20},"end":{"line":245,"column":55}},"type":"binary-expr","locations":[{"start":{"line":245,"column":20},"end":{"line":245,"column":49}},{"start":{"line":245,"column":53},"end":{"line":245,"column":55}}]},"39":{"loc":{"start":{"line":248,"column":12},"end":{"line":248,"column":44}},"type":"if","locations":[{"start":{"line":248,"column":12},"end":{"line":248,"column":44}},{"start":{},"end":{}}]},"40":{"loc":{"start":{"line":269,"column":6},"end":{"line":275,"column":7}},"type":"if","locations":[{"start":{"line":269,"column":6},"end":{"line":275,"column":7}},{"start":{"line":273,"column":13},"end":{"line":275,"column":7}}]},"41":{"loc":{"start":{"line":273,"column":13},"end":{"line":275,"column":7}},"type":"if","locations":[{"start":{"line":273,"column":13},"end":{"line":275,"column":7}},{"start":{},"end":{}}]},"42":{"loc":{"start":{"line":279,"column":21},"end":{"line":279,"column":86}},"type":"cond-expr","locations":[{"start":{"line":279,"column":44},"end":{"line":279,"column":79}},{"start":{"line":279,"column":82},"end":{"line":279,"column":86}}]},"43":{"loc":{"start":{"line":287,"column":6},"end":{"line":289,"column":7}},"type":"if","locations":[{"start":{"line":287,"column":6},"end":{"line":289,"column":7}},{"start":{},"end":{}}]},"44":{"loc":{"start":{"line":293,"column":6},"end":{"line":295,"column":7}},"type":"if","locations":[{"start":{"line":293,"column":6},"end":{"line":295,"column":7}},{"start":{},"end":{}}]},"45":{"loc":{"start":{"line":296,"column":22},"end":{"line":296,"column":70}},"type":"cond-expr","locations":[{"start":{"line":296,"column":45},"end":{"line":296,"column":56}},{"start":{"line":296,"column":59},"end":{"line":296,"column":70}}]}},"s":{"0":15,"1":15,"2":15,"3":19,"4":19,"5":2,"6":19,"7":19,"8":2,"9":19,"10":4,"11":4,"12":13,"13":8,"14":8,"15":8,"16":2,"17":2,"18":2,"19":6,"20":4,"21":4,"22":2,"23":4,"24":1,"25":1,"26":1,"27":3,"28":3,"29":3,"30":5,"31":5,"32":3,"33":2,"34":60,"35":60,"36":60,"37":23,"38":5,"39":5,"40":2,"41":21,"42":21,"43":10,"44":11,"45":10,"46":10,"47":10,"48":10,"49":9,"50":1,"51":8,"52":8,"53":8,"54":1,"55":7,"56":7,"57":7,"58":7,"59":1,"60":6,"61":6,"62":6,"63":6,"64":1,"65":6,"66":1,"67":1,"68":11,"69":7,"70":4,"71":4,"72":4,"73":4,"74":3,"75":0,"76":2,"77":3,"78":3,"79":3,"80":2,"81":1,"82":1,"83":0,"84":0,"85":0,"86":1,"87":0,"88":0,"89":0,"90":0,"91":0,"92":0,"93":0,"94":0,"95":0,"96":0,"97":0,"98":0,"99":0,"100":0,"101":1,"102":2,"103":1,"104":1,"105":2,"106":1,"107":1,"108":1,"109":1,"110":1,"111":2,"112":1,"113":1,"114":0,"115":0,"116":1,"117":1,"118":1,"119":1,"120":1,"121":0,"122":0,"123":1,"124":1,"125":15},"f":{"0":19,"1":4,"2":13,"3":60,"4":23,"5":10,"6":11,"7":0,"8":2,"9":0,"10":0,"11":0,"12":1,"13":2,"14":2,"15":2},"b":{"0":[2,17],"1":[2,17],"2":[8,5],"3":[13,8,8],"4":[2,6],"5":[8,2],"6":[2,0],"7":[2,2],"8":[4,2],"9":[6,5],"10":[2,2],"11":[4,3],"12":[1,3],"13":[4,3],"14":[1,0],"15":[1,1],"16":[3,0],"17":[3,3],"18":[3,2],"19":[5,5],"20":[5,18],"21":[2,3],"22":[10,11],"23":[1,8],"24":[1,7],"25":[8,8],"26":[1,6],"27":[1,5],"28":[1,0],"29":[7,4],"30":[11,6],"31":[2,1],"32":[0,0],"33":[0,0],"34":[0,0],"35":[0,0],"36":[0,0],"37":[0,0],"38":[0,0],"39":[0,0],"40":[1,0],"41":[0,0],"42":[1,0],"43":[1,0],"44":[0,1],"45":[1,0]}}
}
