{"total": {"lines":{"total":3879,"covered":3137,"skipped":0,"pct":80.87},"statements":{"total":4295,"covered":3444,"skipped":0,"pct":80.18},"functions":{"total":581,"covered":485,"skipped":0,"pct":83.47},"branches":{"total":2476,"covered":1835,"skipped":0,"pct":74.11},"branchesTrue":{"total":0,"covered":0,"skipped":0,"pct":100}}
,"/Users/guntharp/Code/sports-card-tracker/server/src/config.ts": {"lines":{"total":5,"covered":5,"skipped":0,"pct":100},"functions":{"total":1,"covered":1,"skipped":0,"pct":100},"statements":{"total":5,"covered":5,"skipped":0,"pct":100},"branches":{"total":38,"covered":38,"skipped":0,"pct":100}}
,"/Users/guntharp/Code/sports-card-tracker/server/src/database.ts": {"lines":{"total":350,"covered":245,"skipped":0,"pct":70},"functions":{"total":90,"covered":64,"skipped":0,"pct":71.11},"statements":{"total":413,"covered":279,"skipped":0,"pct":67.55},"branches":{"total":364,"covered":254,"skipped":0,"pct":69.78}}
,"/Users/guntharp/Code/sports-card-tracker/server/src/__tests__/helpers/factories.ts": {"lines":{"total":10,"covered":7,"skipped":0,"pct":70},"functions":{"total":4,"covered":2,"skipped":0,"pct":50},"statements":{"total":10,"covered":7,"skipped":0,"pct":70},"branches":{"total":3,"covered":1,"skipped":0,"pct":33.33}}
,"/Users/guntharp/Code/sports-card-tracker/server/src/__tests__/helpers/testSetup.ts": {"lines":{"total":80,"covered":79,"skipped":0,"pct":98.75},"functions":{"total":3,"covered":2,"skipped":0,"pct":66.66},"statements":{"total":80,"covered":79,"skipped":0,"pct":98.75},"branches":{"total":0,"covered":0,"skipped":0,"pct":100}}
,"/Users/guntharp/Code/sports-card-tracker/server/src/db/schema.ts": {"lines":{"total":29,"covered":21,"skipped":0,"pct":72.41},"functions":{"total":16,"covered":8,"skipped":0,"pct":50},"statements":{"total":29,"covered":21,"skipped":0,"pct":72.41},"branches":{"total":0,"covered":0,"skipped":0,"pct":100}}
,"/Users/guntharp/Code/sports-card-tracker/server/src/middleware/auth.ts": {"lines":{"total":36,"covered":34,"skipped":0,"pct":94.44},"functions":{"total":3,"covered":3,"skipped":0,"pct":100},"statements":{"total":36,"covered":34,"skipped":0,"pct":94.44},"branches":{"total":12,"covered":11,"skipped":0,"pct":91.66}}
,"/Users/guntharp/Code/sports-card-tracker/server/src/middleware/errorHandler.ts": {"lines":{"total":10,"covered":2,"skipped":0,"pct":20},"functions":{"total":2,"covered":0,"skipped":0,"pct":0},"statements":{"total":10,"covered":2,"skipped":0,"pct":20},"branches":{"total":2,"covered":0,"skipped":0,"pct":0}}
,"/Users/guntharp/Code/sports-card-tracker/server/src/routes/adminUsers.ts": {"lines":{"total":159,"covered":129,"skipped":0,"pct":81.13},"functions":{"total":13,"covered":13,"skipped":0,"pct":100},"statements":{"total":164,"covered":134,"skipped":0,"pct":81.7},"branches":{"total":81,"covered":73,"skipped":0,"pct":90.12}}
,"/Users/guntharp/Code/sports-card-tracker/server/src/routes/auditLogs.ts": {"lines":{"total":90,"covered":75,"skipped":0,"pct":83.33},"functions":{"total":7,"covered":6,"skipped":0,"pct":85.71},"statements":{"total":106,"covered":81,"skipped":0,"pct":76.41},"branches":{"total":63,"covered":51,"skipped":0,"pct":80.95}}
,"/Users/guntharp/Code/sports-card-tracker/server/src/routes/auth.ts": {"lines":{"total":109,"covered":85,"skipped":0,"pct":77.98},"functions":{"total":6,"covered":6,"skipped":0,"pct":100},"statements":{"total":112,"covered":86,"skipped":0,"pct":76.78},"branches":{"total":51,"covered":39,"skipped":0,"pct":76.47}}
,"/Users/guntharp/Code/sports-card-tracker/server/src/routes/cards.ts": {"lines":{"total":104,"covered":59,"skipped":0,"pct":56.73},"functions":{"total":11,"covered":6,"skipped":0,"pct":54.54},"statements":{"total":105,"covered":59,"skipped":0,"pct":56.19},"branches":{"total":38,"covered":22,"skipped":0,"pct":57.89}}
,"/Users/guntharp/Code/sports-card-tracker/server/src/routes/comps.ts": {"lines":{"total":87,"covered":37,"skipped":0,"pct":42.52},"functions":{"total":9,"covered":4,"skipped":0,"pct":44.44},"statements":{"total":88,"covered":37,"skipped":0,"pct":42.04},"branches":{"total":32,"covered":17,"skipped":0,"pct":53.12}}
,"/Users/guntharp/Code/sports-card-tracker/server/src/routes/ebay.ts": {"lines":{"total":50,"covered":40,"skipped":0,"pct":80},"functions":{"total":6,"covered":6,"skipped":0,"pct":100},"statements":{"total":50,"covered":40,"skipped":0,"pct":80},"branches":{"total":18,"covered":18,"skipped":0,"pct":100}}
,"/Users/guntharp/Code/sports-card-tracker/server/src/routes/ebayAuth.ts": {"lines":{"total":66,"covered":11,"skipped":0,"pct":16.66},"functions":{"total":6,"covered":1,"skipped":0,"pct":16.66},"statements":{"total":66,"covered":11,"skipped":0,"pct":16.66},"branches":{"total":12,"covered":0,"skipped":0,"pct":0}}
,"/Users/guntharp/Code/sports-card-tracker/server/src/routes/events.ts": {"lines":{"total":10,"covered":10,"skipped":0,"pct":100},"functions":{"total":3,"covered":3,"skipped":0,"pct":100},"statements":{"total":10,"covered":10,"skipped":0,"pct":100},"branches":{"total":0,"covered":0,"skipped":0,"pct":100}}
,"/Users/guntharp/Code/sports-card-tracker/server/src/routes/files.ts": {"lines":{"total":102,"covered":72,"skipped":0,"pct":70.58},"functions":{"total":18,"covered":15,"skipped":0,"pct":83.33},"statements":{"total":103,"covered":73,"skipped":0,"pct":70.87},"branches":{"total":30,"covered":18,"skipped":0,"pct":60}}
,"/Users/guntharp/Code/sports-card-tracker/server/src/routes/gradingSubmissions.ts": {"lines":{"total":154,"covered":122,"skipped":0,"pct":79.22},"functions":{"total":8,"covered":8,"skipped":0,"pct":100},"statements":{"total":155,"covered":123,"skipped":0,"pct":79.35},"branches":{"total":65,"covered":54,"skipped":0,"pct":83.07}}
,"/Users/guntharp/Code/sports-card-tracker/server/src/routes/health.ts": {"lines":{"total":11,"covered":10,"skipped":0,"pct":90.9},"functions":{"total":2,"covered":2,"skipped":0,"pct":100},"statements":{"total":11,"covered":10,"skipped":0,"pct":90.9},"branches":{"total":2,"covered":1,"skipped":0,"pct":50}}
,"/Users/guntharp/Code/sports-card-tracker/server/src/routes/imageProcessing.ts": {"lines":{"total":80,"covered":31,"skipped":0,"pct":38.75},"functions":{"total":8,"covered":5,"skipped":0,"pct":62.5},"statements":{"total":81,"covered":32,"skipped":0,"pct":39.5},"branches":{"total":53,"covered":11,"skipped":0,"pct":20.75}}
,"/Users/guntharp/Code/sports-card-tracker/server/src/routes/jobs.ts": {"lines":{"total":46,"covered":36,"skipped":0,"pct":78.26},"functions":{"total":5,"covered":5,"skipped":0,"pct":100},"statements":{"total":46,"covered":36,"skipped":0,"pct":78.26},"branches":{"total":12,"covered":11,"skipped":0,"pct":91.66}}
,"/Users/guntharp/Code/sports-card-tracker/server/src/services/auditService.ts": {"lines":{"total":24,"covered":22,"skipped":0,"pct":91.66},"functions":{"total":14,"covered":12,"skipped":0,"pct":85.71},"statements":{"total":25,"covered":23,"skipped":0,"pct":92},"branches":{"total":16,"covered":14,"skipped":0,"pct":87.5}}
,"/Users/guntharp/Code/sports-card-tracker/server/src/services/browserService.ts": {"lines":{"total":34,"covered":33,"skipped":0,"pct":97.05},"functions":{"total":8,"covered":7,"skipped":0,"pct":87.5},"statements":{"total":36,"covered":34,"skipped":0,"pct":94.44},"branches":{"total":17,"covered":13,"skipped":0,"pct":76.47}}
,"/Users/guntharp/Code/sports-card-tracker/server/src/services/cardParserService.ts": {"lines":{"total":123,"covered":120,"skipped":0,"pct":97.56},"functions":{"total":23,"covered":23,"skipped":0,"pct":100},"statements":{"total":139,"covered":135,"skipped":0,"pct":97.12},"branches":{"total":76,"covered":72,"skipped":0,"pct":94.73}}
,"/Users/guntharp/Code/sports-card-tracker/server/src/services/compCacheService.ts": {"lines":{"total":17,"covered":17,"skipped":0,"pct":100},"functions":{"total":5,"covered":5,"skipped":0,"pct":100},"statements":{"total":19,"covered":19,"skipped":0,"pct":100},"branches":{"total":7,"covered":5,"skipped":0,"pct":71.42}}
,"/Users/guntharp/Code/sports-card-tracker/server/src/services/compService.ts": {"lines":{"total":219,"covered":212,"skipped":0,"pct":96.8},"functions":{"total":34,"covered":33,"skipped":0,"pct":97.05},"statements":{"total":254,"covered":241,"skipped":0,"pct":94.88},"branches":{"total":141,"covered":117,"skipped":0,"pct":82.97}}
,"/Users/guntharp/Code/sports-card-tracker/server/src/services/ebayAuthService.ts": {"lines":{"total":100,"covered":89,"skipped":0,"pct":89},"functions":{"total":20,"covered":17,"skipped":0,"pct":85},"statements":{"total":105,"covered":92,"skipped":0,"pct":87.61},"branches":{"total":30,"covered":23,"skipped":0,"pct":76.66}}
,"/Users/guntharp/Code/sports-card-tracker/server/src/services/ebayExportService.ts": {"lines":{"total":98,"covered":92,"skipped":0,"pct":93.87},"functions":{"total":16,"covered":16,"skipped":0,"pct":100},"statements":{"total":102,"covered":96,"skipped":0,"pct":94.11},"branches":{"total":49,"covered":39,"skipped":0,"pct":79.59}}
,"/Users/guntharp/Code/sports-card-tracker/server/src/services/eventService.ts": {"lines":{"total":20,"covered":20,"skipped":0,"pct":100},"functions":{"total":8,"covered":8,"skipped":0,"pct":100},"statements":{"total":20,"covered":20,"skipped":0,"pct":100},"branches":{"total":3,"covered":2,"skipped":0,"pct":66.66}}
,"/Users/guntharp/Code/sports-card-tracker/server/src/services/fileService.ts": {"lines":{"total":56,"covered":55,"skipped":0,"pct":98.21},"functions":{"total":19,"covered":19,"skipped":0,"pct":100},"statements":{"total":64,"covered":59,"skipped":0,"pct":92.18},"branches":{"total":28,"covered":22,"skipped":0,"pct":78.57}}
,"/Users/guntharp/Code/sports-card-tracker/server/src/services/imageProcessingService.ts": {"lines":{"total":209,"covered":125,"skipped":0,"pct":59.8},"functions":{"total":20,"covered":16,"skipped":0,"pct":80},"statements":{"total":216,"covered":130,"skipped":0,"pct":60.18},"branches":{"total":135,"covered":84,"skipped":0,"pct":62.22}}
,"/Users/guntharp/Code/sports-card-tracker/server/src/services/jobService.ts": {"lines":{"total":35,"covered":35,"skipped":0,"pct":100},"functions":{"total":7,"covered":6,"skipped":0,"pct":85.71},"statements":{"total":38,"covered":36,"skipped":0,"pct":94.73},"branches":{"total":11,"covered":8,"skipped":0,"pct":72.72}}
,"/Users/guntharp/Code/sports-card-tracker/server/src/services/ocrService.ts": {"lines":{"total":7,"covered":7,"skipped":0,"pct":100},"functions":{"total":1,"covered":1,"skipped":0,"pct":100},"statements":{"total":7,"covered":7,"skipped":0,"pct":100},"branches":{"total":0,"covered":0,"skipped":0,"pct":100}}
,"/Users/guntharp/Code/sports-card-tracker/server/src/services/playerDatabase.ts": {"lines":{"total":56,"covered":36,"skipped":0,"pct":64.28},"functions":{"total":16,"covered":10,"skipped":0,"pct":62.5},"statements":{"total":58,"covered":36,"skipped":0,"pct":62.06},"branches":{"total":24,"covered":9,"skipped":0,"pct":37.5}}
,"/Users/guntharp/Code/sports-card-tracker/server/src/services/populationReportService.ts": {"lines":{"total":45,"covered":45,"skipped":0,"pct":100},"functions":{"total":6,"covered":6,"skipped":0,"pct":100},"statements":{"total":51,"covered":51,"skipped":0,"pct":100},"branches":{"total":33,"covered":32,"skipped":0,"pct":96.96}}
,"/Users/guntharp/Code/sports-card-tracker/server/src/services/adapters/cardLadder.ts": {"lines":{"total":124,"covered":106,"skipped":0,"pct":85.48},"functions":{"total":21,"covered":20,"skipped":0,"pct":95.23},"statements":{"total":148,"covered":125,"skipped":0,"pct":84.45},"branches":{"total":114,"covered":79,"skipped":0,"pct":69.29}}
,"/Users/guntharp/Code/sports-card-tracker/server/src/services/adapters/cgcPopScraper.ts": {"lines":{"total":170,"covered":157,"skipped":0,"pct":92.35},"functions":{"total":14,"covered":13,"skipped":0,"pct":92.85},"statements":{"total":193,"covered":175,"skipped":0,"pct":90.67},"branches":{"total":133,"covered":102,"skipped":0,"pct":76.69}}
,"/Users/guntharp/Code/sports-card-tracker/server/src/services/adapters/ebay.ts": {"lines":{"total":75,"covered":60,"skipped":0,"pct":80},"functions":{"total":13,"covered":12,"skipped":0,"pct":92.3},"statements":{"total":93,"covered":73,"skipped":0,"pct":78.49},"branches":{"total":59,"covered":37,"skipped":0,"pct":62.71}}
,"/Users/guntharp/Code/sports-card-tracker/server/src/services/adapters/gemratePopScraper.ts": {"lines":{"total":181,"covered":169,"skipped":0,"pct":93.37},"functions":{"total":20,"covered":18,"skipped":0,"pct":90},"statements":{"total":211,"covered":191,"skipped":0,"pct":90.52},"branches":{"total":171,"covered":120,"skipped":0,"pct":70.17}}
,"/Users/guntharp/Code/sports-card-tracker/server/src/services/adapters/gradeUtils.ts": {"lines":{"total":49,"covered":48,"skipped":0,"pct":97.95},"functions":{"total":8,"covered":8,"skipped":0,"pct":100},"statements":{"total":63,"covered":61,"skipped":0,"pct":96.82},"branches":{"total":43,"covered":41,"skipped":0,"pct":95.34}}
,"/Users/guntharp/Code/sports-card-tracker/server/src/services/adapters/marketMovers.ts": {"lines":{"total":176,"covered":142,"skipped":0,"pct":80.68},"functions":{"total":25,"covered":20,"skipped":0,"pct":80},"statements":{"total":202,"covered":158,"skipped":0,"pct":78.21},"branches":{"total":170,"covered":121,"skipped":0,"pct":71.17}}
,"/Users/guntharp/Code/sports-card-tracker/server/src/services/adapters/oneThirtyPoint.ts": {"lines":{"total":113,"covered":112,"skipped":0,"pct":99.11},"functions":{"total":16,"covered":15,"skipped":0,"pct":93.75},"statements":{"total":145,"covered":142,"skipped":0,"pct":97.93},"branches":{"total":88,"covered":81,"skipped":0,"pct":92.04}}
,"/Users/guntharp/Code/sports-card-tracker/server/src/services/adapters/psa.ts": {"lines":{"total":93,"covered":91,"skipped":0,"pct":97.84},"functions":{"total":16,"covered":16,"skipped":0,"pct":100},"statements":{"total":117,"covered":112,"skipped":0,"pct":95.72},"branches":{"total":55,"covered":50,"skipped":0,"pct":90.9}}
,"/Users/guntharp/Code/sports-card-tracker/server/src/services/adapters/psaPopScraper.ts": {"lines":{"total":152,"covered":137,"skipped":0,"pct":90.13},"functions":{"total":14,"covered":12,"skipped":0,"pct":85.71},"statements":{"total":178,"covered":160,"skipped":0,"pct":89.88},"branches":{"total":104,"covered":79,"skipped":0,"pct":75.96}}
,"/Users/guntharp/Code/sports-card-tracker/server/src/services/adapters/selectors.ts": {"lines":{"total":5,"covered":5,"skipped":0,"pct":100},"functions":{"total":0,"covered":0,"skipped":0,"pct":100},"statements":{"total":5,"covered":5,"skipped":0,"pct":100},"branches":{"total":0,"covered":0,"skipped":0,"pct":100}}
,"/Users/guntharp/Code/sports-card-tracker/server/src/services/adapters/sportsCardsPro.ts": {"lines":{"total":110,"covered":92,"skipped":0,"pct":83.63},"functions":{"total":16,"covered":12,"skipped":0,"pct":75},"statements":{"total":126,"covered":104,"skipped":0,"pct":82.53},"branches":{"total":93,"covered":66,"skipped":0,"pct":70.96}}
}
