TN:
SF:src/config.ts
FN:29,loadConfig
FNF:1
FNH:1
FNDA:399,loadConfig
DA:1,14
DA:29,14
DA:30,399
DA:31,399
DA:33,399
LF:5
LH:5
BRDA:30,0,0,399
BRDA:30,0,1,399
BRDA:31,1,0,399
BRDA:31,1,1,399
BRDA:35,2,0,399
BRDA:35,2,1,399
BRDA:39,3,0,399
BRDA:39,3,1,399
BRDA:40,4,0,399
BRDA:40,4,1,399
BRDA:41,5,0,399
BRDA:41,5,1,399
BRDA:44,6,0,399
BRDA:44,6,1,399
BRDA:46,7,0,399
BRDA:46,7,1,399
BRDA:47,8,0,399
BRDA:47,8,1,399
BRDA:48,9,0,399
BRDA:48,9,1,399
BRDA:49,10,0,399
BRDA:49,10,1,399
BRDA:50,11,0,399
BRDA:50,11,1,399
BRDA:51,12,0,399
BRDA:51,12,1,399
BRDA:52,13,0,399
BRDA:52,13,1,399
BRDA:55,14,0,399
BRDA:55,14,1,399
BRDA:56,15,0,399
BRDA:56,15,1,399
BRDA:57,16,0,399
BRDA:57,16,1,399
BRDA:58,17,0,399
BRDA:58,17,1,399
BRDA:59,18,0,399
BRDA:59,18,1,399
BRF:38
BRH:38
end_of_record
TN:
SF:src/database.ts
FN:230,(anonymous_10)
FN:257,(anonymous_11)
FN:295,(anonymous_12)
FN:301,(anonymous_13)
FN:312,(anonymous_14)
FN:315,(anonymous_15)
FN:321,(anonymous_16)
FN:399,(anonymous_17)
FN:454,(anonymous_18)
FN:462,(anonymous_19)
FN:484,(anonymous_20)
FN:491,(anonymous_21)
FN:493,(anonymous_22)
FN:496,(anonymous_23)
FN:502,(anonymous_24)
FN:508,(anonymous_25)
FN:514,(anonymous_26)
FN:523,(anonymous_27)
FN:555,(anonymous_28)
FN:574,(anonymous_29)
FN:583,(anonymous_30)
FN:590,(anonymous_31)
FN:602,(anonymous_32)
FN:614,(anonymous_33)
FN:617,(anonymous_34)
FN:623,(anonymous_35)
FN:631,(anonymous_36)
FN:666,(anonymous_37)
FN:691,(anonymous_38)
FN:702,(anonymous_39)
FN:713,(anonymous_40)
FN:714,(anonymous_41)
FN:718,(anonymous_42)
FN:725,(anonymous_43)
FN:738,(anonymous_44)
FN:754,(anonymous_45)
FN:761,(anonymous_46)
FN:771,(anonymous_47)
FN:786,(anonymous_48)
FN:789,(anonymous_49)
FN:795,(anonymous_50)
FN:830,(anonymous_51)
FN:850,(anonymous_52)
FN:862,(anonymous_53)
FN:891,(anonymous_54)
FN:920,(anonymous_55)
FN:928,(anonymous_56)
FN:933,(anonymous_57)
FN:936,(anonymous_58)
FN:941,(anonymous_59)
FN:947,(anonymous_60)
FN:957,(anonymous_61)
FN:974,(anonymous_62)
FN:982,(anonymous_63)
FN:998,(anonymous_64)
FN:1009,(anonymous_65)
FN:1012,(anonymous_66)
FN:1018,(anonymous_67)
FN:1069,(anonymous_68)
FN:1098,(anonymous_69)
FN:1103,(anonymous_70)
FN:1109,(anonymous_71)
FN:1111,(anonymous_72)
FN:1114,(anonymous_73)
FN:1117,(anonymous_74)
FN:1126,(anonymous_75)
FN:1129,(anonymous_76)
FN:1138,(anonymous_77)
FN:1144,(anonymous_78)
FN:1156,(anonymous_79)
FN:1163,(anonymous_80)
FN:1228,(anonymous_81)
FN:1244,(anonymous_82)
FN:1262,(anonymous_83)
FN:1294,(anonymous_84)
FN:1301,(anonymous_85)
FN:1313,(anonymous_86)
FN:1335,(anonymous_87)
FN:1355,(anonymous_88)
FN:1385,(anonymous_89)
FN:1392,(anonymous_90)
FN:1407,(anonymous_91)
FN:1421,(anonymous_92)
FN:1473,(anonymous_93)
FN:1479,(anonymous_94)
FN:1516,(anonymous_95)
FN:1534,(anonymous_96)
FN:1604,(anonymous_97)
FN:1618,(anonymous_98)
FN:1629,(anonymous_99)
FNF:90
FNH:89
FNDA:152,(anonymous_10)
FNDA:0,(anonymous_11)
FNDA:146,(anonymous_12)
FNDA:50,(anonymous_13)
FNDA:57,(anonymous_14)
FNDA:63,(anonymous_15)
FNDA:105,(anonymous_16)
FNDA:6,(anonymous_17)
FNDA:4,(anonymous_18)
FNDA:113,(anonymous_19)
FNDA:3,(anonymous_20)
FNDA:6,(anonymous_21)
FNDA:32,(anonymous_22)
FNDA:40,(anonymous_23)
FNDA:38,(anonymous_24)
FNDA:32,(anonymous_25)
FNDA:79,(anonymous_26)
FNDA:65,(anonymous_27)
FNDA:11,(anonymous_28)
FNDA:2,(anonymous_29)
FNDA:2,(anonymous_30)
FNDA:9,(anonymous_31)
FNDA:2,(anonymous_32)
FNDA:3,(anonymous_33)
FNDA:6,(anonymous_34)
FNDA:3,(anonymous_35)
FNDA:12,(anonymous_36)
FNDA:2,(anonymous_37)
FNDA:1,(anonymous_38)
FNDA:2,(anonymous_39)
FNDA:4,(anonymous_40)
FNDA:4,(anonymous_41)
FNDA:4,(anonymous_42)
FNDA:1,(anonymous_43)
FNDA:2,(anonymous_44)
FNDA:1,(anonymous_45)
FNDA:41,(anonymous_46)
FNDA:4,(anonymous_47)
FNDA:5,(anonymous_48)
FNDA:30,(anonymous_49)
FNDA:18,(anonymous_50)
FNDA:20,(anonymous_51)
FNDA:9,(anonymous_52)
FNDA:197,(anonymous_53)
FNDA:7,(anonymous_54)
FNDA:10,(anonymous_55)
FNDA:2,(anonymous_56)
FNDA:10,(anonymous_57)
FNDA:3,(anonymous_58)
FNDA:1,(anonymous_59)
FNDA:2,(anonymous_60)
FNDA:5,(anonymous_61)
FNDA:33,(anonymous_62)
FNDA:32,(anonymous_63)
FNDA:3,(anonymous_64)
FNDA:3,(anonymous_65)
FNDA:34,(anonymous_66)
FNDA:15,(anonymous_67)
FNDA:12,(anonymous_68)
FNDA:1,(anonymous_69)
FNDA:3,(anonymous_70)
FNDA:3,(anonymous_71)
FNDA:3,(anonymous_72)
FNDA:3,(anonymous_73)
FNDA:1,(anonymous_74)
FNDA:1,(anonymous_75)
FNDA:1,(anonymous_76)
FNDA:5,(anonymous_77)
FNDA:5,(anonymous_78)
FNDA:1,(anonymous_79)
FNDA:27,(anonymous_80)
FNDA:9,(anonymous_81)
FNDA:3,(anonymous_82)
FNDA:2,(anonymous_83)
FNDA:2,(anonymous_84)
FNDA:15,(anonymous_85)
FNDA:28,(anonymous_86)
FNDA:6,(anonymous_87)
FNDA:7,(anonymous_88)
FNDA:4,(anonymous_89)
FNDA:4,(anonymous_90)
FNDA:96,(anonymous_91)
FNDA:5,(anonymous_92)
FNDA:12,(anonymous_93)
FNDA:4,(anonymous_94)
FNDA:21,(anonymous_95)
FNDA:19,(anonymous_96)
FNDA:6,(anonymous_97)
FNDA:4,(anonymous_98)
FNDA:152,(anonymous_99)
DA:1,22
DA:2,22
DA:3,22
DA:5,22
DA:6,22
DA:7,22
DA:8,22
DA:9,22
DA:10,22
DA:11,22
DA:13,22
DA:16,22
DA:231,152
DA:232,152
DA:233,152
DA:234,152
DA:236,152
DA:237,152
DA:238,152
DA:240,0
DA:241,0
DA:244,0
DA:245,0
DA:247,0
DA:249,0
DA:258,0
DA:262,0
DA:265,0
DA:273,0
DA:277,0
DA:281,0
DA:282,0
DA:283,0
DA:284,0
DA:285,0
DA:289,0
DA:290,0
DA:296,146
DA:302,50
DA:303,50
DA:304,50
DA:305,50
DA:307,50
DA:312,57
DA:316,63
DA:317,63
DA:318,54
DA:322,105
DA:323,105
DA:325,105
DA:358,105
DA:392,105
DA:393,69
DA:396,105
DA:400,6
DA:401,6
DA:403,5
DA:405,5
DA:437,5
DA:438,1
DA:441,5
DA:455,4
DA:458,4
DA:459,2
DA:463,113
DA:485,3
DA:486,3
DA:492,6
DA:493,32
DA:497,40
DA:498,40
DA:499,35
DA:503,38
DA:504,38
DA:505,8
DA:509,32
DA:510,32
DA:511,4
DA:515,79
DA:524,65
DA:525,65
DA:526,65
DA:528,65
DA:540,65
DA:552,65
DA:556,11
DA:557,11
DA:559,11
DA:560,11
DA:562,11
DA:571,11
DA:575,2
DA:576,2
DA:580,2
DA:584,2
DA:585,2
DA:591,9
DA:604,2
DA:605,1
DA:610,1
DA:614,3
DA:618,6
DA:619,6
DA:620,4
DA:624,3
DA:627,3
DA:628,2
DA:632,12
DA:633,12
DA:635,12
DA:649,12
DA:663,12
DA:667,2
DA:668,2
DA:670,1
DA:671,1
DA:677,1
DA:688,1
DA:693,1
DA:697,1
DA:703,2
DA:711,2
DA:713,4
DA:714,4
DA:718,2
DA:719,4
DA:722,2
DA:726,1
DA:727,1
DA:728,1
DA:729,2
DA:733,2
DA:735,1
DA:739,2
DA:740,2
DA:742,1
DA:755,1
DA:756,1
DA:762,41
DA:772,4
DA:773,4
DA:774,4
DA:776,4
DA:781,4
DA:782,1
DA:785,4
DA:786,5
DA:790,30
DA:791,30
DA:792,28
DA:796,18
DA:797,18
DA:799,18
DA:813,18
DA:827,18
DA:831,20
DA:832,20
DA:834,20
DA:835,20
DA:837,20
DA:847,20
DA:851,9
DA:856,9
DA:857,8
DA:863,197
DA:864,197
DA:866,197
DA:877,197
DA:888,197
DA:892,7
DA:893,7
DA:894,7
DA:895,7
DA:896,7
DA:898,7
DA:900,7
DA:901,7
DA:903,7
DA:904,7
DA:905,7
DA:907,7
DA:909,7
DA:915,7
DA:916,1
DA:919,7
DA:920,10
DA:925,7
DA:929,2
DA:933,10
DA:937,3
DA:938,3
DA:942,1
DA:943,1
DA:944,1
DA:948,2
DA:949,2
DA:950,2
DA:951,2
DA:953,2
DA:954,2
DA:958,5
DA:959,5
DA:960,5
DA:961,5
DA:962,5
DA:963,5
DA:965,1
DA:968,5
DA:969,5
DA:974,33
DA:983,32
DA:999,3
DA:1000,3
DA:1001,3
DA:1002,3
DA:1004,3
DA:1009,3
DA:1013,34
DA:1014,34
DA:1015,29
DA:1019,15
DA:1020,15
DA:1022,15
DA:1044,15
DA:1066,15
DA:1070,12
DA:1071,12
DA:1073,12
DA:1074,12
DA:1076,12
DA:1095,12
DA:1099,1
DA:1100,1
DA:1104,3
DA:1108,3
DA:1109,3
DA:1110,3
DA:1111,3
DA:1114,3
DA:1115,3
DA:1116,3
DA:1117,1
DA:1118,1
DA:1119,1
DA:1120,1
DA:1122,1
DA:1126,3
DA:1127,3
DA:1128,3
DA:1129,1
DA:1130,1
DA:1133,3
DA:1139,5
DA:1140,5
DA:1141,3
DA:1146,5
DA:1147,5
DA:1157,1
DA:1158,1
DA:1164,27
DA:1165,27
DA:1167,27
DA:1181,27
DA:1182,27
DA:1183,35
DA:1184,35
DA:1196,35
DA:1200,27
DA:1201,27
DA:1202,25
DA:1203,25
DA:1209,25
DA:1212,27
DA:1229,9
DA:1235,9
DA:1237,5
DA:1241,5
DA:1245,3
DA:1251,3
DA:1252,3
DA:1253,10
DA:1256,10
DA:1259,3
DA:1264,2
DA:1278,2
DA:1279,2
DA:1280,2
DA:1281,1
DA:1282,1
DA:1283,1
DA:1284,1
DA:1285,1
DA:1286,1
DA:1287,1
DA:1291,2
DA:1295,2
DA:1298,2
DA:1305,15
DA:1306,15
DA:1307,0
DA:1309,15
DA:1313,28
DA:1336,6
DA:1337,6
DA:1339,6
DA:1360,7
DA:1370,7
DA:1372,3
DA:1386,4
DA:1392,4
DA:1408,96
DA:1409,96
DA:1411,96
DA:1436,5
DA:1459,5
DA:1473,12
DA:1481,4
DA:1485,4
DA:1486,4
DA:1488,4
DA:1489,3
DA:1490,3
DA:1492,3
DA:1493,3
DA:1494,3
DA:1497,3
DA:1505,3
DA:1507,0
DA:1508,0
DA:1511,4
DA:1517,21
DA:1525,21
DA:1527,13
DA:1535,19
DA:1538,19
DA:1546,19
DA:1547,2
DA:1557,2
DA:1570,17
DA:1571,17
DA:1586,17
DA:1601,17
DA:1605,6
DA:1606,6
DA:1615,6
DA:1619,4
DA:1620,4
DA:1630,152
DA:1631,152
DA:1635,22
LF:350
LH:329
BRDA:230,0,0,0
BRDA:236,1,0,152
BRDA:236,1,1,0
BRDA:241,2,0,0
BRDA:241,2,1,0
BRDA:262,3,0,0
BRDA:262,3,1,0
BRDA:277,4,0,0
BRDA:277,4,1,0
BRDA:303,5,0,1
BRDA:303,5,1,49
BRDA:304,6,0,1
BRDA:304,6,1,49
BRDA:305,7,0,5
BRDA:305,7,1,45
BRDA:308,8,0,7
BRDA:308,8,1,43
BRDA:317,9,0,9
BRDA:317,9,1,54
BRDA:327,10,0,105
BRDA:327,10,1,97
BRDA:329,11,0,105
BRDA:329,11,1,68
BRDA:352,12,0,105
BRDA:352,12,1,0
BRDA:353,13,0,105
BRDA:353,13,1,84
BRDA:361,14,0,105
BRDA:361,14,1,101
BRDA:369,15,0,105
BRDA:369,15,1,104
BRDA:371,16,0,105
BRDA:371,16,1,103
BRDA:372,17,0,105
BRDA:372,17,1,105
BRDA:373,18,0,105
BRDA:373,18,1,105
BRDA:374,19,0,105
BRDA:374,19,1,104
BRDA:375,20,0,0
BRDA:375,20,1,105
BRDA:376,21,0,0
BRDA:376,21,1,105
BRDA:377,22,0,0
BRDA:377,22,1,105
BRDA:378,23,0,0
BRDA:378,23,1,105
BRDA:379,24,0,1
BRDA:379,24,1,104
BRDA:382,25,0,105
BRDA:382,25,1,105
BRDA:383,26,0,105
BRDA:383,26,1,104
BRDA:392,27,0,69
BRDA:392,27,1,36
BRDA:401,28,0,1
BRDA:401,28,1,5
BRDA:406,29,0,5
BRDA:406,29,1,3
BRDA:407,30,0,5
BRDA:407,30,1,5
BRDA:408,31,0,5
BRDA:408,31,1,3
BRDA:415,32,0,5
BRDA:415,32,1,5
BRDA:417,33,0,5
BRDA:417,33,1,3
BRDA:418,34,0,5
BRDA:418,34,1,5
BRDA:419,35,0,5
BRDA:419,35,1,5
BRDA:420,36,0,5
BRDA:420,36,1,3
BRDA:421,37,0,0
BRDA:421,37,1,5
BRDA:422,38,0,0
BRDA:422,38,1,5
BRDA:423,39,0,0
BRDA:423,39,1,5
BRDA:424,40,0,0
BRDA:424,40,1,5
BRDA:425,41,0,2
BRDA:425,41,1,3
BRDA:428,42,0,5
BRDA:428,42,1,5
BRDA:429,43,0,5
BRDA:429,43,1,5
BRDA:431,44,0,5
BRDA:431,44,1,0
BRDA:432,45,0,5
BRDA:432,45,1,4
BRDA:437,46,0,1
BRDA:437,46,1,4
BRDA:437,47,0,5
BRDA:437,47,1,1
BRDA:445,48,0,5
BRDA:445,48,1,3
BRDA:446,49,0,5
BRDA:446,49,1,3
BRDA:447,50,0,5
BRDA:447,50,1,0
BRDA:448,51,0,5
BRDA:448,51,1,4
BRDA:458,52,0,2
BRDA:458,52,1,2
BRDA:465,53,0,113
BRDA:465,53,1,111
BRDA:466,54,0,113
BRDA:466,54,1,0
BRDA:467,55,0,113
BRDA:467,55,1,110
BRDA:468,56,0,113
BRDA:468,56,1,106
BRDA:469,57,0,113
BRDA:469,57,1,113
BRDA:470,58,0,113
BRDA:470,58,1,113
BRDA:471,59,0,113
BRDA:471,59,1,109
BRDA:477,60,0,113
BRDA:477,60,1,113
BRDA:478,61,0,113
BRDA:478,61,1,113
BRDA:479,62,0,113
BRDA:479,62,1,0
BRDA:480,63,0,113
BRDA:480,63,1,107
BRDA:498,64,0,5
BRDA:498,64,1,35
BRDA:504,65,0,30
BRDA:504,65,1,8
BRDA:510,66,0,28
BRDA:510,66,1,4
BRDA:517,67,0,79
BRDA:517,67,1,0
BRDA:519,68,0,79
BRDA:519,68,1,79
BRDA:533,69,0,65
BRDA:533,69,1,56
BRDA:557,70,0,0
BRDA:557,70,1,11
BRDA:593,71,0,9
BRDA:593,71,1,7
BRDA:594,72,0,9
BRDA:594,72,1,8
BRDA:595,73,0,9
BRDA:595,73,1,0
BRDA:597,74,0,9
BRDA:597,74,1,0
BRDA:598,75,0,9
BRDA:598,75,1,0
BRDA:604,76,0,1
BRDA:604,76,1,1
BRDA:619,77,0,2
BRDA:619,77,1,4
BRDA:627,78,0,1
BRDA:627,78,1,2
BRDA:639,79,0,12
BRDA:639,79,1,10
BRDA:640,80,0,12
BRDA:640,80,1,11
BRDA:641,81,0,12
BRDA:641,81,1,10
BRDA:642,82,0,12
BRDA:642,82,1,9
BRDA:643,83,0,12
BRDA:643,83,1,10
BRDA:644,84,0,12
BRDA:644,84,1,10
BRDA:668,85,0,1
BRDA:668,85,1,1
BRDA:719,86,0,4
BRDA:719,86,1,2
BRDA:733,87,0,2
BRDA:733,87,1,0
BRDA:740,88,0,1
BRDA:740,88,1,1
BRDA:765,89,0,41
BRDA:765,89,1,0
BRDA:766,90,0,41
BRDA:766,90,1,39
BRDA:767,91,0,41
BRDA:767,91,1,39
BRDA:773,92,0,1
BRDA:773,92,1,3
BRDA:774,93,0,1
BRDA:774,93,1,3
BRDA:777,94,0,2
BRDA:777,94,1,2
BRDA:781,95,0,1
BRDA:781,95,1,3
BRDA:791,96,0,2
BRDA:791,96,1,28
BRDA:803,97,0,18
BRDA:803,97,1,11
BRDA:832,98,0,0
BRDA:832,98,1,20
BRDA:856,99,0,1
BRDA:856,99,1,8
BRDA:868,100,0,197
BRDA:868,100,1,128
BRDA:871,101,0,197
BRDA:871,101,1,46
BRDA:872,102,0,197
BRDA:872,102,1,42
BRDA:873,103,0,197
BRDA:873,103,1,38
BRDA:893,104,0,0
BRDA:893,104,1,7
BRDA:894,105,0,5
BRDA:894,105,1,2
BRDA:895,106,0,0
BRDA:895,106,1,7
BRDA:896,107,0,0
BRDA:896,107,1,7
BRDA:898,108,0,5
BRDA:898,108,1,2
BRDA:901,109,0,7
BRDA:901,109,1,0
BRDA:904,110,0,0
BRDA:904,110,1,7
BRDA:904,111,0,7
BRDA:904,111,1,0
BRDA:905,112,0,0
BRDA:905,112,1,7
BRDA:907,113,0,7
BRDA:907,113,1,3
BRDA:915,114,0,1
BRDA:915,114,1,6
BRDA:922,115,0,10
BRDA:922,115,1,3
BRDA:942,116,0,0
BRDA:942,116,1,1
BRDA:949,117,0,1
BRDA:949,117,1,1
BRDA:950,118,0,1
BRDA:950,118,1,1
BRDA:951,119,0,0
BRDA:951,119,1,2
BRDA:959,120,0,1
BRDA:959,120,1,4
BRDA:960,121,0,0
BRDA:960,121,1,5
BRDA:961,122,0,0
BRDA:961,122,1,5
BRDA:962,123,0,0
BRDA:962,123,1,5
BRDA:963,124,0,1
BRDA:963,124,1,4
BRDA:968,125,0,2
BRDA:968,125,1,3
BRDA:976,126,0,33
BRDA:976,126,1,10
BRDA:988,127,0,32
BRDA:988,127,1,21
BRDA:989,128,0,32
BRDA:989,128,1,26
BRDA:990,129,0,32
BRDA:990,129,1,30
BRDA:991,130,0,32
BRDA:991,130,1,32
BRDA:992,131,0,32
BRDA:992,131,1,32
BRDA:993,132,0,32
BRDA:993,132,1,32
BRDA:994,133,0,32
BRDA:994,133,1,32
BRDA:1000,134,0,3
BRDA:1000,134,1,0
BRDA:1001,135,0,1
BRDA:1001,135,1,2
BRDA:1002,136,0,1
BRDA:1002,136,1,2
BRDA:1005,137,0,3
BRDA:1005,137,1,0
BRDA:1014,138,0,5
BRDA:1014,138,1,29
BRDA:1031,139,0,15
BRDA:1031,139,1,3
BRDA:1037,140,0,15
BRDA:1037,140,1,15
BRDA:1039,141,0,15
BRDA:1039,141,1,15
BRDA:1071,142,0,0
BRDA:1071,142,1,12
BRDA:1114,143,0,3
BRDA:1114,143,1,1
BRDA:1116,144,0,1
BRDA:1116,144,1,2
BRDA:1128,145,0,1
BRDA:1128,145,1,2
BRDA:1140,146,0,2
BRDA:1140,146,1,3
BRDA:1170,147,0,27
BRDA:1170,147,1,8
BRDA:1174,148,0,27
BRDA:1174,148,1,24
BRDA:1175,149,0,27
BRDA:1175,149,1,24
BRDA:1176,150,0,2
BRDA:1176,150,1,25
BRDA:1193,151,0,35
BRDA:1193,151,1,33
BRDA:1200,152,0,27
BRDA:1200,152,1,24
BRDA:1201,153,0,25
BRDA:1201,153,1,2
BRDA:1201,154,0,27
BRDA:1201,154,1,25
BRDA:1235,155,0,4
BRDA:1235,155,1,5
BRDA:1244,156,0,2
BRDA:1281,157,0,0
BRDA:1281,157,1,1
BRDA:1285,158,0,1
BRDA:1285,158,1,0
BRDA:1286,159,0,1
BRDA:1286,159,1,0
BRDA:1286,160,0,0
BRDA:1286,160,1,0
BRDA:1306,161,0,0
BRDA:1306,161,1,15
BRDA:1312,162,0,15
BRDA:1312,162,1,1
BRDA:1319,163,0,28
BRDA:1319,163,1,0
BRDA:1320,164,0,28
BRDA:1320,164,1,28
BRDA:1326,165,0,15
BRDA:1326,165,1,15
BRDA:1327,166,0,15
BRDA:1327,166,1,15
BRDA:1370,167,0,4
BRDA:1370,167,1,3
BRDA:1375,168,0,3
BRDA:1375,168,1,0
BRDA:1385,169,0,2
BRDA:1395,170,0,4
BRDA:1395,170,1,0
BRDA:1416,171,0,96
BRDA:1416,171,1,1
BRDA:1489,172,0,3
BRDA:1489,172,1,3
BRDA:1490,173,0,0
BRDA:1490,173,1,3
BRDA:1490,174,0,3
BRDA:1490,174,1,3
BRDA:1493,175,0,0
BRDA:1493,175,1,3
BRDA:1505,176,0,3
BRDA:1505,176,1,0
BRDA:1525,177,0,8
BRDA:1525,177,1,13
BRDA:1530,178,0,13
BRDA:1530,178,1,13
BRDA:1546,179,0,2
BRDA:1546,179,1,17
BRDA:1552,180,0,2
BRDA:1552,180,1,2
BRDA:1563,181,0,2
BRDA:1563,181,1,2
BRDA:1563,181,2,2
BRDA:1579,182,0,17
BRDA:1579,182,1,17
BRF:364
BRH:308
end_of_record
TN:
SF:src/__tests__/helpers/factories.ts
FN:5,nextId
FN:9,createCardData
FN:28,createUserData
FN:38,createJobData
FNF:4
FNH:2
FNDA:34,nextId
FNDA:34,createCardData
FNDA:0,createUserData
FNDA:0,createJobData
DA:3,3
DA:6,34
DA:9,3
DA:10,34
DA:11,34
DA:28,3
DA:29,0
DA:30,0
DA:38,3
DA:39,0
LF:10
LH:7
BRDA:9,0,0,11
BRDA:28,1,0,0
BRDA:38,2,0,0
BRF:3
BRH:1
end_of_record
TN:
SF:src/__tests__/helpers/testSetup.ts
FN:51,createTestDb
FN:55,createTestApp
FN:107,cleanupTestContext
FNF:3
FNH:2
FNDA:0,createTestDb
FNDA:38,createTestApp
FNDA:38,cleanupTestContext
DA:1,13
DA:2,13
DA:3,13
DA:4,13
DA:5,13
DA:6,13
DA:7,13
DA:8,13
DA:9,13
DA:10,13
DA:11,13
DA:12,13
DA:13,13
DA:15,13
DA:16,13
DA:17,13
DA:18,13
DA:19,13
DA:20,13
DA:21,13
DA:22,13
DA:23,13
DA:24,13
DA:25,13
DA:26,13
DA:27,13
DA:28,13
DA:29,13
DA:30,13
DA:31,13
DA:32,13
DA:33,13
DA:51,13
DA:52,0
DA:55,13
DA:56,38
DA:57,38
DA:58,38
DA:59,38
DA:60,38
DA:62,38
DA:63,38
DA:65,38
DA:66,38
DA:67,38
DA:68,38
DA:69,38
DA:70,38
DA:72,38
DA:76,38
DA:77,38
DA:78,38
DA:79,38
DA:80,38
DA:82,38
DA:83,38
DA:84,38
DA:85,38
DA:86,38
DA:88,38
DA:89,38
DA:90,38
DA:91,38
DA:92,38
DA:93,38
DA:94,38
DA:95,38
DA:96,38
DA:97,38
DA:98,38
DA:99,38
DA:100,38
DA:102,38
DA:104,38
DA:107,13
DA:108,38
DA:109,38
DA:110,38
DA:111,38
DA:112,38
LF:80
LH:79
BRF:0
BRH:0
end_of_record
TN:
SF:src/db/schema.ts
FN:21,(anonymous_0)
FN:88,(anonymous_1)
FN:89,(anonymous_2)
FN:106,(anonymous_3)
FN:120,(anonymous_4)
FN:128,(anonymous_5)
FN:138,(anonymous_6)
FN:147,(anonymous_7)
FN:156,(anonymous_8)
FN:171,(anonymous_9)
FN:181,(anonymous_10)
FN:192,(anonymous_11)
FN:201,(anonymous_12)
FN:212,(anonymous_13)
FN:221,(anonymous_14)
FN:226,(anonymous_15)
FNF:16
FNH:8
FNDA:0,(anonymous_0)
FNDA:0,(anonymous_1)
FNDA:0,(anonymous_2)
FNDA:152,(anonymous_3)
FNDA:152,(anonymous_4)
FNDA:0,(anonymous_5)
FNDA:152,(anonymous_6)
FNDA:0,(anonymous_7)
FNDA:152,(anonymous_8)
FNDA:152,(anonymous_9)
FNDA:0,(anonymous_10)
FNDA:152,(anonymous_11)
FNDA:0,(anonymous_12)
FNDA:152,(anonymous_13)
FNDA:0,(anonymous_14)
FNDA:152,(anonymous_15)
DA:1,22
DA:5,22
DA:19,22
DA:21,0
DA:35,22
DA:70,22
DA:86,22
DA:88,0
DA:89,0
DA:106,152
DA:114,22
DA:120,152
DA:126,22
DA:128,0
DA:138,152
DA:145,22
DA:147,0
DA:156,152
DA:162,22
DA:171,152
DA:179,22
DA:181,0
DA:192,152
DA:199,22
DA:201,0
DA:212,152
DA:219,22
DA:221,0
DA:226,152
LF:29
LH:21
BRF:0
BRH:0
end_of_record
TN:
SF:src/middleware/auth.ts
FN:6,optionalAuth
FN:29,authenticateToken
FN:52,requireAdmin
FNF:3
FNH:3
FNDA:389,optionalAuth
FNDA:171,authenticateToken
FNDA:81,requireAdmin
DA:2,14
DA:4,14
DA:6,14
DA:7,389
DA:8,389
DA:9,230
DA:10,230
DA:13,159
DA:14,159
DA:15,0
DA:16,0
DA:19,159
DA:20,159
DA:21,159
DA:22,158
DA:26,159
DA:29,14
DA:30,171
DA:31,171
DA:32,9
DA:33,9
DA:36,162
DA:37,162
DA:38,1
DA:39,1
DA:42,161
DA:43,161
DA:44,161
DA:45,160
DA:46,160
DA:48,1
DA:52,14
DA:53,81
DA:54,9
DA:55,9
DA:57,72
LF:36
LH:34
BRDA:8,0,0,230
BRDA:8,0,1,159
BRDA:14,1,0,0
BRDA:14,1,1,159
BRDA:31,2,0,9
BRDA:31,2,1,162
BRDA:37,3,0,1
BRDA:37,3,1,161
BRDA:53,4,0,9
BRDA:53,4,1,72
BRDA:53,5,0,81
BRDA:53,5,1,80
BRF:12
BRH:11
end_of_record
TN:
SF:src/middleware/errorHandler.ts
FN:6,(anonymous_0)
FN:13,errorHandler
FNF:2
FNH:0
FNDA:0,(anonymous_0)
FNDA:0,errorHandler
DA:3,13
DA:7,0
DA:8,0
DA:9,0
DA:13,13
DA:14,0
DA:15,0
DA:16,0
DA:19,0
DA:20,0
LF:10
LH:2
BRDA:14,0,0,0
BRDA:14,0,1,0
BRF:2
BRH:0
end_of_record
TN:
SF:src/routes/adminUsers.ts
FN:8,sanitizeUser
FN:13,createAdminUserRoutes
FN:20,(anonymous_3)
FN:31,(anonymous_4)
FN:46,(anonymous_5)
FN:90,(anonymous_6)
FN:143,(anonymous_7)
FN:176,(anonymous_8)
FN:187,(anonymous_9)
FN:216,(anonymous_10)
FN:234,(anonymous_11)
FN:263,(anonymous_12)
FN:280,(anonymous_13)
FNF:13
FNH:13
FNDA:20,sanitizeUser
FNDA:38,createAdminUserRoutes
FNDA:3,(anonymous_3)
FNDA:4,(anonymous_4)
FNDA:14,(anonymous_5)
FNDA:6,(anonymous_6)
FNDA:4,(anonymous_7)
FNDA:4,(anonymous_8)
FNDA:6,(anonymous_9)
FNDA:5,(anonymous_10)
FNDA:14,(anonymous_11)
FNDA:5,(anonymous_12)
FNDA:8,(anonymous_13)
DA:1,13
DA:2,13
DA:6,13
DA:9,20
DA:10,20
DA:13,13
DA:14,38
DA:17,38
DA:20,38
DA:21,3
DA:22,3
DA:23,2
DA:25,1
DA:26,1
DA:31,38
DA:32,4
DA:33,4
DA:34,3
DA:35,2
DA:36,2
DA:38,1
DA:40,1
DA:41,1
DA:46,38
DA:47,14
DA:48,14
DA:50,14
DA:51,1
DA:52,1
DA:55,13
DA:56,1
DA:57,1
DA:60,12
DA:61,12
DA:62,1
DA:63,1
DA:66,11
DA:67,11
DA:68,1
DA:69,1
DA:72,10
DA:73,10
DA:75,9
DA:82,9
DA:84,1
DA:85,1
DA:90,38
DA:91,6
DA:92,6
DA:93,6
DA:94,5
DA:95,1
DA:96,1
DA:100,4
DA:101,2
DA:102,2
DA:103,1
DA:104,1
DA:109,3
DA:110,2
DA:111,2
DA:112,1
DA:113,1
DA:117,2
DA:118,2
DA:119,2
DA:121,2
DA:122,2
DA:123,0
DA:124,0
DA:127,2
DA:128,2
DA:135,2
DA:137,1
DA:138,1
DA:143,38
DA:144,4
DA:145,4
DA:147,4
DA:148,1
DA:149,1
DA:152,3
DA:153,2
DA:154,1
DA:155,1
DA:158,1
DA:159,1
DA:161,1
DA:168,1
DA:170,1
DA:171,1
DA:176,38
DA:177,4
DA:178,4
DA:179,3
DA:180,0
DA:181,0
DA:185,3
DA:186,1
DA:187,6
DA:188,1
DA:189,1
DA:190,1
DA:194,2
DA:195,2
DA:196,2
DA:197,0
DA:198,0
DA:201,2
DA:208,2
DA:210,1
DA:211,1
DA:216,38
DA:217,5
DA:218,5
DA:220,5
DA:221,1
DA:222,1
DA:225,4
DA:226,3
DA:227,0
DA:228,0
DA:232,3
DA:233,2
DA:234,14
DA:235,2
DA:236,1
DA:237,1
DA:241,2
DA:242,2
DA:243,2
DA:244,0
DA:245,0
DA:248,2
DA:255,2
DA:257,1
DA:258,1
DA:263,38
DA:264,5
DA:265,5
DA:266,4
DA:267,1
DA:268,1
DA:272,3
DA:273,1
DA:274,1
DA:278,2
DA:279,1
DA:280,8
DA:281,1
DA:282,0
DA:283,0
DA:287,2
DA:288,2
DA:290,2
DA:297,2
DA:299,1
DA:300,1
DA:304,38
LF:159
LH:147
BRDA:34,0,0,2
BRDA:34,0,1,1
BRDA:50,1,0,1
BRDA:50,1,1,13
BRDA:50,2,0,14
BRDA:50,2,1,14
BRDA:50,2,2,13
BRDA:55,3,0,1
BRDA:55,3,1,12
BRDA:61,4,0,1
BRDA:61,4,1,11
BRDA:67,5,0,1
BRDA:67,5,1,10
BRDA:72,6,0,1
BRDA:72,6,1,9
BRDA:94,7,0,1
BRDA:94,7,1,4
BRDA:100,8,0,2
BRDA:100,8,1,2
BRDA:100,9,0,4
BRDA:100,9,1,2
BRDA:102,10,0,1
BRDA:102,10,1,1
BRDA:109,11,0,2
BRDA:109,11,1,1
BRDA:109,12,0,3
BRDA:109,12,1,2
BRDA:111,13,0,1
BRDA:111,13,1,1
BRDA:118,14,0,1
BRDA:118,14,1,1
BRDA:119,15,0,1
BRDA:119,15,1,1
BRDA:122,16,0,0
BRDA:122,16,1,2
BRDA:147,17,0,1
BRDA:147,17,1,3
BRDA:147,18,0,4
BRDA:147,18,1,4
BRDA:153,19,0,1
BRDA:153,19,1,1
BRDA:179,20,0,0
BRDA:179,20,1,3
BRDA:185,21,0,1
BRDA:185,21,1,2
BRDA:185,22,0,3
BRDA:185,22,1,1
BRDA:187,23,0,6
BRDA:187,23,1,1
BRDA:188,24,0,1
BRDA:188,24,1,0
BRDA:196,25,0,0
BRDA:196,25,1,2
BRDA:220,26,0,1
BRDA:220,26,1,4
BRDA:220,27,0,5
BRDA:220,27,1,3
BRDA:226,28,0,0
BRDA:226,28,1,3
BRDA:232,29,0,2
BRDA:232,29,1,1
BRDA:232,30,0,3
BRDA:232,30,1,2
BRDA:234,31,0,14
BRDA:234,31,1,3
BRDA:235,32,0,1
BRDA:235,32,1,1
BRDA:243,33,0,0
BRDA:243,33,1,2
BRDA:266,34,0,1
BRDA:266,34,1,3
BRDA:272,35,0,1
BRDA:272,35,1,2
BRDA:278,36,0,1
BRDA:278,36,1,1
BRDA:278,37,0,2
BRDA:278,37,1,1
BRDA:280,38,0,8
BRDA:280,38,1,2
BRDA:281,39,0,0
BRDA:281,39,1,1
BRF:81
BRH:74
end_of_record
TN:
SF:src/routes/auditLogs.ts
FN:6,createAuditLogRoutes
FN:10,(anonymous_1)
FN:33,(anonymous_2)
FN:44,(anonymous_3)
FN:101,(anonymous_4)
FN:125,(anonymous_5)
FN:172,(anonymous_6)
FNF:7
FNH:7
FNDA:38,createAuditLogRoutes
FNDA:4,(anonymous_1)
FNDA:2,(anonymous_2)
FNDA:7,(anonymous_3)
FNDA:4,(anonymous_4)
FNDA:5,(anonymous_5)
FNDA:4,(anonymous_6)
DA:1,13
DA:4,13
DA:6,13
DA:7,38
DA:10,38
DA:11,4
DA:12,4
DA:14,4
DA:25,3
DA:27,1
DA:28,1
DA:33,38
DA:34,2
DA:35,2
DA:36,1
DA:38,1
DA:39,1
DA:44,38
DA:45,7
DA:46,7
DA:48,7
DA:49,2
DA:52,5
DA:53,5
DA:54,5
DA:55,5
DA:56,5
DA:57,5
DA:59,5
DA:63,4
DA:65,4
DA:66,2
DA:67,2
DA:68,2
DA:69,2
DA:71,2
DA:72,2
DA:73,2
DA:74,2
DA:78,4
DA:79,4
DA:80,4
DA:81,4
DA:82,4
DA:83,4
DA:85,4
DA:95,1
DA:96,1
DA:101,38
DA:102,4
DA:103,4
DA:105,4
DA:106,2
DA:109,2
DA:111,1
DA:117,1
DA:119,1
DA:120,1
DA:125,38
DA:126,5
DA:127,5
DA:129,5
DA:130,1
DA:134,4
DA:135,4
DA:136,1
DA:139,3
DA:140,3
DA:141,3
DA:142,3
DA:144,3
DA:149,2
DA:150,2
DA:151,2
DA:152,2
DA:154,2
DA:164,2
DA:166,1
DA:167,1
DA:172,38
DA:173,4
DA:174,4
DA:175,4
DA:177,3
DA:178,1
DA:181,2
DA:188,2
DA:190,1
DA:191,1
DA:195,38
LF:90
LH:90
BRDA:19,0,0,0
BRDA:19,0,1,4
BRDA:20,1,0,0
BRDA:20,1,1,4
BRDA:48,2,0,2
BRDA:48,2,1,5
BRDA:48,3,0,7
BRDA:48,3,1,6
BRDA:48,3,2,3
BRDA:53,4,0,1
BRDA:53,4,1,4
BRDA:54,5,0,0
BRDA:54,5,1,5
BRDA:55,6,0,0
BRDA:55,6,1,5
BRDA:56,7,0,0
BRDA:56,7,1,5
BRDA:57,8,0,0
BRDA:57,8,1,5
BRDA:60,9,0,1
BRDA:60,9,1,4
BRDA:65,10,0,2
BRDA:65,10,1,2
BRDA:79,11,0,1
BRDA:79,11,1,3
BRDA:80,12,0,0
BRDA:80,12,1,4
BRDA:81,13,0,0
BRDA:81,13,1,4
BRDA:82,14,0,0
BRDA:82,14,1,4
BRDA:83,15,0,0
BRDA:83,15,1,4
BRDA:91,16,0,4
BRDA:91,16,1,1
BRDA:105,17,0,2
BRDA:105,17,1,2
BRDA:105,18,0,4
BRDA:105,18,1,3
BRDA:129,19,0,1
BRDA:129,19,1,4
BRDA:129,20,0,5
BRDA:129,20,1,4
BRDA:135,21,0,1
BRDA:135,21,1,3
BRDA:140,22,0,1
BRDA:140,22,1,2
BRDA:141,23,0,1
BRDA:141,23,1,2
BRDA:142,24,0,0
BRDA:142,24,1,3
BRDA:146,25,0,1
BRDA:146,25,1,2
BRDA:150,26,0,1
BRDA:150,26,1,1
BRDA:151,27,0,1
BRDA:151,27,1,1
BRDA:152,28,0,0
BRDA:152,28,1,2
BRDA:160,29,0,2
BRDA:160,29,1,1
BRDA:177,30,0,1
BRDA:177,30,1,2
BRF:63
BRH:51
end_of_record
TN:
SF:src/routes/auth.ts
FN:10,sanitizeUser
FN:15,createAuthRoutes
FN:19,(anonymous_3)
FN:58,(anonymous_4)
FN:93,(anonymous_5)
FN:109,(anonymous_6)
FNF:6
FNH:6
FNDA:24,sanitizeUser
FNDA:38,createAuthRoutes
FNDA:22,(anonymous_3)
FNDA:7,(anonymous_4)
FNDA:2,(anonymous_5)
FNDA:9,(anonymous_6)
DA:1,13
DA:2,13
DA:3,13
DA:7,13
DA:8,13
DA:11,24
DA:12,24
DA:15,13
DA:16,38
DA:19,38
DA:20,22
DA:21,22
DA:23,22
DA:24,1
DA:25,1
DA:28,21
DA:29,1
DA:30,1
DA:33,20
DA:34,19
DA:35,1
DA:36,1
DA:39,18
DA:40,18
DA:41,1
DA:42,1
DA:45,17
DA:46,17
DA:47,17
DA:49,17
DA:50,17
DA:52,1
DA:53,1
DA:58,38
DA:59,7
DA:60,7
DA:62,7
DA:63,1
DA:64,1
DA:67,6
DA:68,5
DA:69,1
DA:70,1
DA:71,1
DA:74,4
DA:75,4
DA:76,1
DA:77,1
DA:78,1
DA:81,3
DA:82,3
DA:84,3
DA:85,3
DA:87,1
DA:88,1
DA:93,38
DA:94,2
DA:95,2
DA:96,1
DA:97,0
DA:98,0
DA:101,1
DA:103,1
DA:104,1
DA:109,38
DA:110,9
DA:111,9
DA:112,9
DA:114,9
DA:115,8
DA:116,0
DA:117,0
DA:121,8
DA:122,2
DA:123,2
DA:124,1
DA:125,1
DA:130,7
DA:131,1
DA:132,1
DA:133,1
DA:134,1
DA:139,6
DA:140,4
DA:141,1
DA:142,1
DA:144,3
DA:145,3
DA:146,1
DA:147,1
DA:149,2
DA:150,1
DA:151,1
DA:153,1
DA:154,1
DA:155,1
DA:159,3
DA:160,3
DA:161,3
DA:162,3
DA:164,3
DA:165,3
DA:166,0
DA:167,0
DA:170,3
DA:171,3
DA:173,1
DA:174,1
DA:178,38
LF:109
LH:103
BRDA:23,0,0,1
BRDA:23,0,1,21
BRDA:23,1,0,22
BRDA:23,1,1,22
BRDA:23,1,2,21
BRDA:28,2,0,1
BRDA:28,2,1,20
BRDA:34,3,0,1
BRDA:34,3,1,18
BRDA:40,4,0,1
BRDA:40,4,1,17
BRDA:62,5,0,1
BRDA:62,5,1,6
BRDA:62,6,0,7
BRDA:62,6,1,7
BRDA:68,7,0,1
BRDA:68,7,1,4
BRDA:75,8,0,1
BRDA:75,8,1,3
BRDA:96,9,0,0
BRDA:96,9,1,1
BRDA:115,10,0,0
BRDA:115,10,1,8
BRDA:121,11,0,2
BRDA:121,11,1,6
BRDA:121,12,0,8
BRDA:121,12,1,2
BRDA:123,13,0,1
BRDA:123,13,1,1
BRDA:130,14,0,1
BRDA:130,14,1,6
BRDA:130,15,0,7
BRDA:130,15,1,1
BRDA:132,16,0,1
BRDA:132,16,1,0
BRDA:139,17,0,4
BRDA:139,17,1,2
BRDA:140,18,0,1
BRDA:140,18,1,3
BRDA:145,19,0,1
BRDA:145,19,1,2
BRDA:149,20,0,1
BRDA:149,20,1,1
BRDA:160,21,0,1
BRDA:160,21,1,2
BRDA:161,22,0,0
BRDA:161,22,1,3
BRDA:162,23,0,1
BRDA:162,23,1,2
BRDA:165,24,0,0
BRDA:165,24,1,3
BRF:51
BRH:46
end_of_record
TN:
SF:src/routes/cards.ts
FN:6,createCardRoutes
FN:10,(anonymous_1)
FN:35,(anonymous_2)
FN:48,(anonymous_3)
FN:49,(anonymous_4)
FN:78,(anonymous_5)
FN:100,(anonymous_6)
FN:111,(anonymous_7)
FN:126,(anonymous_8)
FN:155,(anonymous_9)
FN:188,(anonymous_10)
FNF:11
FNH:11
FNDA:38,createCardRoutes
FNDA:7,(anonymous_1)
FNDA:5,(anonymous_2)
FNDA:5,(anonymous_3)
FNDA:5,(anonymous_4)
FNDA:10,(anonymous_5)
FNDA:2,(anonymous_6)
FNDA:4,(anonymous_7)
FNDA:31,(anonymous_8)
FNDA:5,(anonymous_9)
FNDA:3,(anonymous_10)
DA:1,13
DA:6,13
DA:7,38
DA:10,38
DA:11,7
DA:12,7
DA:13,7
DA:14,2
DA:15,2
DA:16,1
DA:18,1
DA:20,2
DA:23,5
DA:24,5
DA:25,5
DA:26,5
DA:27,4
DA:29,1
DA:30,1
DA:35,38
DA:36,5
DA:37,5
DA:38,5
DA:39,5
DA:40,1
DA:41,1
DA:44,4
DA:46,2
DA:47,1
DA:48,5
DA:49,5
DA:62,1
DA:63,1
DA:67,2
DA:69,2
DA:70,1
DA:72,1
DA:73,1
DA:75,2
DA:77,2
DA:78,10
DA:92,2
DA:94,1
DA:95,1
DA:100,38
DA:101,2
DA:102,2
DA:103,1
DA:105,1
DA:106,1
DA:111,38
DA:112,4
DA:113,4
DA:114,3
DA:115,1
DA:117,2
DA:120,1
DA:121,1
DA:126,38
DA:127,31
DA:128,31
DA:130,31
DA:131,31
DA:132,302
DA:133,1
DA:134,1
DA:138,30
DA:139,1
DA:141,30
DA:142,30
DA:145,30
DA:146,29
DA:147,29
DA:149,1
DA:150,1
DA:155,38
DA:156,5
DA:157,5
DA:159,5
DA:160,5
DA:161,42
DA:162,1
DA:163,1
DA:167,4
DA:168,1
DA:170,4
DA:171,4
DA:174,4
DA:175,3
DA:176,2
DA:177,2
DA:179,1
DA:182,1
DA:183,1
DA:188,38
DA:189,3
DA:190,3
DA:191,2
DA:192,1
DA:193,1
DA:195,1
DA:198,1
DA:199,1
DA:203,38
LF:104
LH:104
BRDA:13,0,0,2
BRDA:13,0,1,5
BRDA:15,1,0,1
BRDA:15,1,1,1
BRDA:37,2,0,5
BRDA:37,2,1,0
BRDA:39,3,0,1
BRDA:39,3,1,4
BRDA:44,4,0,2
BRDA:44,4,1,2
BRDA:48,5,0,5
BRDA:48,5,1,5
BRDA:69,6,0,1
BRDA:69,6,1,1
BRDA:114,7,0,1
BRDA:114,7,1,2
BRDA:132,8,0,1
BRDA:132,8,1,301
BRDA:132,9,0,302
BRDA:132,9,1,301
BRDA:132,9,2,301
BRDA:138,10,0,1
BRDA:138,10,1,29
BRDA:141,11,0,30
BRDA:141,11,1,0
BRDA:161,12,0,1
BRDA:161,12,1,41
BRDA:161,13,0,42
BRDA:161,13,1,41
BRDA:161,13,2,41
BRDA:167,14,0,1
BRDA:167,14,1,3
BRDA:170,15,0,4
BRDA:170,15,1,0
BRDA:175,16,0,2
BRDA:175,16,1,1
BRDA:191,17,0,1
BRDA:191,17,1,1
BRF:38
BRH:35
end_of_record
TN:
SF:src/routes/comps.ts
FN:6,createCompRoutes
FN:10,(anonymous_1)
FN:21,(anonymous_2)
FN:48,(anonymous_3)
FN:75,(anonymous_4)
FN:115,(anonymous_5)
FN:127,(anonymous_6)
FN:152,(anonymous_7)
FN:170,(anonymous_8)
FNF:9
FNH:9
FNDA:38,createCompRoutes
FNDA:3,(anonymous_1)
FNDA:3,(anonymous_2)
FNDA:3,(anonymous_3)
FNDA:4,(anonymous_4)
FNDA:4,(anonymous_5)
FNDA:1,(anonymous_6)
FNDA:4,(anonymous_7)
FNDA:5,(anonymous_8)
DA:1,13
DA:6,13
DA:7,38
DA:10,38
DA:11,3
DA:12,3
DA:13,2
DA:15,1
DA:16,1
DA:21,38
DA:22,3
DA:27,3
DA:29,3
DA:30,1
DA:31,1
DA:34,2
DA:39,2
DA:40,1
DA:42,1
DA:43,1
DA:48,38
DA:49,3
DA:54,3
DA:56,3
DA:57,1
DA:58,1
DA:61,2
DA:66,2
DA:67,1
DA:69,1
DA:70,1
DA:75,38
DA:76,4
DA:77,4
DA:78,3
DA:79,1
DA:80,1
DA:83,2
DA:84,2
DA:85,1
DA:86,1
DA:90,1
DA:107,1
DA:109,1
DA:110,1
DA:115,38
DA:116,4
DA:117,4
DA:118,3
DA:119,1
DA:120,1
DA:123,2
DA:124,2
DA:127,2
DA:144,2
DA:146,1
DA:147,1
DA:152,38
DA:153,4
DA:154,4
DA:155,3
DA:156,1
DA:157,1
DA:160,2
DA:161,2
DA:162,2
DA:164,1
DA:165,1
DA:170,38
DA:171,5
DA:172,5
DA:173,4
DA:174,1
DA:175,1
DA:178,3
DA:181,3
DA:182,2
DA:183,2
DA:184,1
DA:200,1
DA:201,1
DA:206,2
DA:225,2
DA:226,2
DA:228,1
DA:229,1
DA:233,38
LF:87
LH:87
BRDA:29,0,0,1
BRDA:29,0,1,2
BRDA:29,1,0,3
BRDA:29,1,1,3
BRDA:29,1,2,3
BRDA:29,1,3,2
BRDA:29,1,4,2
BRDA:56,2,0,1
BRDA:56,2,1,2
BRDA:56,3,0,3
BRDA:56,3,1,2
BRDA:56,3,2,2
BRDA:56,3,3,2
BRDA:56,3,4,2
BRDA:78,4,0,1
BRDA:78,4,1,2
BRDA:84,5,0,1
BRDA:84,5,1,1
BRDA:118,6,0,1
BRDA:118,6,1,2
BRDA:123,7,0,1
BRDA:123,7,1,1
BRDA:155,8,0,1
BRDA:155,8,1,2
BRDA:160,9,0,1
BRDA:160,9,1,1
BRDA:173,10,0,1
BRDA:173,10,1,3
BRDA:181,11,0,2
BRDA:181,11,1,1
BRDA:183,12,0,1
BRDA:183,12,1,1
BRF:32
BRH:32
end_of_record
TN:
SF:src/routes/ebay.ts
FN:7,createEbayRoutes
FN:11,(anonymous_1)
FN:38,(anonymous_2)
FN:61,(anonymous_3)
FN:78,(anonymous_4)
FN:94,(anonymous_5)
FNF:6
FNH:6
FNDA:38,createEbayRoutes
FNDA:6,(anonymous_1)
FNDA:3,(anonymous_2)
FNDA:3,(anonymous_3)
FNDA:3,(anonymous_4)
FNDA:2,(anonymous_5)
DA:1,13
DA:7,13
DA:8,38
DA:11,38
DA:12,6
DA:13,6
DA:15,6
DA:16,1
DA:17,1
DA:20,5
DA:29,4
DA:30,4
DA:32,1
DA:33,1
DA:38,38
DA:39,3
DA:40,3
DA:42,3
DA:43,1
DA:44,1
DA:47,2
DA:52,1
DA:53,1
DA:55,1
DA:56,1
DA:61,38
DA:62,3
DA:63,3
DA:64,1
DA:65,1
DA:68,1
DA:69,1
DA:70,1
DA:72,1
DA:73,1
DA:78,38
DA:79,3
DA:80,3
DA:81,1
DA:82,1
DA:85,1
DA:86,1
DA:88,1
DA:89,1
DA:94,38
DA:95,2
DA:96,2
DA:101,1
DA:102,1
DA:106,38
LF:50
LH:50
BRDA:15,0,0,1
BRDA:15,0,1,5
BRDA:15,1,0,6
BRDA:15,1,1,6
BRDA:23,2,0,5
BRDA:23,2,1,5
BRDA:24,3,0,5
BRDA:24,3,1,5
BRDA:25,4,0,5
BRDA:25,4,1,5
BRDA:42,5,0,1
BRDA:42,5,1,2
BRDA:42,6,0,3
BRDA:42,6,1,2
BRDA:63,7,0,1
BRDA:63,7,1,1
BRDA:80,8,0,1
BRDA:80,8,1,1
BRF:18
BRH:18
end_of_record
TN:
SF:src/routes/ebayAuth.ts
FN:8,createEbayAuthRoutes
FN:12,(anonymous_1)
FN:26,(anonymous_2)
FN:43,(anonymous_3)
FN:79,(anonymous_4)
FN:102,(anonymous_5)
FNF:6
FNH:6
FNDA:38,createEbayAuthRoutes
FNDA:3,(anonymous_1)
FNDA:4,(anonymous_2)
FNDA:8,(anonymous_3)
FNDA:3,(anonymous_4)
FNDA:3,(anonymous_5)
DA:1,13
DA:5,13
DA:6,13
DA:8,13
DA:9,38
DA:12,38
DA:13,3
DA:14,3
DA:15,3
DA:16,3
DA:17,3
DA:18,2
DA:20,1
DA:21,1
DA:26,38
DA:27,4
DA:28,4
DA:29,2
DA:30,2
DA:33,2
DA:34,2
DA:35,1
DA:37,1
DA:38,1
DA:43,38
DA:44,8
DA:45,8
DA:47,8
DA:48,8
DA:50,8
DA:51,3
DA:52,3
DA:55,5
DA:56,5
DA:57,2
DA:58,2
DA:61,3
DA:62,1
DA:64,1
DA:71,1
DA:73,2
DA:74,2
DA:79,38
DA:80,3
DA:81,3
DA:82,3
DA:83,3
DA:84,3
DA:86,2
DA:87,1
DA:94,2
DA:96,1
DA:97,1
DA:102,38
DA:103,3
DA:104,3
DA:105,3
DA:106,3
DA:108,3
DA:110,1
DA:116,1
DA:118,2
DA:119,2
DA:124,2
DA:125,2
DA:129,38
LF:66
LH:66
BRDA:28,0,0,2
BRDA:28,0,1,2
BRDA:50,1,0,3
BRDA:50,1,1,5
BRDA:50,2,0,8
BRDA:50,2,1,6
BRDA:56,3,0,2
BRDA:56,3,1,3
BRDA:68,4,0,1
BRDA:68,4,1,0
BRDA:86,5,0,1
BRDA:86,5,1,1
BRF:12
BRH:11
end_of_record
TN:
SF:src/routes/events.ts
FN:4,createEventRoutes
FN:7,(anonymous_1)
FN:19,(anonymous_2)
FNF:3
FNH:3
FNDA:38,createEventRoutes
FNDA:4,(anonymous_1)
FNDA:3,(anonymous_2)
DA:1,13
DA:4,13
DA:5,38
DA:7,38
DA:8,4
DA:14,4
DA:17,4
DA:19,4
DA:20,3
DA:24,38
LF:10
LH:10
BRF:0
BRH:0
end_of_record
TN:
SF:src/routes/files.ts
FN:12,createFileRoutes
FN:16,(anonymous_2)
FN:19,(anonymous_3)
FN:31,(anonymous_4)
FN:42,(anonymous_5)
FN:53,(anonymous_6)
FN:64,(anonymous_7)
FN:74,(anonymous_8)
FN:84,(anonymous_9)
FN:85,(anonymous_10)
FN:96,(anonymous_11)
FN:103,(anonymous_12)
FN:114,(anonymous_13)
FN:125,(anonymous_14)
FN:153,(anonymous_15)
FN:164,(anonymous_16)
FN:175,(anonymous_17)
FN:186,(anonymous_18)
FNF:18
FNH:18
FNDA:38,createFileRoutes
FNDA:5,(anonymous_2)
FNDA:5,(anonymous_3)
FNDA:6,(anonymous_4)
FNDA:3,(anonymous_5)
FNDA:3,(anonymous_6)
FNDA:2,(anonymous_7)
FNDA:2,(anonymous_8)
FNDA:4,(anonymous_9)
FNDA:4,(anonymous_10)
FNDA:3,(anonymous_11)
FNDA:3,(anonymous_12)
FNDA:3,(anonymous_13)
FNDA:3,(anonymous_14)
FNDA:2,(anonymous_15)
FNDA:2,(anonymous_16)
FNDA:4,(anonymous_17)
FNDA:2,(anonymous_18)
DA:1,13
DA:2,13
DA:3,13
DA:8,13
DA:9,13
DA:10,13
DA:12,13
DA:13,38
DA:15,38
DA:17,5
DA:20,5
DA:21,5
DA:22,5
DA:24,5
DA:28,38
DA:32,6
DA:33,6
DA:34,5
DA:36,1
DA:42,38
DA:43,3
DA:44,3
DA:45,2
DA:47,1
DA:48,1
DA:53,38
DA:54,3
DA:55,3
DA:56,2
DA:58,1
DA:59,1
DA:64,38
DA:65,2
DA:66,2
DA:67,1
DA:68,1
DA:70,1
DA:74,38
DA:75,2
DA:76,2
DA:77,1
DA:78,1
DA:80,1
DA:84,38
DA:85,4
DA:86,4
DA:87,1
DA:92,1
DA:94,3
DA:97,3
DA:98,3
DA:99,1
DA:100,1
DA:103,3
DA:109,2
DA:114,3
DA:121,2
DA:125,38
DA:126,3
DA:127,3
DA:128,1
DA:129,1
DA:132,2
DA:133,2
DA:134,1
DA:135,1
DA:140,1
DA:141,1
DA:142,1
DA:143,1
DA:144,1
DA:145,1
DA:147,0
DA:148,0
DA:153,38
DA:154,2
DA:155,2
DA:156,1
DA:157,1
DA:159,1
DA:164,38
DA:165,2
DA:166,2
DA:167,1
DA:168,1
DA:170,1
DA:175,38
DA:176,4
DA:177,4
DA:178,2
DA:179,2
DA:181,2
DA:182,2
DA:186,38
DA:187,2
DA:188,2
DA:189,1
DA:190,1
DA:192,1
DA:193,1
DA:194,1
DA:197,38
LF:102
LH:100
BRDA:33,0,0,5
BRDA:33,0,1,1
BRDA:66,1,0,1
BRDA:66,1,1,1
BRDA:66,2,0,2
BRDA:66,2,1,2
BRDA:76,3,0,1
BRDA:76,3,1,1
BRDA:76,4,0,2
BRDA:76,4,1,2
BRDA:86,5,0,1
BRDA:86,5,1,3
BRDA:98,6,0,1
BRDA:98,6,1,2
BRDA:98,7,0,3
BRDA:98,7,1,2
BRDA:127,8,0,1
BRDA:127,8,1,2
BRDA:127,9,0,3
BRDA:127,9,1,3
BRDA:133,10,0,1
BRDA:133,10,1,1
BRDA:155,11,0,1
BRDA:155,11,1,1
BRDA:166,12,0,1
BRDA:166,12,1,1
BRDA:177,13,0,2
BRDA:177,13,1,2
BRDA:188,14,0,1
BRDA:188,14,1,1
BRF:30
BRH:30
end_of_record
TN:
SF:src/routes/gradingSubmissions.ts
FN:11,createGradingSubmissionRoutes
FN:16,(anonymous_1)
FN:36,(anonymous_2)
FN:48,(anonymous_3)
FN:67,(anonymous_4)
FN:130,(anonymous_5)
FN:172,(anonymous_6)
FN:247,(anonymous_7)
FNF:8
FNH:8
FNDA:38,createGradingSubmissionRoutes
FNDA:5,(anonymous_1)
FNDA:2,(anonymous_2)
FNDA:5,(anonymous_3)
FNDA:18,(anonymous_4)
FNDA:5,(anonymous_5)
FNDA:16,(anonymous_6)
FNDA:4,(anonymous_7)
DA:1,13
DA:4,13
DA:7,13
DA:8,13
DA:9,13
DA:11,13
DA:12,38
DA:13,38
DA:16,38
DA:17,5
DA:18,5
DA:19,5
DA:20,5
DA:22,5
DA:23,1
DA:24,1
DA:27,4
DA:28,3
DA:30,1
DA:31,1
DA:36,38
DA:37,2
DA:38,2
DA:39,2
DA:40,1
DA:42,1
DA:43,1
DA:48,38
DA:49,5
DA:50,5
DA:51,4
DA:52,2
DA:53,2
DA:55,2
DA:56,1
DA:57,1
DA:59,1
DA:61,1
DA:62,1
DA:67,38
DA:68,18
DA:69,18
DA:70,18
DA:73,18
DA:74,0
DA:75,0
DA:77,18
DA:78,1
DA:79,1
DA:81,17
DA:82,0
DA:83,0
DA:85,17
DA:86,0
DA:87,0
DA:89,17
DA:90,0
DA:91,0
DA:93,17
DA:94,0
DA:95,0
DA:99,17
DA:100,1
DA:101,1
DA:103,16
DA:104,1
DA:105,1
DA:109,15
DA:110,15
DA:111,1
DA:112,1
DA:115,14
DA:116,13
DA:122,13
DA:124,1
DA:125,1
DA:130,38
DA:131,5
DA:132,5
DA:133,4
DA:134,1
DA:135,1
DA:137,3
DA:138,1
DA:139,1
DA:142,2
DA:143,2
DA:144,2
DA:145,2
DA:146,16
DA:147,2
DA:148,2
DA:152,2
DA:153,1
DA:154,1
DA:157,1
DA:158,1
DA:164,1
DA:166,1
DA:167,1
DA:172,38
DA:173,16
DA:174,16
DA:175,15
DA:176,1
DA:177,1
DA:179,14
DA:180,1
DA:181,1
DA:184,13
DA:185,13
DA:186,1
DA:187,1
DA:191,12
DA:192,12
DA:193,12
DA:194,2
DA:195,2
DA:198,10
DA:199,10
DA:202,10
DA:204,4
DA:205,4
DA:207,2
DA:208,2
DA:210,2
DA:211,2
DA:213,2
DA:214,2
DA:215,2
DA:218,10
DA:221,10
DA:222,2
DA:223,2
DA:224,2
DA:233,10
DA:239,10
DA:241,1
DA:242,1
DA:247,38
DA:248,4
DA:249,4
DA:250,3
DA:251,1
DA:252,1
DA:254,2
DA:255,1
DA:256,1
DA:259,1
DA:260,1
DA:266,1
DA:268,1
DA:269,1
DA:273,38
LF:154
LH:144
BRDA:22,0,0,1
BRDA:22,0,1,4
BRDA:22,1,0,5
BRDA:22,1,1,2
BRDA:51,2,0,2
BRDA:51,2,1,2
BRDA:55,3,0,1
BRDA:55,3,1,1
BRDA:73,4,0,0
BRDA:73,4,1,18
BRDA:77,5,0,1
BRDA:77,5,1,17
BRDA:81,6,0,0
BRDA:81,6,1,17
BRDA:85,7,0,0
BRDA:85,7,1,17
BRDA:89,8,0,0
BRDA:89,8,1,17
BRDA:89,9,0,17
BRDA:89,9,1,17
BRDA:93,10,0,0
BRDA:93,10,1,17
BRDA:99,11,0,1
BRDA:99,11,1,16
BRDA:103,12,0,1
BRDA:103,12,1,15
BRDA:110,13,0,1
BRDA:110,13,1,14
BRDA:133,14,0,1
BRDA:133,14,1,3
BRDA:137,15,0,1
BRDA:137,15,1,2
BRDA:146,16,0,2
BRDA:146,16,1,14
BRDA:152,17,0,1
BRDA:152,17,1,1
BRDA:175,18,0,1
BRDA:175,18,1,14
BRDA:179,19,0,1
BRDA:179,19,1,13
BRDA:185,20,0,1
BRDA:185,20,1,12
BRDA:185,21,0,13
BRDA:185,21,1,13
BRDA:193,22,0,2
BRDA:193,22,1,10
BRDA:202,23,0,4
BRDA:202,23,1,2
BRDA:202,23,2,2
BRDA:202,23,3,2
BRDA:214,24,0,2
BRDA:214,24,1,0
BRDA:221,25,0,2
BRDA:221,25,1,8
BRDA:221,26,0,10
BRDA:221,26,1,2
BRDA:221,26,2,2
BRDA:223,27,0,2
BRDA:223,27,1,0
BRDA:237,28,0,2
BRDA:237,28,1,8
BRDA:250,29,0,1
BRDA:250,29,1,2
BRDA:254,30,0,1
BRDA:254,30,1,1
BRF:65
BRH:58
end_of_record
TN:
SF:src/routes/health.ts
FN:5,createHealthRoutes
FN:8,(anonymous_1)
FNF:2
FNH:2
FNDA:38,createHealthRoutes
FNDA:5,(anonymous_1)
DA:1,13
DA:5,13
DA:6,38
DA:8,38
DA:9,5
DA:10,5
DA:11,5
DA:12,5
DA:14,5
DA:22,0
DA:32,38
LF:11
LH:10
BRDA:18,0,0,5
BRDA:18,0,1,0
BRF:2
BRH:1
end_of_record
TN:
SF:src/routes/imageProcessing.ts
FN:8,diffCardData
FN:24,createImageProcessingRoutes
FN:33,(anonymous_2)
FN:56,(anonymous_3)
FN:78,(anonymous_4)
FN:147,(anonymous_5)
FN:197,(anonymous_6)
FN:202,(anonymous_7)
FNF:8
FNH:8
FNDA:2,diffCardData
FNDA:38,createImageProcessingRoutes
FNDA:5,(anonymous_2)
FNDA:4,(anonymous_3)
FNDA:6,(anonymous_4)
FNDA:8,(anonymous_5)
FNDA:3,(anonymous_6)
FNDA:1,(anonymous_7)
DA:1,13
DA:12,2
DA:13,2
DA:14,2
DA:15,22
DA:16,22
DA:17,22
DA:18,3
DA:21,2
DA:24,13
DA:30,38
DA:33,38
DA:34,5
DA:35,5
DA:37,5
DA:38,2
DA:39,2
DA:42,3
DA:47,2
DA:48,2
DA:50,1
DA:51,1
DA:56,38
DA:57,4
DA:58,4
DA:60,4
DA:61,2
DA:62,2
DA:65,2
DA:69,1
DA:70,1
DA:72,1
DA:73,1
DA:78,38
DA:79,6
DA:80,6
DA:82,6
DA:83,2
DA:84,2
DA:88,4
DA:89,1
DA:97,4
DA:100,3
DA:101,1
DA:114,3
DA:128,3
DA:129,3
DA:131,3
DA:133,1
DA:135,1
DA:141,1
DA:142,1
DA:147,38
DA:148,8
DA:149,8
DA:151,8
DA:152,1
DA:153,1
DA:155,7
DA:156,2
DA:157,2
DA:161,5
DA:162,2
DA:163,2
DA:164,1
DA:173,5
DA:176,4
DA:189,4
DA:191,1
DA:192,1
DA:197,38
DA:198,3
DA:199,3
DA:200,2
DA:201,2
DA:202,2
DA:208,2
DA:214,1
DA:215,1
DA:219,38
LF:80
LH:80
BRDA:15,0,0,22
BRDA:15,0,1,12
BRDA:16,1,0,22
BRDA:16,1,1,10
BRDA:17,2,0,3
BRDA:17,2,1,19
BRDA:37,3,0,2
BRDA:37,3,1,3
BRDA:37,4,0,5
BRDA:37,4,1,4
BRDA:37,4,2,4
BRDA:60,5,0,2
BRDA:60,5,1,2
BRDA:60,6,0,4
BRDA:60,6,1,3
BRDA:82,7,0,2
BRDA:82,7,1,4
BRDA:82,8,0,6
BRDA:82,8,1,5
BRDA:88,9,0,1
BRDA:88,9,1,3
BRDA:100,10,0,1
BRDA:100,10,1,2
BRDA:108,11,0,1
BRDA:108,11,1,1
BRDA:119,12,0,3
BRDA:119,12,1,2
BRDA:138,13,0,1
BRDA:138,13,1,0
BRDA:139,14,0,1
BRDA:139,14,1,0
BRDA:139,15,0,1
BRDA:139,15,1,1
BRDA:151,16,0,1
BRDA:151,16,1,7
BRDA:151,17,0,8
BRDA:151,17,1,7
BRDA:155,18,0,2
BRDA:155,18,1,5
BRDA:155,19,0,7
BRDA:155,19,1,6
BRDA:161,20,0,2
BRDA:161,20,1,3
BRDA:163,21,0,1
BRDA:163,21,1,1
BRDA:179,22,0,4
BRDA:179,22,1,0
BRDA:182,23,0,4
BRDA:182,23,1,3
BRDA:204,24,0,1
BRDA:204,24,1,0
BRDA:205,25,0,1
BRDA:205,25,1,0
BRF:53
BRH:48
end_of_record
TN:
SF:src/routes/jobs.ts
FN:6,createJobRoutes
FN:10,(anonymous_1)
FN:28,(anonymous_2)
FN:42,(anonymous_3)
FN:57,(anonymous_4)
FNF:5
FNH:5
FNDA:38,createJobRoutes
FNDA:9,(anonymous_1)
FNDA:5,(anonymous_2)
FNDA:3,(anonymous_3)
FNDA:5,(anonymous_4)
DA:1,13
DA:6,13
DA:7,38
DA:10,38
DA:11,9
DA:12,9
DA:13,9
DA:14,1
DA:15,1
DA:18,8
DA:19,7
DA:20,7
DA:22,1
DA:23,1
DA:28,38
DA:29,5
DA:30,5
DA:31,5
DA:32,5
DA:33,5
DA:34,4
DA:36,1
DA:37,1
DA:42,38
DA:43,3
DA:44,3
DA:45,2
DA:46,1
DA:48,1
DA:51,1
DA:52,1
DA:57,38
DA:58,5
DA:59,5
DA:60,4
DA:61,1
DA:62,1
DA:65,3
DA:66,2
DA:67,2
DA:70,1
DA:71,1
DA:72,1
DA:74,1
DA:75,1
DA:79,38
LF:46
LH:46
BRDA:13,0,0,1
BRDA:13,0,1,8
BRDA:32,1,0,1
BRDA:32,1,1,4
BRDA:45,2,0,1
BRDA:45,2,1,1
BRDA:60,3,0,1
BRDA:60,3,1,3
BRDA:65,4,0,2
BRDA:65,4,1,1
BRDA:65,5,0,3
BRDA:65,5,1,2
BRF:12
BRH:12
end_of_record
TN:
SF:src/services/auditService.ts
FN:13,(anonymous_0)
FN:19,(anonymous_1)
FN:26,(anonymous_2)
FN:31,(anonymous_3)
FN:35,(anonymous_4)
FN:41,(anonymous_5)
FN:45,(anonymous_6)
FN:49,(anonymous_7)
FN:55,(anonymous_8)
FN:59,(anonymous_9)
FN:61,(anonymous_10)
FN:70,(anonymous_11)
FN:71,(anonymous_12)
FN:80,(anonymous_13)
FNF:14
FNH:13
FNDA:38,(anonymous_0)
FNDA:150,(anonymous_1)
FNDA:0,(anonymous_2)
FNDA:4,(anonymous_3)
FNDA:2,(anonymous_4)
FNDA:4,(anonymous_5)
FNDA:2,(anonymous_6)
FNDA:3,(anonymous_7)
FNDA:5,(anonymous_8)
FNDA:2,(anonymous_9)
FNDA:168,(anonymous_10)
FNDA:21,(anonymous_11)
FNDA:168,(anonymous_12)
FNDA:2,(anonymous_13)
DA:12,13
DA:13,38
DA:20,150
DA:26,150
DA:27,0
DA:32,4
DA:36,2
DA:42,4
DA:46,2
DA:50,3
DA:56,5
DA:60,2
DA:61,2
DA:62,168
DA:63,151
DA:64,151
DA:65,15
DA:67,136
DA:70,2
DA:71,21
DA:72,168
DA:73,168
DA:77,2
DA:81,2
LF:24
LH:23
BRDA:23,0,0,150
BRDA:23,0,1,90
BRDA:24,1,0,150
BRDA:24,1,1,0
BRDA:24,1,2,0
BRDA:62,2,0,17
BRDA:62,2,1,151
BRDA:64,3,0,15
BRDA:64,3,1,136
BRDA:64,4,0,151
BRDA:64,4,1,142
BRDA:64,4,2,136
BRDA:72,5,0,21
BRDA:72,5,1,147
BRDA:72,6,0,15
BRDA:72,6,1,6
BRF:16
BRH:14
end_of_record
TN:
SF:src/services/browserService.ts
FN:21,(anonymous_1)
FN:26,(anonymous_2)
FN:40,(anonymous_3)
FN:47,(anonymous_4)
FN:51,(anonymous_5)
FN:62,(anonymous_6)
FN:68,(anonymous_7)
FN:74,(anonymous_8)
FNF:8
FNH:7
FNDA:10,(anonymous_1)
FNDA:7,(anonymous_2)
FNDA:2,(anonymous_3)
FNDA:3,(anonymous_4)
FNDA:4,(anonymous_5)
FNDA:4,(anonymous_6)
FNDA:0,(anonymous_7)
FNDA:2,(anonymous_8)
DA:1,1
DA:2,1
DA:5,1
DA:8,1
DA:16,10
DA:19,10
DA:22,10
DA:23,10
DA:27,7
DA:29,6
DA:41,2
DA:42,1
DA:43,1
DA:48,3
DA:52,4
DA:53,1
DA:56,3
DA:57,3
DA:58,3
DA:59,3
DA:63,4
DA:64,4
DA:65,4
DA:67,4
DA:68,0
DA:71,4
DA:79,2
DA:81,2
DA:83,2
DA:84,2
DA:89,1
DA:91,1
DA:92,1
DA:97,1
LF:34
LH:33
BRDA:21,0,0,0
BRDA:22,1,0,10
BRDA:22,1,1,0
BRDA:23,2,0,10
BRDA:23,2,1,0
BRDA:27,3,0,1
BRDA:27,3,1,6
BRDA:41,4,0,1
BRDA:41,4,1,1
BRDA:52,5,0,1
BRDA:52,5,1,3
BRDA:63,6,0,4
BRDA:63,6,1,1
BRDA:64,7,0,4
BRDA:64,7,1,4
BRDA:67,8,0,0
BRDA:67,8,1,4
BRF:17
BRH:13
end_of_record
TN:
SF:src/services/cardParserService.ts
FN:54,(anonymous_0)
FN:58,(anonymous_1)
FN:105,(anonymous_2)
FN:110,(anonymous_3)
FN:121,(anonymous_4)
FN:126,(anonymous_5)
FN:137,(anonymous_6)
FN:152,(anonymous_7)
FN:153,(anonymous_8)
FN:153,(anonymous_9)
FN:177,(anonymous_10)
FN:178,(anonymous_11)
FN:193,(anonymous_12)
FN:196,(anonymous_13)
FN:205,(anonymous_14)
FN:228,(anonymous_15)
FN:237,(anonymous_16)
FN:239,(anonymous_17)
FN:240,(anonymous_18)
FN:241,(anonymous_19)
FN:243,(anonymous_20)
FN:244,(anonymous_21)
FN:248,(anonymous_22)
FNF:23
FNH:23
FNDA:75,(anonymous_0)
FNDA:37,(anonymous_1)
FNDA:37,(anonymous_2)
FNDA:37,(anonymous_3)
FNDA:37,(anonymous_4)
FNDA:37,(anonymous_5)
FNDA:37,(anonymous_6)
FNDA:37,(anonymous_7)
FNDA:65,(anonymous_8)
FNDA:65,(anonymous_9)
FNDA:9,(anonymous_10)
FNDA:65,(anonymous_11)
FNDA:17,(anonymous_12)
FNDA:10,(anonymous_13)
FNDA:37,(anonymous_14)
FNDA:37,(anonymous_15)
FNDA:37,(anonymous_16)
FNDA:343,(anonymous_17)
FNDA:253,(anonymous_18)
FNDA:361,(anonymous_19)
FNDA:142,(anonymous_20)
FNDA:453,(anonymous_21)
FNDA:37,(anonymous_22)
DA:2,14
DA:4,14
DA:14,14
DA:23,14
DA:28,14
DA:33,14
DA:38,14
DA:44,14
DA:55,75
DA:59,37
DA:60,37
DA:62,37
DA:63,37
DA:64,37
DA:65,37
DA:66,37
DA:67,37
DA:68,37
DA:69,37
DA:71,37
DA:72,37
DA:75,37
DA:76,142
DA:77,142
DA:78,2
DA:79,2
DA:84,37
DA:85,14
DA:86,14
DA:87,6
DA:92,37
DA:93,0
DA:94,0
DA:95,0
DA:99,37
DA:100,37
DA:102,37
DA:106,37
DA:107,37
DA:111,37
DA:112,37
DA:115,29
DA:116,29
DA:118,27
DA:122,37
DA:123,37
DA:127,37
DA:128,151
DA:129,623
DA:130,19
DA:134,18
DA:138,37
DA:139,162
DA:140,162
DA:141,1283
DA:142,17
DA:145,162
DA:146,13
DA:149,24
DA:153,65
DA:156,37
DA:157,37
DA:158,2097
DA:159,7
DA:164,30
DA:165,30
DA:166,1870
DA:167,3
DA:172,27
DA:173,27
DA:175,27
DA:176,7
DA:177,7
DA:178,65
DA:180,7
DA:181,6
DA:186,21
DA:187,21
DA:188,21
DA:189,20
DA:191,18
DA:192,7
DA:193,17
DA:194,7
DA:195,4
DA:196,10
DA:202,17
DA:206,37
DA:219,37
DA:220,1839
DA:221,6
DA:225,31
DA:229,37
DA:230,453
DA:231,13
DA:234,24
DA:238,37
DA:239,343
DA:240,253
DA:241,361
DA:243,142
DA:244,453
DA:249,37
DA:250,37
DA:251,37
DA:253,37
DA:264,37
DA:265,296
DA:266,106
DA:267,106
DA:268,190
DA:269,83
DA:274,37
DA:275,37
DA:276,37
DA:277,37
DA:278,37
DA:280,37
DA:283,37
DA:284,36
DA:285,29
DA:287,37
DA:296,14
LF:123
LH:120
BRDA:55,0,0,75
BRDA:55,0,1,75
BRDA:77,1,0,2
BRDA:77,1,1,140
BRDA:84,2,0,14
BRDA:84,2,1,23
BRDA:84,3,0,37
BRDA:84,3,1,24
BRDA:86,4,0,6
BRDA:86,4,1,8
BRDA:92,5,0,0
BRDA:92,5,1,37
BRDA:92,6,0,37
BRDA:92,6,1,18
BRDA:94,7,0,0
BRDA:94,7,1,0
BRDA:107,8,0,16
BRDA:107,8,1,21
BRDA:112,9,0,8
BRDA:112,9,1,29
BRDA:116,10,0,2
BRDA:116,10,1,27
BRDA:123,11,0,3
BRDA:123,11,1,34
BRDA:129,12,0,19
BRDA:129,12,1,604
BRDA:141,13,0,17
BRDA:141,13,1,1266
BRDA:145,14,0,13
BRDA:145,14,1,149
BRDA:158,15,0,7
BRDA:158,15,1,2090
BRDA:166,16,0,3
BRDA:166,16,1,1867
BRDA:175,17,0,7
BRDA:175,17,1,20
BRDA:180,18,0,6
BRDA:180,18,1,1
BRDA:187,19,0,0
BRDA:187,19,1,21
BRDA:187,20,0,21
BRDA:187,20,1,21
BRDA:188,21,0,1
BRDA:188,21,1,20
BRDA:189,22,0,2
BRDA:189,22,1,18
BRDA:191,23,0,7
BRDA:191,23,1,11
BRDA:191,24,0,18
BRDA:191,24,1,7
BRDA:194,25,0,4
BRDA:194,25,1,3
BRDA:220,26,0,6
BRDA:220,26,1,1833
BRDA:230,27,0,13
BRDA:230,27,1,440
BRDA:265,28,0,106
BRDA:265,28,1,190
BRDA:268,29,0,83
BRDA:268,29,1,107
BRDA:274,30,0,3
BRDA:274,30,1,34
BRDA:275,31,0,1
BRDA:275,31,1,36
BRDA:276,32,0,1
BRDA:276,32,1,36
BRDA:277,33,0,3
BRDA:277,33,1,34
BRDA:278,34,0,2
BRDA:278,34,1,35
BRDA:283,35,0,1
BRDA:283,35,1,36
BRDA:284,36,0,7
BRDA:284,36,1,29
BRDA:291,37,0,32
BRDA:291,37,1,5
BRF:76
BRH:72
end_of_record
TN:
SF:src/services/compCacheService.ts
FN:8,(anonymous_0)
FN:13,(anonymous_1)
FN:25,(anonymous_2)
FN:37,(anonymous_3)
FN:45,(anonymous_4)
FNF:5
FNH:5
FNDA:9,(anonymous_0)
FNDA:14,(anonymous_1)
FNDA:5,(anonymous_2)
FNDA:5,(anonymous_3)
FNDA:1,(anonymous_4)
DA:9,9
DA:10,9
DA:14,14
DA:22,14
DA:26,5
DA:27,5
DA:29,5
DA:31,3
DA:32,3
DA:34,2
DA:38,5
DA:39,5
DA:40,5
DA:42,5
DA:46,1
DA:47,1
DA:51,1
LF:17
LH:17
BRDA:8,0,0,0
BRDA:20,1,0,14
BRDA:20,1,1,0
BRDA:29,2,0,2
BRDA:29,2,1,3
BRDA:32,3,0,1
BRDA:32,3,1,2
BRF:7
BRH:5
end_of_record
TN:
SF:src/services/compService.ts
FN:50,normalizeDate
FN:84,recencyWeight
FN:96,medianDateMs
FN:98,(anonymous_4)
FN:99,(anonymous_5)
FN:100,(anonymous_6)
FN:114,dedupPriceTolerance
FN:124,venuesOverlap
FN:143,deduplicateSales
FN:152,(anonymous_10)
FN:173,computeWeightedTrimmedMean
FN:183,(anonymous_12)
FN:189,(anonymous_13)
FN:191,(anonymous_14)
FN:238,(anonymous_15)
FN:241,(anonymous_16)
FN:251,computeFallbackFromMarketValues
FN:266,(anonymous_18)
FN:267,(anonymous_19)
FN:268,(anonymous_20)
FN:269,(anonymous_21)
FN:280,(anonymous_22)
FN:301,(anonymous_23)
FN:303,(anonymous_24)
FN:312,(anonymous_25)
FN:315,(anonymous_26)
FN:371,(anonymous_27)
FN:375,(anonymous_28)
FN:399,(anonymous_29)
FN:404,(anonymous_30)
FN:409,(anonymous_31)
FN:414,(anonymous_32)
FN:435,(anonymous_33)
FN:473,(anonymous_34)
FNF:34
FNH:33
FNDA:52,normalizeDate
FNDA:68,recencyWeight
FNDA:22,medianDateMs
FNDA:75,(anonymous_4)
FNDA:75,(anonymous_5)
FNDA:58,(anonymous_6)
FNDA:137,dedupPriceTolerance
FNDA:39,venuesOverlap
FNDA:19,deduplicateSales
FNDA:131,(anonymous_10)
FNDA:17,computeWeightedTrimmedMean
FNDA:61,(anonymous_12)
FNDA:60,(anonymous_13)
FNDA:61,(anonymous_14)
FNDA:60,(anonymous_15)
FNDA:60,(anonymous_16)
FNDA:30,computeFallbackFromMarketValues
FNDA:25,(anonymous_18)
FNDA:25,(anonymous_19)
FNDA:25,(anonymous_20)
FNDA:25,(anonymous_21)
FNDA:68,(anonymous_22)
FNDA:32,(anonymous_23)
FNDA:71,(anonymous_24)
FNDA:69,(anonymous_25)
FNDA:69,(anonymous_26)
FNDA:9,(anonymous_27)
FNDA:19,(anonymous_28)
FNDA:4,(anonymous_29)
FNDA:0,(anonymous_30)
FNDA:32,(anonymous_31)
FNDA:69,(anonymous_32)
FNDA:39,(anonymous_33)
FNDA:9,(anonymous_34)
DA:1,14
DA:2,14
DA:6,14
DA:7,14
DA:8,14
DA:9,14
DA:10,14
DA:11,14
DA:14,14
DA:18,14
DA:19,14
DA:20,14
DA:21,14
DA:22,14
DA:23,14
DA:24,14
DA:25,14
DA:26,14
DA:50,14
DA:51,52
DA:52,50
DA:55,50
DA:56,50
DA:57,46
DA:58,46
DA:62,4
DA:63,4
DA:64,2
DA:65,2
DA:66,2
DA:67,2
DA:68,2
DA:69,2
DA:73,2
DA:74,2
DA:84,14
DA:85,68
DA:86,64
DA:87,64
DA:96,14
DA:97,22
DA:98,75
DA:99,75
DA:100,58
DA:101,22
DA:102,19
DA:103,19
DA:114,14
DA:115,137
DA:116,137
DA:124,14
DA:125,39
DA:126,39
DA:127,39
DA:128,14
DA:130,13
DA:131,6
DA:143,14
DA:144,19
DA:146,19
DA:147,72
DA:148,2
DA:149,2
DA:152,70
DA:153,131
DA:154,131
DA:155,131
DA:156,27
DA:157,26
DA:160,70
DA:161,47
DA:165,19
DA:173,14
DA:178,17
DA:181,16
DA:183,61
DA:189,60
DA:191,61
DA:192,16
DA:194,16
DA:197,16
DA:198,5
DA:201,5
DA:202,5
DA:203,5
DA:204,6
DA:205,1
DA:206,1
DA:209,5
DA:213,5
DA:218,5
DA:219,5
DA:220,5
DA:221,5
DA:222,0
DA:223,0
DA:225,5
DA:229,5
DA:233,5
DA:236,16
DA:238,60
DA:239,16
DA:241,60
DA:242,16
DA:243,16
DA:245,16
DA:251,14
DA:254,30
DA:256,30
DA:257,64
DA:258,25
DA:259,25
DA:260,25
DA:261,25
DA:264,30
DA:266,25
DA:267,25
DA:268,25
DA:269,25
DA:271,19
DA:288,68
DA:289,68
DA:290,68
DA:291,68
DA:303,32
DA:304,71
DA:305,2
DA:307,69
DA:311,32
DA:312,69
DA:315,32
DA:316,69
DA:317,68
DA:319,1
DA:322,1
DA:334,32
DA:337,32
DA:341,32
DA:342,5
DA:343,5
DA:344,4
DA:345,2
DA:346,2
DA:349,1
DA:353,32
DA:372,9
DA:375,19
DA:376,9
DA:377,14
DA:378,14
DA:386,9
DA:387,5
DA:391,9
DA:392,9
DA:393,9
DA:394,9
DA:396,9
DA:400,4
DA:401,1
DA:405,0
DA:406,0
DA:414,69
DA:417,32
DA:418,32
DA:419,31
DA:420,45
DA:429,32
DA:431,6
DA:432,6
DA:433,10
DA:435,6
DA:436,39
DA:437,39
DA:438,39
DA:442,6
DA:445,6
DA:446,6
DA:447,6
DA:448,6
DA:457,26
DA:458,26
DA:459,16
DA:466,10
DA:474,9
DA:475,9
DA:476,9
DA:477,8
DA:479,9
DA:480,9
DA:482,9
DA:483,19
DA:484,19
DA:485,14
DA:487,5
DA:488,5
DA:489,5
DA:490,5
DA:491,0
DA:492,0
DA:493,0
DA:497,19
DA:500,9
DA:501,5
DA:502,5
DA:503,5
DA:504,5
DA:507,9
DA:508,1
DA:509,1
DA:510,1
DA:511,1
DA:512,1
DA:513,1
DA:514,1
DA:515,1
DA:516,1
DA:517,1
DA:521,9
DA:525,14
LF:219
LH:212
BRDA:51,0,0,2
BRDA:51,0,1,50
BRDA:51,1,0,52
BRDA:51,1,1,51
BRDA:56,2,0,46
BRDA:56,2,1,4
BRDA:58,3,0,0
BRDA:58,3,1,46
BRDA:63,4,0,2
BRDA:63,4,1,2
BRDA:65,5,0,1
BRDA:65,5,1,1
BRDA:69,6,0,0
BRDA:69,6,1,2
BRDA:74,7,0,1
BRDA:74,7,1,1
BRDA:85,8,0,4
BRDA:85,8,1,64
BRDA:101,9,0,3
BRDA:101,9,1,19
BRDA:103,10,0,8
BRDA:103,10,1,11
BRDA:127,11,0,25
BRDA:127,11,1,14
BRDA:128,12,0,1
BRDA:128,12,1,13
BRDA:128,13,0,14
BRDA:128,13,1,4
BRDA:130,14,0,7
BRDA:130,14,1,6
BRDA:130,15,0,13
BRDA:130,15,1,9
BRDA:147,16,0,2
BRDA:147,16,1,70
BRDA:153,17,0,0
BRDA:153,17,1,131
BRDA:155,18,0,104
BRDA:155,18,1,27
BRDA:156,19,0,1
BRDA:156,19,1,26
BRDA:160,20,0,47
BRDA:160,20,1,23
BRDA:178,21,0,1
BRDA:178,21,1,16
BRDA:185,22,0,61
BRDA:185,22,1,5
BRDA:185,23,0,61
BRDA:185,23,1,30
BRDA:192,24,0,0
BRDA:192,24,1,16
BRDA:197,25,0,5
BRDA:197,25,1,11
BRDA:203,26,0,11
BRDA:203,26,1,11
BRDA:204,27,0,1
BRDA:204,27,1,5
BRDA:220,28,0,10
BRDA:220,28,1,10
BRDA:221,29,0,0
BRDA:221,29,1,5
BRDA:236,30,0,0
BRDA:236,30,1,16
BRDA:239,31,0,0
BRDA:239,31,1,16
BRDA:257,32,0,39
BRDA:257,32,1,25
BRDA:258,33,0,25
BRDA:258,33,1,3
BRDA:259,34,0,0
BRDA:259,34,1,25
BRDA:259,35,0,25
BRDA:259,35,1,25
BRDA:260,36,0,25
BRDA:260,36,1,0
BRDA:264,37,0,11
BRDA:264,37,1,19
BRDA:291,38,0,68
BRDA:291,38,1,41
BRDA:304,39,0,2
BRDA:304,39,1,69
BRDA:304,40,0,71
BRDA:304,40,1,9
BRDA:304,40,2,3
BRDA:304,40,3,3
BRDA:316,41,0,68
BRDA:316,41,1,1
BRDA:319,42,0,1
BRDA:319,42,1,0
BRDA:341,43,0,5
BRDA:341,43,1,27
BRDA:344,44,0,2
BRDA:344,44,1,2
BRDA:344,45,0,4
BRDA:344,45,1,3
BRDA:386,46,0,5
BRDA:386,46,1,4
BRDA:400,47,0,3
BRDA:400,47,1,1
BRDA:405,48,0,0
BRDA:405,48,1,0
BRDA:429,49,0,6
BRDA:429,49,1,26
BRDA:436,50,0,39
BRDA:436,50,1,0
BRDA:437,51,0,39
BRDA:437,51,1,0
BRDA:447,52,0,6
BRDA:447,52,1,0
BRDA:458,53,0,16
BRDA:458,53,1,10
BRDA:476,54,0,8
BRDA:476,54,1,1
BRDA:484,55,0,14
BRDA:484,55,1,5
BRDA:487,56,0,4
BRDA:487,56,1,1
BRDA:488,57,0,5
BRDA:488,57,1,0
BRDA:489,58,0,5
BRDA:489,58,1,0
BRDA:489,59,0,5
BRDA:489,59,1,5
BRDA:490,60,0,0
BRDA:490,60,1,5
BRDA:493,61,0,0
BRDA:493,61,1,0
BRDA:500,62,0,5
BRDA:500,62,1,4
BRDA:503,63,0,5
BRDA:503,63,1,0
BRDA:504,64,0,5
BRDA:504,64,1,0
BRDA:507,65,0,1
BRDA:507,65,1,8
BRDA:514,66,0,1
BRDA:514,66,1,0
BRDA:514,67,0,1
BRDA:514,67,1,1
BRDA:514,67,2,1
BRDA:516,68,0,1
BRDA:516,68,1,0
BRF:141
BRH:117
end_of_record
TN:
SF:src/services/ebayAuthService.ts
FN:31,(anonymous_1)
FN:32,(anonymous_2)
FN:37,(anonymous_3)
FN:41,(anonymous_4)
FN:50,(anonymous_5)
FN:67,(anonymous_6)
FN:73,(anonymous_7)
FN:86,(anonymous_8)
FN:97,(anonymous_9)
FN:101,(anonymous_10)
FN:114,(anonymous_11)
FN:153,(anonymous_12)
FN:196,(anonymous_13)
FN:214,(anonymous_14)
FN:239,(anonymous_15)
FN:246,(anonymous_16)
FN:277,(anonymous_17)
FN:305,(anonymous_18)
FN:309,(anonymous_19)
FN:318,(anonymous_20)
FNF:20
FNH:17
FNDA:72,(anonymous_1)
FNDA:0,(anonymous_2)
FNDA:54,(anonymous_3)
FNDA:36,(anonymous_4)
FNDA:18,(anonymous_5)
FNDA:10,(anonymous_6)
FNDA:10,(anonymous_7)
FNDA:0,(anonymous_8)
FNDA:20,(anonymous_9)
FNDA:4,(anonymous_10)
FNDA:2,(anonymous_11)
FNDA:7,(anonymous_12)
FNDA:3,(anonymous_13)
FNDA:14,(anonymous_14)
FNDA:0,(anonymous_15)
FNDA:14,(anonymous_16)
FNDA:6,(anonymous_17)
FNDA:4,(anonymous_18)
FNDA:11,(anonymous_19)
FNDA:72,(anonymous_20)
DA:1,14
DA:11,14
DA:12,14
DA:14,14
DA:27,14
DA:28,72
DA:31,72
DA:32,72
DA:38,54
DA:42,36
DA:43,36
DA:44,36
DA:45,36
DA:46,36
DA:47,36
DA:51,18
DA:52,18
DA:53,18
DA:54,1
DA:56,17
DA:57,17
DA:58,17
DA:59,17
DA:60,17
DA:61,17
DA:62,15
DA:68,10
DA:69,10
DA:70,10
DA:74,10
DA:75,10
DA:77,6
DA:79,6
DA:80,1
DA:83,5
DA:87,0
DA:88,0
DA:89,0
DA:90,0
DA:98,20
DA:102,4
DA:103,4
DA:104,4
DA:111,4
DA:121,2
DA:122,2
DA:126,2
DA:139,2
DA:140,1
DA:141,1
DA:144,1
DA:154,7
DA:155,7
DA:156,2
DA:159,5
DA:160,5
DA:161,5
DA:165,5
DA:178,5
DA:179,2
DA:180,2
DA:183,3
DA:184,3
DA:185,3
DA:187,3
DA:189,3
DA:197,3
DA:198,3
DA:199,1
DA:202,2
DA:203,2
DA:205,2
DA:206,1
DA:210,1
DA:211,1
DA:223,14
DA:224,14
DA:225,14
DA:226,14
DA:228,14
DA:239,14
DA:240,0
DA:243,14
DA:247,14
DA:248,14
DA:255,14
DA:257,0
DA:258,0
DA:259,0
DA:262,0
DA:263,0
DA:264,0
DA:278,6
DA:280,6
DA:281,3
DA:292,3
DA:294,3
DA:306,4
DA:310,11
DA:319,72
LF:100
LH:89
BRDA:53,0,0,1
BRDA:53,0,1,17
BRDA:75,1,0,4
BRDA:75,1,1,6
BRDA:79,2,0,1
BRDA:79,2,1,5
BRDA:89,3,0,0
BRDA:89,3,1,0
BRDA:139,4,0,1
BRDA:139,4,1,1
BRDA:155,5,0,2
BRDA:155,5,1,5
BRDA:178,6,0,2
BRDA:178,6,1,3
BRDA:198,7,0,1
BRDA:198,7,1,2
BRDA:205,8,0,1
BRDA:205,8,1,1
BRDA:255,9,0,14
BRDA:255,9,1,0
BRDA:259,10,0,0
BRDA:259,10,1,0
BRDA:263,11,0,0
BRDA:263,11,1,0
BRDA:280,12,0,3
BRDA:280,12,1,3
BRDA:311,13,0,11
BRDA:311,13,1,6
BRDA:311,13,2,6
BRDA:311,13,3,6
BRF:30
BRH:23
end_of_record
TN:
SF:src/services/ebayExportService.ts
FN:41,(anonymous_1)
FN:46,(anonymous_2)
FN:52,(anonymous_3)
FN:89,(anonymous_4)
FN:93,(anonymous_5)
FN:97,(anonymous_6)
FN:101,(anonymous_7)
FN:105,(anonymous_8)
FN:117,(anonymous_9)
FN:146,(anonymous_10)
FN:175,(anonymous_11)
FN:217,(anonymous_12)
FN:230,(anonymous_13)
FN:247,(anonymous_14)
FN:254,(anonymous_15)
FN:255,(anonymous_16)
FNF:16
FNH:16
FNDA:39,(anonymous_1)
FNDA:15,(anonymous_2)
FNDA:42,(anonymous_3)
FNDA:7,(anonymous_4)
FNDA:30,(anonymous_5)
FNDA:4,(anonymous_6)
FNDA:4,(anonymous_7)
FNDA:15,(anonymous_8)
FNDA:40,(anonymous_9)
FNDA:40,(anonymous_10)
FNDA:40,(anonymous_11)
FNDA:40,(anonymous_12)
FNDA:40,(anonymous_13)
FNDA:1320,(anonymous_14)
FNDA:55,(anonymous_15)
FNDA:1320,(anonymous_16)
DA:1,14
DA:2,14
DA:7,14
DA:34,14
DA:35,14
DA:42,39
DA:43,39
DA:51,15
DA:52,42
DA:53,15
DA:55,15
DA:56,15
DA:58,15
DA:60,15
DA:61,40
DA:62,40
DA:63,40
DA:65,40
DA:66,40
DA:68,40
DA:69,2
DA:76,15
DA:77,15
DA:78,15
DA:80,15
DA:90,7
DA:94,30
DA:98,4
DA:102,4
DA:106,15
DA:107,10
DA:108,10
DA:109,14
DA:110,14
DA:112,10
DA:114,5
DA:118,40
DA:147,40
DA:149,40
DA:150,40
DA:151,40
DA:153,40
DA:154,3
DA:157,40
DA:158,0
DA:161,40
DA:162,3
DA:165,40
DA:167,40
DA:168,40
DA:169,3
DA:172,40
DA:176,40
DA:178,40
DA:180,40
DA:181,40
DA:182,40
DA:183,40
DA:184,40
DA:185,40
DA:187,40
DA:188,3
DA:191,40
DA:193,40
DA:194,3
DA:197,40
DA:199,40
DA:200,2
DA:201,2
DA:204,40
DA:205,40
DA:206,40
DA:207,40
DA:208,40
DA:209,40
DA:211,40
DA:212,40
DA:214,40
DA:218,40
DA:227,40
DA:231,40
DA:232,3
DA:233,37
DA:234,0
DA:235,37
DA:236,0
DA:237,37
DA:238,0
DA:239,37
DA:240,0
DA:241,37
DA:242,37
DA:244,0
DA:248,1320
DA:249,42
DA:251,1278
DA:255,1320
DA:259,14
LF:98
LH:92
BRDA:68,0,0,2
BRDA:68,0,1,38
BRDA:106,1,0,10
BRDA:106,1,1,5
BRDA:106,2,0,15
BRDA:106,2,1,10
BRDA:110,3,0,13
BRDA:110,3,1,1
BRDA:130,4,0,40
BRDA:130,4,1,0
BRDA:131,5,0,40
BRDA:131,5,1,0
BRDA:136,6,0,40
BRDA:136,6,1,0
BRDA:153,7,0,3
BRDA:153,7,1,37
BRDA:157,8,0,0
BRDA:157,8,1,40
BRDA:161,9,0,3
BRDA:161,9,1,37
BRDA:168,10,0,3
BRDA:168,10,1,37
BRDA:187,11,0,3
BRDA:187,11,1,37
BRDA:193,12,0,3
BRDA:193,12,1,37
BRDA:199,13,0,2
BRDA:199,13,1,38
BRDA:227,14,0,40
BRDA:227,14,1,0
BRDA:231,15,0,3
BRDA:231,15,1,37
BRDA:231,16,0,40
BRDA:231,16,1,37
BRDA:233,17,0,0
BRDA:233,17,1,37
BRDA:235,18,0,0
BRDA:235,18,1,37
BRDA:237,19,0,0
BRDA:237,19,1,37
BRDA:239,20,0,0
BRDA:239,20,1,37
BRDA:241,21,0,37
BRDA:241,21,1,0
BRDA:248,22,0,42
BRDA:248,22,1,1278
BRDA:248,23,0,1320
BRDA:248,23,1,1316
BRDA:248,23,2,1278
BRF:49
BRH:39
end_of_record
TN:
SF:src/services/eventService.ts
FN:4,(anonymous_0)
FN:8,(anonymous_1)
FN:14,(anonymous_2)
FN:18,(anonymous_3)
FN:29,(anonymous_4)
FN:33,(anonymous_5)
FN:35,(anonymous_6)
FN:40,(anonymous_7)
FNF:8
FNH:8
FNDA:55,(anonymous_0)
FNDA:10,(anonymous_1)
FNDA:4,(anonymous_2)
FNDA:22,(anonymous_3)
FNDA:8,(anonymous_4)
FNDA:2,(anonymous_5)
FNDA:2,(anonymous_6)
FNDA:49,(anonymous_7)
DA:2,15
DA:5,55
DA:6,55
DA:9,10
DA:10,10
DA:11,10
DA:15,4
DA:19,22
DA:20,22
DA:21,6
DA:22,6
DA:24,1
DA:30,8
DA:34,2
DA:35,2
DA:36,2
DA:41,49
DA:42,2
DA:43,2
DA:48,15
LF:20
LH:20
BRDA:33,0,0,0
BRDA:41,1,0,2
BRDA:41,1,1,47
BRF:3
BRH:2
end_of_record
TN:
SF:src/services/fileService.ts
FN:10,(anonymous_1)
FN:16,(anonymous_2)
FN:24,(anonymous_3)
FN:28,(anonymous_4)
FN:33,(anonymous_5)
FN:34,(anonymous_6)
FN:44,(anonymous_7)
FN:47,(anonymous_8)
FN:58,(anonymous_9)
FN:64,(anonymous_10)
FN:71,(anonymous_11)
FN:80,(anonymous_12)
FN:87,(anonymous_13)
FN:98,(anonymous_14)
FN:104,(anonymous_15)
FN:111,(anonymous_16)
FN:115,(anonymous_17)
FN:119,(anonymous_18)
FN:123,(anonymous_19)
FNF:19
FNH:19
FNDA:127,(anonymous_1)
FNDA:13,(anonymous_2)
FNDA:7,(anonymous_3)
FNDA:11,(anonymous_4)
FNDA:8,(anonymous_5)
FNDA:7,(anonymous_6)
FNDA:1,(anonymous_7)
FNDA:105,(anonymous_8)
FNDA:44,(anonymous_9)
FNDA:6,(anonymous_10)
FNDA:22,(anonymous_11)
FNDA:6,(anonymous_12)
FNDA:3,(anonymous_13)
FNDA:16,(anonymous_14)
FNDA:2,(anonymous_15)
FNDA:77,(anonymous_16)
FNDA:80,(anonymous_17)
FNDA:37,(anonymous_18)
FNDA:11,(anonymous_19)
DA:1,17
DA:2,17
DA:11,127
DA:12,127
DA:13,127
DA:17,13
DA:18,26
DA:19,24
DA:25,7
DA:29,11
DA:30,11
DA:32,10
DA:33,8
DA:35,7
DA:36,7
DA:37,7
DA:44,1
DA:48,105
DA:49,105
DA:50,105
DA:52,105
DA:53,0
DA:55,105
DA:59,44
DA:60,44
DA:61,44
DA:65,6
DA:66,6
DA:67,3
DA:68,3
DA:72,22
DA:73,22
DA:74,22
DA:75,22
DA:76,21
DA:77,21
DA:81,6
DA:82,6
DA:84,4
DA:85,4
DA:87,3
DA:88,3
DA:89,3
DA:90,3
DA:99,16
DA:100,16
DA:101,16
DA:105,2
DA:106,2
DA:107,2
DA:112,77
DA:116,80
DA:120,37
DA:124,11
DA:125,11
DA:129,17
LF:56
LH:55
BRDA:18,0,0,24
BRDA:18,0,1,2
BRDA:25,1,0,7
BRDA:25,1,1,6
BRDA:30,2,0,1
BRDA:30,2,1,10
BRDA:52,3,0,0
BRDA:52,3,1,105
BRDA:60,4,0,0
BRDA:60,4,1,44
BRDA:66,5,0,3
BRDA:66,5,1,3
BRDA:66,6,0,6
BRDA:66,6,1,6
BRDA:74,7,0,0
BRDA:74,7,1,22
BRDA:74,8,0,22
BRDA:74,8,1,22
BRDA:75,9,0,1
BRDA:75,9,1,21
BRDA:82,10,0,2
BRDA:82,10,1,4
BRDA:85,11,0,1
BRDA:85,11,1,3
BRDA:89,12,0,0
BRDA:89,12,1,3
BRDA:106,13,0,2
BRDA:106,13,1,0
BRF:28
BRH:23
end_of_record
TN:
SF:src/services/imageProcessingService.ts
FN:17,(anonymous_1)
FN:25,(anonymous_2)
FN:26,(anonymous_3)
FN:31,(anonymous_4)
FN:56,(anonymous_5)
FN:137,(anonymous_6)
FN:153,(anonymous_7)
FN:266,(anonymous_8)
FN:339,(anonymous_9)
FN:416,(anonymous_10)
FN:428,(anonymous_11)
FN:456,(anonymous_12)
FN:463,(anonymous_13)
FN:474,(anonymous_14)
FN:492,(anonymous_15)
FN:496,(anonymous_16)
FN:517,(anonymous_17)
FN:544,(anonymous_18)
FN:553,(anonymous_19)
FN:559,(anonymous_20)
FNF:20
FNH:18
FNDA:81,(anonymous_1)
FNDA:20,(anonymous_2)
FNDA:0,(anonymous_3)
FNDA:23,(anonymous_4)
FNDA:12,(anonymous_5)
FNDA:6,(anonymous_6)
FNDA:11,(anonymous_7)
FNDA:18,(anonymous_8)
FNDA:6,(anonymous_9)
FNDA:35,(anonymous_10)
FNDA:17,(anonymous_11)
FNDA:28,(anonymous_12)
FNDA:8,(anonymous_13)
FNDA:7,(anonymous_14)
FNDA:28,(anonymous_15)
FNDA:18,(anonymous_16)
FNDA:12,(anonymous_17)
FNDA:12,(anonymous_18)
FNDA:11,(anonymous_19)
FNDA:0,(anonymous_20)
DA:1,14
DA:18,81
DA:19,81
DA:20,81
DA:21,81
DA:26,20
DA:27,0
DA:37,23
DA:38,1
DA:39,1
DA:40,1
DA:41,1
DA:42,1
DA:50,1
DA:52,22
DA:53,22
DA:60,12
DA:61,12
DA:62,12
DA:72,12
DA:75,12
DA:76,6
DA:77,6
DA:80,5
DA:81,5
DA:83,1
DA:84,1
DA:89,1
DA:90,1
DA:93,6
DA:94,1
DA:95,1
DA:100,12
DA:101,8
DA:102,8
DA:106,7
DA:107,7
DA:109,1
DA:110,1
DA:115,1
DA:116,1
DA:119,8
DA:120,1
DA:121,1
DA:125,12
DA:134,12
DA:141,6
DA:143,6
DA:144,2
DA:150,4
DA:158,11
DA:159,11
DA:161,11
DA:162,4
DA:163,4
DA:164,4
DA:165,4
DA:166,4
DA:168,4
DA:169,1
DA:172,3
DA:173,3
DA:174,1
DA:181,1
DA:182,1
DA:183,1
DA:186,2
DA:187,2
DA:188,0
DA:194,2
DA:195,2
DA:196,0
DA:203,2
DA:207,2
DA:217,7
DA:218,7
DA:220,7
DA:221,1
DA:224,6
DA:225,6
DA:226,1
DA:233,1
DA:234,1
DA:235,1
DA:238,5
DA:242,5
DA:243,1
DA:248,1
DA:249,1
DA:250,1
DA:253,4
DA:257,4
DA:270,18
DA:271,18
DA:272,18
DA:275,18
DA:278,15
DA:279,15
DA:280,2
DA:281,2
DA:282,2
DA:286,13
DA:287,13
DA:290,13
DA:291,2
DA:295,11
DA:296,11
DA:297,1
DA:304,1
DA:305,1
DA:306,1
DA:310,10
DA:314,10
DA:315,1
DA:320,1
DA:321,1
DA:322,1
DA:326,9
DA:330,9
DA:344,6
DA:345,6
DA:348,6
DA:353,5
DA:355,5
DA:356,1
DA:357,1
DA:358,1
DA:361,4
DA:362,4
DA:363,4
DA:364,4
DA:365,4
DA:367,4
DA:368,1
DA:371,3
DA:372,3
DA:373,1
DA:380,1
DA:381,1
DA:382,1
DA:385,2
DA:386,2
DA:387,2
DA:388,0
DA:394,2
DA:395,2
DA:396,0
DA:403,2
DA:407,2
DA:417,35
DA:418,35
DA:419,35
DA:420,35
DA:421,35
DA:422,35
DA:423,1
DA:425,34
DA:429,17
DA:457,28
DA:458,1
DA:461,27
DA:462,27
DA:464,8
DA:470,27
DA:474,7
DA:475,7
DA:477,7
DA:478,1
DA:485,1
DA:486,1
DA:489,6
DA:493,28
DA:497,18
DA:498,18
DA:500,18
DA:503,18
DA:504,8
DA:505,8
DA:506,10
DA:507,1
DA:508,1
DA:510,9
DA:513,9
DA:514,9
DA:518,12
DA:519,12
DA:520,12
DA:522,12
DA:523,20
DA:525,14
DA:526,14
DA:527,6
DA:528,6
DA:529,6
DA:530,6
DA:532,0
DA:534,6
DA:535,6
DA:536,8
DA:537,8
DA:541,12
DA:545,12
DA:546,7
DA:547,2
DA:548,1
DA:549,2
DA:554,11
DA:560,0
DA:565,14
LF:209
LH:202
BRDA:37,0,0,1
BRDA:37,0,1,22
BRDA:40,1,0,0
BRDA:40,1,1,1
BRDA:40,2,0,1
BRDA:40,2,1,1
BRDA:61,3,0,11
BRDA:61,4,0,11
BRDA:83,5,0,1
BRDA:83,5,1,0
BRDA:93,6,0,1
BRDA:93,6,1,5
BRDA:109,7,0,1
BRDA:109,7,1,0
BRDA:119,8,0,1
BRDA:119,8,1,7
BRDA:143,9,0,2
BRDA:143,9,1,4
BRDA:161,10,0,4
BRDA:161,10,1,7
BRDA:168,11,0,1
BRDA:168,11,1,3
BRDA:173,12,0,1
BRDA:173,12,1,2
BRDA:187,13,0,0
BRDA:187,13,1,2
BRDA:195,14,0,0
BRDA:195,14,1,2
BRDA:220,15,0,1
BRDA:220,15,1,6
BRDA:225,16,0,1
BRDA:225,16,1,5
BRDA:242,17,0,1
BRDA:242,17,1,4
BRDA:268,18,0,6
BRDA:270,19,0,9
BRDA:270,20,0,9
BRDA:278,21,0,15
BRDA:278,21,1,0
BRDA:279,22,0,2
BRDA:279,22,1,13
BRDA:290,23,0,2
BRDA:290,23,1,11
BRDA:290,24,0,13
BRDA:290,24,1,12
BRDA:296,25,0,1
BRDA:296,25,1,10
BRDA:314,26,0,1
BRDA:314,26,1,9
BRDA:344,27,0,0
BRDA:344,28,0,0
BRDA:353,29,0,5
BRDA:353,29,1,0
BRDA:355,30,0,1
BRDA:355,30,1,4
BRDA:367,31,0,1
BRDA:367,31,1,3
BRDA:367,32,0,4
BRDA:367,32,1,3
BRDA:372,33,0,1
BRDA:372,33,1,2
BRDA:387,34,0,0
BRDA:387,34,1,2
BRDA:395,35,0,0
BRDA:395,35,1,2
BRDA:417,36,0,35
BRDA:417,36,1,1
BRDA:418,37,0,35
BRDA:418,37,1,1
BRDA:419,38,0,1
BRDA:419,38,1,34
BRDA:420,39,0,35
BRDA:420,39,1,1
BRDA:421,40,0,35
BRDA:421,40,1,1
BRDA:422,41,0,1
BRDA:422,41,1,34
BRDA:430,42,0,17
BRDA:430,42,1,0
BRDA:431,43,0,17
BRDA:431,43,1,0
BRDA:432,44,0,17
BRDA:432,44,1,0
BRDA:433,45,0,17
BRDA:433,45,1,0
BRDA:434,46,0,17
BRDA:434,46,1,0
BRDA:435,47,0,17
BRDA:435,47,1,0
BRDA:437,48,0,0
BRDA:437,48,1,17
BRDA:442,49,0,17
BRDA:442,49,1,17
BRDA:443,50,0,17
BRDA:443,50,1,17
BRDA:444,51,0,17
BRDA:444,51,1,17
BRDA:445,52,0,17
BRDA:445,52,1,17
BRDA:446,53,0,17
BRDA:446,53,1,17
BRDA:457,54,0,1
BRDA:457,54,1,27
BRDA:457,55,0,28
BRDA:457,55,1,28
BRDA:457,55,2,27
BRDA:457,55,3,27
BRDA:464,56,0,8
BRDA:464,56,1,7
BRDA:464,56,2,7
BRDA:464,56,3,7
BRDA:470,57,0,20
BRDA:470,57,1,7
BRDA:477,58,0,1
BRDA:477,58,1,6
BRDA:503,59,0,8
BRDA:503,59,1,10
BRDA:506,60,0,1
BRDA:506,60,1,9
BRDA:514,61,0,8
BRDA:514,61,1,1
BRDA:523,62,0,6
BRDA:523,62,1,14
BRDA:526,63,0,6
BRDA:526,63,1,8
BRDA:526,64,0,14
BRDA:526,64,1,6
BRDA:529,65,0,6
BRDA:529,65,1,0
BRDA:536,66,0,8
BRDA:536,66,1,0
BRDA:545,67,0,7
BRDA:545,67,1,2
BRDA:545,67,2,1
BRDA:545,67,3,2
BRF:135
BRH:115
end_of_record
TN:
SF:src/services/jobService.ts
FN:14,(anonymous_0)
FN:19,(anonymous_1)
FN:23,(anonymous_2)
FN:25,(anonymous_3)
FN:28,(anonymous_4)
FN:35,(anonymous_5)
FN:56,(anonymous_6)
FNF:7
FNH:6
FNDA:48,(anonymous_0)
FNDA:7,(anonymous_1)
FNDA:1,(anonymous_2)
FNDA:0,(anonymous_3)
FNDA:50,(anonymous_4)
FNDA:9,(anonymous_5)
FNDA:2,(anonymous_6)
DA:10,48
DA:11,48
DA:12,48
DA:15,48
DA:16,48
DA:20,7
DA:24,1
DA:25,1
DA:29,50
DA:30,1
DA:31,1
DA:36,9
DA:37,9
DA:39,9
DA:40,9
DA:41,9
DA:43,8
DA:44,8
DA:45,1
DA:49,1
DA:50,1
DA:53,7
DA:54,7
DA:56,7
DA:57,2
DA:58,2
DA:61,7
DA:62,7
DA:63,5
DA:68,5
DA:70,2
DA:71,2
DA:75,2
DA:78,9
DA:83,14
LF:35
LH:35
BRDA:23,0,0,0
BRDA:29,1,0,1
BRDA:29,1,1,49
BRDA:36,2,0,0
BRDA:36,2,1,9
BRDA:41,3,0,1
BRDA:41,3,1,8
BRDA:44,4,0,1
BRDA:44,4,1,7
BRDA:70,5,0,2
BRDA:70,5,1,0
BRF:11
BRH:8
end_of_record
TN:
SF:src/services/ocrService.ts
FN:4,(anonymous_0)
FNF:1
FNH:1
FNDA:5,(anonymous_0)
DA:1,14
DA:5,5
DA:7,5
DA:8,5
DA:9,4
DA:11,5
DA:16,14
LF:7
LH:7
BRF:0
BRH:0
end_of_record
TN:
SF:src/services/playerDatabase.ts
FN:210,(anonymous_0)
FN:218,(anonymous_1)
FN:225,(anonymous_2)
FN:228,(anonymous_3)
FN:239,(anonymous_4)
FN:250,(anonymous_5)
FN:253,(anonymous_6)
FN:255,(anonymous_7)
FN:266,(anonymous_8)
FN:296,(anonymous_9)
FN:304,(anonymous_10)
FN:312,(anonymous_11)
FN:318,(anonymous_12)
FN:326,(anonymous_13)
FN:333,(anonymous_14)
FN:347,(anonymous_15)
FNF:16
FNH:16
FNDA:91,(anonymous_0)
FNDA:38,(anonymous_1)
FNDA:91,(anonymous_2)
FNDA:6279,(anonymous_3)
FNDA:3276,(anonymous_4)
FNDA:91,(anonymous_5)
FNDA:4004,(anonymous_6)
FNDA:4004,(anonymous_7)
FNDA:29,(anonymous_8)
FNDA:15,(anonymous_9)
FNDA:4,(anonymous_10)
FNDA:7,(anonymous_11)
FNDA:8,(anonymous_12)
FNDA:8,(anonymous_13)
FNDA:31,(anonymous_14)
FNDA:1669,(anonymous_15)
DA:22,15
DA:127,15
DA:182,15
DA:206,15
DA:211,91
DA:212,91
DA:219,38
DA:226,91
DA:228,91
DA:230,6279
DA:233,6279
DA:234,6279
DA:235,5278
DA:239,6279
DA:240,3276
DA:244,91
DA:251,91
DA:253,91
DA:254,4004
DA:255,4004
DA:256,4004
DA:260,91
DA:267,29
DA:270,29
DA:271,18
DA:275,11
DA:276,11
DA:277,11
DA:278,11
DA:279,0
DA:284,11
DA:285,1669
DA:286,1
DA:290,10
DA:297,15
DA:298,15
DA:305,4
DA:306,4
DA:313,7
DA:314,7
DA:316,7
DA:318,5
DA:319,8
DA:327,8
DA:328,8
DA:330,7
DA:332,7
DA:333,9
DA:334,31
DA:336,9
DA:337,6
DA:341,1
DA:349,1669
DA:350,1669
DA:353,1669
DA:358,15
LF:56
LH:55
BRDA:234,0,0,5278
BRDA:234,0,1,1001
BRDA:270,1,0,18
BRDA:270,1,1,11
BRDA:276,2,0,11
BRDA:276,2,1,0
BRDA:278,3,0,0
BRDA:278,3,1,11
BRDA:285,4,0,1
BRDA:285,4,1,1668
BRDA:298,5,0,15
BRDA:298,5,1,3
BRDA:306,6,0,4
BRDA:306,6,1,1
BRDA:316,7,0,2
BRDA:316,7,1,5
BRDA:316,8,0,7
BRDA:316,8,1,6
BRDA:328,9,0,1
BRDA:328,9,1,7
BRDA:336,10,0,6
BRDA:336,10,1,3
BRDA:353,11,0,1669
BRDA:353,11,1,1668
BRF:24
BRH:22
end_of_record
TN:
SF:src/services/populationReportService.ts
FN:11,classifyRarityTier
FN:19,computePercentile
FN:33,popMultiplier
FN:46,(anonymous_3)
FN:52,(anonymous_4)
FN:88,(anonymous_5)
FNF:6
FNH:6
FNDA:19,classifyRarityTier
FNDA:9,computePercentile
FNDA:30,popMultiplier
FNDA:19,(anonymous_3)
FNDA:21,(anonymous_4)
FNDA:15,(anonymous_5)
DA:7,18
DA:11,18
DA:12,19
DA:13,12
DA:14,8
DA:15,5
DA:16,2
DA:19,18
DA:24,9
DA:25,8
DA:33,18
DA:34,30
DA:35,29
DA:36,29
DA:47,19
DA:48,19
DA:49,19
DA:54,21
DA:55,4
DA:59,17
DA:60,5
DA:65,5
DA:66,2
DA:67,2
DA:68,2
DA:74,15
DA:76,15
DA:87,15
DA:88,15
DA:92,15
DA:93,15
DA:94,13
DA:95,13
DA:97,2
DA:101,14
DA:102,5
DA:103,5
DA:106,14
DA:107,2
DA:108,2
DA:110,12
DA:113,12
DA:114,3
DA:117,12
DA:121,18
LF:45
LH:45
BRDA:12,0,0,7
BRDA:12,0,1,12
BRDA:13,1,0,4
BRDA:13,1,1,8
BRDA:14,2,0,3
BRDA:14,2,1,5
BRDA:15,3,0,3
BRDA:15,3,1,2
BRDA:24,4,0,1
BRDA:24,4,1,8
BRDA:34,5,0,1
BRDA:34,5,1,29
BRDA:54,6,0,4
BRDA:54,6,1,17
BRDA:54,7,0,21
BRDA:54,7,1,19
BRDA:54,7,2,18
BRDA:59,8,0,5
BRDA:59,8,1,12
BRDA:65,9,0,2
BRDA:65,9,1,3
BRDA:67,10,0,2
BRDA:67,10,1,0
BRDA:93,11,0,13
BRDA:93,11,1,2
BRDA:101,12,0,5
BRDA:101,12,1,9
BRDA:101,13,0,14
BRDA:101,13,1,6
BRDA:106,14,0,2
BRDA:106,14,1,12
BRDA:113,15,0,3
BRDA:113,15,1,9
BRF:33
BRH:32
end_of_record
TN:
SF:src/services/adapters/cardLadder.ts
FN:18,getFirebaseToken
FN:55,refreshFirebaseToken
FN:95,extractValue
FN:130,docToCard
FN:153,scoreMatch
FN:197,extractRecentSales
FN:199,(anonymous_6)
FN:204,(anonymous_7)
FN:205,(anonymous_8)
FN:208,(anonymous_9)
FN:217,buildSearchQuery
FN:228,(anonymous_11)
FN:232,(anonymous_12)
FN:307,(anonymous_13)
FN:308,(anonymous_14)
FN:325,(anonymous_15)
FN:326,(anonymous_16)
FN:327,(anonymous_17)
FN:345,(anonymous_18)
FN:352,(anonymous_19)
FN:393,_resetTokenCache
FNF:21
FNH:20
FNDA:8,getFirebaseToken
FNDA:0,refreshFirebaseToken
FNDA:77,extractValue
FNDA:6,docToCard
FNDA:15,scoreMatch
FNDA:8,extractRecentSales
FNDA:27,(anonymous_6)
FNDA:27,(anonymous_7)
FNDA:25,(anonymous_8)
FNDA:12,(anonymous_9)
FNDA:3,buildSearchQuery
FNDA:52,(anonymous_11)
FNDA:15,(anonymous_12)
FNDA:7,(anonymous_13)
FNDA:6,(anonymous_14)
FNDA:6,(anonymous_15)
FNDA:6,(anonymous_16)
FNDA:1,(anonymous_17)
FNDA:3,(anonymous_18)
FNDA:3,(anonymous_19)
FNDA:11,_resetTokenCache
DA:4,15
DA:5,15
DA:6,15
DA:16,15
DA:20,8
DA:21,0
DA:25,8
DA:26,0
DA:27,0
DA:31,8
DA:32,8
DA:38,7
DA:40,6
DA:46,6
DA:52,6
DA:56,0
DA:57,0
DA:63,0
DA:64,0
DA:65,0
DA:68,0
DA:74,0
DA:80,0
DA:96,77
DA:97,35
DA:98,14
DA:99,11
DA:100,11
DA:101,11
DA:102,5
DA:103,5
DA:104,5
DA:105,9
DA:107,5
DA:109,0
DA:110,0
DA:112,0
DA:131,6
DA:132,6
DA:133,68
DA:135,6
DA:154,15
DA:157,15
DA:160,13
DA:163,13
DA:164,11
DA:168,13
DA:169,13
DA:170,13
DA:171,13
DA:172,13
DA:175,13
DA:176,0
DA:177,0
DA:178,13
DA:179,13
DA:183,13
DA:184,4
DA:185,4
DA:186,3
DA:189,9
DA:192,13
DA:198,8
DA:199,27
DA:204,27
DA:205,25
DA:208,12
DA:218,3
DA:219,3
DA:220,3
DA:221,3
DA:225,52
DA:229,52
DA:234,15
DA:235,3
DA:236,3
DA:239,14
DA:240,14
DA:241,14
DA:242,6
DA:253,8
DA:255,8
DA:256,7
DA:257,1
DA:269,6
DA:270,6
DA:291,6
DA:292,1
DA:303,5
DA:306,5
DA:307,7
DA:308,6
DA:310,5
DA:311,1
DA:312,1
DA:324,4
DA:325,6
DA:326,6
DA:327,1
DA:329,4
DA:330,0
DA:331,0
DA:342,4
DA:343,4
DA:344,4
DA:345,4
DA:347,4
DA:348,4
DA:349,4
DA:351,4
DA:352,3
DA:353,1
DA:354,1
DA:356,3
DA:359,4
DA:369,4
DA:370,1
DA:373,4
DA:375,1
DA:376,1
DA:389,15
DA:390,15
DA:393,15
DA:394,11
LF:124
LH:106
BRDA:20,0,0,0
BRDA:20,0,1,8
BRDA:20,1,0,8
BRDA:20,1,1,0
BRDA:25,2,0,0
BRDA:25,2,1,8
BRDA:27,3,0,0
BRDA:27,3,1,0
BRDA:38,4,0,1
BRDA:38,4,1,6
BRDA:63,5,0,0
BRDA:63,5,1,0
BRDA:96,6,0,42
BRDA:96,6,1,35
BRDA:97,7,0,21
BRDA:97,7,1,14
BRDA:98,8,0,3
BRDA:98,8,1,11
BRDA:99,9,0,0
BRDA:99,9,1,11
BRDA:100,10,0,0
BRDA:100,10,1,11
BRDA:101,11,0,6
BRDA:101,11,1,5
BRDA:102,12,0,5
BRDA:102,12,1,0
BRDA:104,13,0,5
BRDA:104,13,1,0
BRDA:109,14,0,0
BRDA:109,14,1,0
BRDA:110,15,0,0
BRDA:110,15,1,0
BRDA:136,16,0,6
BRDA:136,16,1,0
BRDA:137,17,0,6
BRDA:137,17,1,0
BRDA:138,18,0,6
BRDA:138,18,1,0
BRDA:139,19,0,6
BRDA:139,19,1,0
BRDA:140,20,0,6
BRDA:140,20,1,0
BRDA:141,21,0,6
BRDA:141,21,1,0
BRDA:142,22,0,6
BRDA:142,22,1,6
BRDA:143,23,0,6
BRDA:143,23,1,0
BRDA:144,24,0,6
BRDA:144,24,1,0
BRDA:145,25,0,6
BRDA:145,25,1,4
BRDA:146,26,0,6
BRDA:146,26,1,0
BRDA:147,27,0,6
BRDA:147,27,1,0
BRDA:157,28,0,2
BRDA:157,28,1,13
BRDA:163,29,0,11
BRDA:163,29,1,2
BRDA:170,30,0,13
BRDA:170,30,1,13
BRDA:171,31,0,13
BRDA:171,31,1,0
BRDA:172,32,0,0
BRDA:172,32,1,13
BRDA:172,33,0,13
BRDA:172,33,1,0
BRDA:175,34,0,0
BRDA:175,34,1,13
BRDA:177,35,0,0
BRDA:177,35,1,0
BRDA:178,36,0,13
BRDA:178,36,1,0
BRDA:178,37,0,13
BRDA:178,37,1,0
BRDA:183,38,0,4
BRDA:183,38,1,9
BRDA:183,39,0,13
BRDA:183,39,1,4
BRDA:183,39,2,4
BRDA:185,40,0,1
BRDA:185,40,1,3
BRDA:186,41,0,2
BRDA:186,41,1,1
BRDA:189,42,0,8
BRDA:189,42,1,1
BRDA:197,43,0,7
BRDA:204,44,0,27
BRDA:204,44,1,27
BRDA:219,45,0,1
BRDA:219,45,1,2
BRDA:234,46,0,3
BRDA:234,46,1,12
BRDA:236,47,0,1
BRDA:236,47,1,2
BRDA:241,48,0,6
BRDA:241,48,1,8
BRDA:241,49,0,14
BRDA:241,49,1,8
BRDA:256,50,0,1
BRDA:256,50,1,6
BRDA:291,51,0,1
BRDA:291,51,1,5
BRDA:310,52,0,1
BRDA:310,52,1,4
BRDA:329,53,0,0
BRDA:329,53,1,4
BRDA:351,54,0,1
BRDA:351,54,1,3
BRDA:369,55,0,1
BRDA:369,55,1,3
BRDA:375,56,0,1
BRDA:375,56,1,0
BRF:114
BRH:79
end_of_record
TN:
SF:src/services/adapters/cgcPopScraper.ts
FN:36,buildSearchQueries
FN:59,(anonymous_1)
FN:70,scoreMatch
FN:78,(anonymous_3)
FN:112,parsePopResponse
FN:151,parseArrayFormat
FN:171,normalizeGrade
FN:185,computeHigherGradePop
FN:196,mapCategoryToPath
FN:207,(anonymous_9)
FN:211,(anonymous_10)
FN:309,(anonymous_11)
FN:367,(anonymous_12)
FN:368,(anonymous_13)
FNF:14
FNH:13
FNDA:9,buildSearchQueries
FNDA:22,(anonymous_1)
FNDA:14,scoreMatch
FNDA:25,(anonymous_3)
FNDA:14,parsePopResponse
FNDA:3,parseArrayFormat
FNDA:36,normalizeGrade
FNDA:8,computeHigherGradePop
FNDA:10,mapCategoryToPath
FNDA:7,(anonymous_9)
FNDA:6,(anonymous_10)
FNDA:0,(anonymous_11)
FNDA:6,(anonymous_12)
FNDA:4,(anonymous_13)
DA:2,1
DA:7,1
DA:8,1
DA:13,1
DA:20,1
DA:37,9
DA:38,9
DA:39,9
DA:42,9
DA:43,2
DA:47,9
DA:48,2
DA:52,9
DA:55,9
DA:58,9
DA:59,9
DA:60,22
DA:61,22
DA:62,22
DA:71,14
DA:72,14
DA:75,14
DA:76,14
DA:77,14
DA:78,25
DA:79,1
DA:82,13
DA:85,13
DA:86,13
DA:89,13
DA:90,8
DA:91,8
DA:94,5
DA:95,3
DA:100,13
DA:102,13
DA:113,14
DA:116,12
DA:119,12
DA:121,7
DA:123,7
DA:124,7
DA:125,7
DA:126,20
DA:127,20
DA:128,20
DA:129,20
DA:130,18
DA:133,7
DA:137,0
DA:138,0
DA:139,0
DA:144,5
DA:145,3
DA:148,2
DA:152,3
DA:153,3
DA:154,7
DA:155,7
DA:156,7
DA:157,7
DA:158,7
DA:159,7
DA:160,7
DA:161,7
DA:164,3
DA:172,36
DA:174,35
DA:175,35
DA:176,33
DA:178,33
DA:179,31
DA:186,8
DA:187,8
DA:188,7
DA:189,7
DA:190,23
DA:191,23
DA:193,7
DA:197,10
DA:198,5
DA:204,7
DA:208,7
DA:212,6
DA:213,2
DA:218,4
DA:219,4
DA:220,4
DA:221,4
DA:223,4
DA:224,4
DA:226,4
DA:227,5
DA:229,5
DA:232,5
DA:233,5
DA:235,2
DA:236,2
DA:237,2
DA:238,2
DA:241,3
DA:242,2
DA:245,2
DA:246,2
DA:248,0
DA:249,0
DA:250,0
DA:251,0
DA:255,2
DA:265,2
DA:267,2
DA:268,2
DA:269,2
DA:270,3
DA:271,3
DA:272,2
DA:273,2
DA:274,2
DA:278,2
DA:279,2
DA:282,2
DA:289,2
DA:293,0
DA:294,0
DA:297,3
DA:298,1
DA:299,1
DA:300,1
DA:304,2
DA:307,2
DA:308,2
DA:309,0
DA:313,2
DA:314,1
DA:315,1
DA:316,1
DA:318,1
DA:322,2
DA:323,1
DA:324,1
DA:325,1
DA:327,1
DA:353,1
DA:355,0
DA:359,2
DA:360,2
DA:362,2
DA:363,0
DA:364,0
DA:367,6
DA:368,4
DA:369,2
DA:370,2
DA:371,2
DA:372,2
DA:374,2
DA:376,2
DA:388,1
DA:389,1
DA:390,1
DA:392,1
DA:397,1
DA:399,1
DA:400,1
DA:401,1
DA:402,1
DA:403,1
DA:404,1
DA:405,1
DA:406,1
LF:170
LH:157
BRDA:38,0,0,9
BRDA:38,0,1,0
BRDA:42,1,0,2
BRDA:42,1,1,7
BRDA:47,2,0,2
BRDA:47,2,1,7
BRDA:60,3,0,0
BRDA:60,3,1,22
BRDA:77,4,0,1
BRDA:77,4,1,13
BRDA:78,5,0,12
BRDA:78,5,1,1
BRDA:82,6,0,13
BRDA:82,6,1,0
BRDA:86,7,0,12
BRDA:86,7,1,1
BRDA:89,8,0,8
BRDA:89,8,1,5
BRDA:91,9,0,1
BRDA:91,9,1,7
BRDA:94,10,0,3
BRDA:94,10,1,2
BRDA:94,11,0,5
BRDA:94,11,1,3
BRDA:94,11,2,3
BRDA:94,11,3,3
BRDA:100,12,0,9
BRDA:100,12,1,4
BRDA:100,13,0,13
BRDA:100,13,1,10
BRDA:113,14,0,2
BRDA:113,14,1,12
BRDA:119,15,0,7
BRDA:119,15,1,5
BRDA:119,16,0,12
BRDA:119,16,1,10
BRDA:121,17,0,7
BRDA:121,17,1,6
BRDA:121,17,2,5
BRDA:121,17,3,5
BRDA:121,17,4,5
BRDA:123,18,0,7
BRDA:123,18,1,0
BRDA:123,19,0,7
BRDA:123,19,1,7
BRDA:127,20,0,0
BRDA:127,20,1,20
BRDA:128,21,0,18
BRDA:128,21,1,2
BRDA:129,22,0,18
BRDA:129,22,1,2
BRDA:129,23,0,20
BRDA:129,23,1,20
BRDA:133,24,0,7
BRDA:133,24,1,0
BRDA:137,25,0,0
BRDA:137,25,1,0
BRDA:137,25,2,0
BRDA:137,25,3,0
BRDA:138,26,0,0
BRDA:138,26,1,0
BRDA:144,27,0,3
BRDA:144,27,1,2
BRDA:154,28,0,0
BRDA:154,28,1,7
BRDA:154,29,0,7
BRDA:154,29,1,7
BRDA:155,30,0,7
BRDA:155,30,1,2
BRDA:155,30,2,0
BRDA:155,30,3,0
BRDA:156,31,0,7
BRDA:156,31,1,2
BRDA:156,31,2,2
BRDA:156,31,3,0
BRDA:156,31,4,0
BRDA:156,31,5,0
BRDA:158,32,0,0
BRDA:158,32,1,7
BRDA:159,33,0,5
BRDA:159,33,1,2
BRDA:160,34,0,7
BRDA:160,34,1,0
BRDA:160,35,0,7
BRDA:160,35,1,7
BRDA:172,36,0,1
BRDA:172,36,1,35
BRDA:175,37,0,2
BRDA:175,37,1,33
BRDA:178,38,0,2
BRDA:178,38,1,31
BRDA:187,39,0,1
BRDA:187,39,1,7
BRDA:191,40,0,8
BRDA:191,40,1,15
BRDA:197,41,0,5
BRDA:197,41,1,5
BRDA:198,42,0,5
BRDA:198,42,1,1
BRDA:212,43,0,2
BRDA:212,43,1,4
BRDA:212,44,0,6
BRDA:212,44,1,5
BRDA:221,45,0,0
BRDA:221,45,1,4
BRDA:267,46,0,2
BRDA:267,46,1,0
BRDA:271,47,0,2
BRDA:271,47,1,1
BRDA:278,48,0,2
BRDA:278,48,1,0
BRDA:278,49,0,2
BRDA:278,49,1,2
BRDA:297,50,0,1
BRDA:297,50,1,2
BRDA:297,51,0,3
BRDA:297,51,1,2
BRDA:299,52,0,0
BRDA:299,52,1,1
BRDA:318,53,0,1
BRDA:318,53,1,0
BRDA:322,54,0,1
BRDA:322,54,1,1
BRDA:355,55,0,0
BRDA:355,55,1,0
BRDA:362,56,0,0
BRDA:362,56,1,2
BRDA:369,57,0,2
BRDA:369,57,1,0
BRDA:388,58,0,1
BRDA:388,58,1,0
BRDA:389,59,0,1
BRDA:389,59,1,0
BRF:133
BRH:102
end_of_record
TN:
SF:src/services/adapters/ebay.ts
FN:7,buildSearchQuery
FN:20,filterByRelevance
FN:27,(anonymous_2)
FN:34,computeTrimmedMean
FN:36,(anonymous_4)
FN:38,(anonymous_5)
FN:42,(anonymous_6)
FN:45,buildSearchUrl
FN:60,(anonymous_8)
FN:65,(anonymous_9)
FN:94,(anonymous_10)
FN:148,(anonymous_11)
FN:158,(anonymous_12)
FNF:13
FNH:12
FNDA:17,buildSearchQuery
FNDA:10,filterByRelevance
FNDA:34,(anonymous_2)
FNDA:13,computeTrimmedMean
FNDA:39,(anonymous_4)
FNDA:28,(anonymous_5)
FNDA:12,(anonymous_6)
FNDA:9,buildSearchUrl
FNDA:54,(anonymous_8)
FNDA:17,(anonymous_9)
FNDA:0,(anonymous_10)
FNDA:20,(anonymous_11)
FNDA:20,(anonymous_12)
DA:4,15
DA:5,15
DA:8,17
DA:9,17
DA:10,17
DA:11,17
DA:12,17
DA:13,4
DA:15,17
DA:16,17
DA:17,17
DA:24,10
DA:25,10
DA:26,10
DA:27,34
DA:28,10
DA:30,10
DA:31,10
DA:35,13
DA:36,39
DA:37,12
DA:38,28
DA:40,2
DA:41,2
DA:42,12
DA:46,9
DA:52,9
DA:56,54
DA:61,54
DA:62,54
DA:67,17
DA:68,3
DA:69,3
DA:73,16
DA:74,7
DA:85,9
DA:86,9
DA:89,9
DA:90,9
DA:92,8
DA:95,0
DA:97,0
DA:99,0
DA:100,0
DA:102,0
DA:103,0
DA:105,0
DA:107,0
DA:108,0
DA:109,0
DA:111,0
DA:113,0
DA:119,0
DA:122,0
DA:131,8
DA:133,8
DA:134,1
DA:146,7
DA:148,7
DA:149,20
DA:150,20
DA:158,20
DA:159,7
DA:160,7
DA:161,7
DA:163,7
DA:173,7
DA:174,1
DA:177,7
DA:179,1
DA:180,0
DA:182,1
DA:183,1
DA:196,15
DA:197,15
LF:75
LH:60
BRDA:9,0,0,2
BRDA:9,0,1,15
BRDA:11,1,0,2
BRDA:11,1,1,15
BRDA:12,2,0,4
BRDA:12,2,1,13
BRDA:12,3,0,17
BRDA:12,3,1,5
BRDA:12,3,2,5
BRDA:15,4,0,2
BRDA:15,4,1,15
BRDA:16,5,0,2
BRDA:16,5,1,15
BRDA:24,6,0,10
BRDA:24,6,1,0
BRDA:26,7,0,10
BRDA:26,7,1,0
BRDA:28,8,0,8
BRDA:28,8,1,2
BRDA:35,9,0,1
BRDA:35,9,1,12
BRDA:37,10,0,10
BRDA:37,10,1,2
BRDA:67,11,0,3
BRDA:67,11,1,14
BRDA:69,12,0,1
BRDA:69,12,1,2
BRDA:73,13,0,7
BRDA:73,13,1,9
BRDA:73,14,0,16
BRDA:73,14,1,11
BRDA:100,15,0,0
BRDA:100,15,1,0
BRDA:100,16,0,0
BRDA:100,16,1,0
BRDA:105,17,0,0
BRDA:105,17,1,0
BRDA:107,18,0,0
BRDA:107,18,1,0
BRDA:109,19,0,0
BRDA:109,19,1,0
BRDA:109,20,0,0
BRDA:109,20,1,0
BRDA:111,21,0,0
BRDA:111,21,1,0
BRDA:116,22,0,0
BRDA:116,22,1,0
BRDA:119,23,0,0
BRDA:119,23,1,0
BRDA:133,24,0,1
BRDA:133,24,1,7
BRDA:154,25,0,9
BRDA:154,25,1,11
BRDA:173,26,0,1
BRDA:173,26,1,6
BRDA:179,27,0,0
BRDA:179,27,1,1
BRDA:182,28,0,1
BRDA:182,28,1,0
BRF:59
BRH:37
end_of_record
TN:
SF:src/services/adapters/gemratePopScraper.ts
FN:22,buildSearchQueries
FN:45,(anonymous_1)
FN:56,scoreMatch
FN:64,(anonymous_3)
FN:100,parseGemRateResponse
FN:114,(anonymous_5)
FN:119,(anonymous_6)
FN:127,(anonymous_7)
FN:131,(anonymous_8)
FN:140,(anonymous_9)
FN:149,(anonymous_10)
FN:160,parseGradeData
FN:191,parseArrayFormat
FN:211,normalizeGemRateGrade
FN:224,computeHigherGradePop
FN:241,(anonymous_15)
FN:245,(anonymous_16)
FN:282,(anonymous_17)
FN:284,(anonymous_18)
FN:342,(anonymous_19)
FNF:20
FNH:18
FNDA:8,buildSearchQueries
FNDA:20,(anonymous_1)
FNDA:13,scoreMatch
FNDA:23,(anonymous_3)
FNDA:12,parseGemRateResponse
FNDA:16,(anonymous_5)
FNDA:17,(anonymous_6)
FNDA:1,(anonymous_7)
FNDA:2,(anonymous_8)
FNDA:4,(anonymous_9)
FNDA:3,(anonymous_10)
FNDA:9,parseGradeData
FNDA:1,parseArrayFormat
FNDA:43,normalizeGemRateGrade
FNDA:8,computeHigherGradePop
FNDA:8,(anonymous_15)
FNDA:7,(anonymous_16)
FNDA:0,(anonymous_17)
FNDA:0,(anonymous_18)
FNDA:6,(anonymous_19)
DA:2,1
DA:7,1
DA:10,1
DA:23,8
DA:24,8
DA:25,8
DA:28,8
DA:29,2
DA:33,8
DA:34,2
DA:38,8
DA:41,8
DA:44,8
DA:45,8
DA:46,20
DA:47,20
DA:48,20
DA:57,13
DA:58,13
DA:61,13
DA:62,13
DA:63,13
DA:64,23
DA:65,1
DA:68,12
DA:71,12
DA:72,12
DA:75,12
DA:76,8
DA:77,8
DA:80,4
DA:81,3
DA:86,12
DA:88,12
DA:104,12
DA:107,10
DA:109,10
DA:112,10
DA:114,16
DA:115,9
DA:116,7
DA:117,7
DA:118,7
DA:119,17
DA:120,7
[...]
FN:7,extractGradeFromTitle
FN:19,formatGrade
FN:23,getAdjacentGrades
FN:43,filterByGrade
FN:53,(anonymous_4)
FN:60,(anonymous_5)
FN:71,(anonymous_6)
FN:80,(anonymous_7)
FNF:8
FNH:8
FNDA:133,extractGradeFromTitle
FNDA:19,formatGrade
FNDA:14,getAdjacentGrades
FNDA:37,filterByGrade
FNDA:90,(anonymous_4)
FNDA:70,(anonymous_5)
FNDA:19,(anonymous_6)
FNDA:14,(anonymous_7)
DA:3,18
DA:7,18
DA:8,133
DA:9,133
DA:10,103
DA:11,103
DA:12,103
DA:13,103
DA:17,18
DA:20,19
DA:23,18
DA:24,14
DA:26,12
DA:27,12
DA:29,12
DA:30,12
DA:32,12
DA:33,12
DA:35,12
DA:36,12
DA:38,12
DA:41,18
DA:43,18
DA:48,37
DA:50,18
DA:51,18
DA:53,18
DA:54,90
DA:55,90
DA:56,0
DA:60,18
DA:61,70
DA:62,70
DA:63,64
DA:65,18
DA:68,6
DA:69,6
DA:70,5
DA:71,5
DA:72,19
DA:73,19
DA:74,16
DA:76,5
DA:80,4
DA:81,14
DA:82,14
DA:83,11
DA:85,4
DA:88,2
LF:49
LH:48
BRDA:9,0,0,30
BRDA:9,0,1,103
BRDA:12,1,0,4
BRDA:12,1,1,99
BRDA:20,2,0,15
BRDA:20,2,1,4
BRDA:24,3,0,2
BRDA:24,3,1,12
BRDA:27,4,0,0
BRDA:27,4,1,12
BRDA:29,5,0,5
BRDA:29,5,1,7
BRDA:33,6,0,11
BRDA:33,6,1,1
BRDA:36,7,0,8
BRDA:36,7,1,4
BRDA:48,8,0,19
BRDA:48,8,1,18
BRDA:48,9,0,37
BRDA:48,9,1,20
BRDA:48,9,2,19
BRDA:53,10,0,18
BRDA:53,10,1,15
BRDA:55,11,0,90
BRDA:55,11,1,0
BRDA:62,12,0,6
BRDA:62,12,1,64
BRDA:63,13,0,64
BRDA:63,13,1,55
BRDA:65,14,0,12
BRDA:65,14,1,6
BRDA:69,15,0,5
BRDA:69,15,1,1
BRDA:73,16,0,3
BRDA:73,16,1,16
BRDA:74,17,0,16
BRDA:74,17,1,10
BRDA:76,18,0,2
BRDA:76,18,1,3
BRDA:82,19,0,3
BRDA:82,19,1,11
BRDA:85,20,0,2
BRDA:85,20,1,2
BRF:43
BRH:41
end_of_record
TN:
SF:src/services/adapters/marketMovers.ts
FN:22,_resetTokenCache
FN:70,getTokenExpiry
FN:79,authenticateViaPuppeteer
FN:99,(anonymous_3)
FN:103,(anonymous_4)
FN:104,(anonymous_5)
FN:123,refreshMMToken
FN:157,getAccessToken
FN:176,trpcQuery
FN:202,buildSearchQuery
FN:214,buildCollectiblesSearchInput
FN:236,buildRawSalesSearchInput
FN:257,scoreCollectibleMatch
FN:329,(anonymous_13)
FN:334,(anonymous_14)
FN:384,(anonymous_15)
FN:391,(anonymous_16)
FN:419,(anonymous_17)
FN:439,(anonymous_18)
FN:443,(anonymous_19)
FN:444,(anonymous_20)
FN:466,(anonymous_21)
FN:488,(anonymous_22)
FN:495,(anonymous_23)
FN:506,(anonymous_24)
FNF:25
FNH:20
FNDA:15,_resetTokenCache
FNDA:11,getTokenExpiry
FNDA:9,authenticateViaPuppeteer
FNDA:0,(anonymous_3)
FNDA:0,(anonymous_4)
FNDA:0,(anonymous_5)
FNDA:0,refreshMMToken
FNDA:10,getAccessToken
FNDA:18,trpcQuery
FNDA:17,buildSearchQuery
FNDA:10,buildCollectiblesSearchInput
FNDA:10,buildRawSalesSearchInput
FNDA:13,scoreCollectibleMatch
FNDA:56,(anonymous_13)
FNDA:20,(anonymous_14)
FNDA:9,(anonymous_15)
FNDA:9,(anonymous_16)
FNDA:9,(anonymous_17)
FNDA:3,(anonymous_18)
FNDA:3,(anonymous_19)
FNDA:0,(anonymous_20)
FNDA:9,(anonymous_21)
FNDA:10,(anonymous_22)
FNDA:9,(anonymous_23)
FNDA:12,(anonymous_24)
DA:4,15
DA:8,15
DA:9,15
DA:10,15
DA:20,15
DA:23,15
DA:71,11
DA:72,11
DA:73,9
DA:75,2
DA:82,9
DA:83,9
DA:84,9
DA:86,9
DA:88,9
DA:89,9
DA:90,9
DA:91,9
DA:92,9
DA:95,9
DA:98,9
DA:99,0
DA:103,9
DA:104,9
DA:106,9
DA:108,9
DA:110,8
DA:115,8
DA:116,8
DA:118,0
DA:119,0
DA:124,0
DA:125,0
DA:131,0
DA:132,0
DA:133,0
DA:136,0
DA:139,0
DA:140,0
DA:141,0
DA:142,0
DA:145,0
DA:150,0
DA:152,0
DA:153,0
DA:159,10
DA:160,1
DA:164,9
DA:165,0
DA:166,0
DA:170,9
DA:171,9
DA:181,18
DA:182,18
DA:189,18
DA:190,1
DA:193,17
DA:194,13
DA:195,0
DA:197,13
DA:203,17
DA:204,17
DA:205,17
DA:206,17
DA:207,17
DA:208,17
DA:209,2
DA:211,17
DA:215,10
DA:223,10
DA:237,10
DA:238,10
DA:261,13
DA:264,13
DA:267,12
DA:268,12
DA:269,11
DA:272,11
DA:276,11
DA:280,11
DA:281,11
DA:282,11
DA:283,1
DA:287,11
DA:288,0
DA:289,0
DA:290,0
DA:294,0
DA:298,11
DA:299,11
DA:300,11
DA:305,11
DA:306,1
DA:307,1
DA:308,1
DA:309,0
DA:312,10
DA:313,10
DA:317,11
DA:319,11
DA:325,56
DA:330,56
DA:331,56
DA:336,20
DA:337,3
DA:338,3
DA:342,19
DA:343,7
DA:349,12
DA:350,2
DA:355,10
DA:356,10
DA:357,10
DA:358,1
DA:362,9
DA:367,9
DA:368,9
DA:369,3
DA:372,9
DA:373,9
DA:374,6
DA:377,9
DA:378,2
DA:384,9
DA:385,7
DA:386,7
DA:387,7
DA:389,7
DA:390,5
DA:391,9
DA:393,5
DA:394,5
DA:395,2
DA:396,2
DA:399,7
DA:408,7
DA:409,1
DA:412,7
DA:414,0
DA:415,0
DA:423,9
DA:429,9
DA:435,7
DA:438,3
DA:439,3
DA:443,3
DA:444,0
DA:446,3
DA:448,3
DA:450,3
DA:451,3
DA:452,3
DA:453,0
DA:457,0
DA:458,0
DA:459,0
DA:460,0
DA:463,0
DA:470,9
DA:477,9
DA:483,6
DA:486,5
DA:487,5
DA:489,10
DA:493,5
DA:495,9
DA:507,12
DA:519,15
DA:521,15
DA:522,15
DA:523,15
DA:524,15
DA:525,15
DA:526,15
DA:527,15
DA:528,15
LF:176
LH:142
BRDA:73,0,0,9
BRDA:73,0,1,0
BRDA:84,1,0,0
BRDA:84,1,1,9
BRDA:84,2,0,9
BRDA:84,2,1,9
BRDA:108,3,0,1
BRDA:108,3,1,8
BRDA:112,4,0,8
BRDA:112,4,1,0
BRDA:131,5,0,0
BRDA:131,5,1,0
BRDA:140,6,0,0
BRDA:140,6,1,0
BRDA:147,7,0,0
BRDA:147,7,1,0
BRDA:159,8,0,1
BRDA:159,8,1,9
BRDA:159,9,0,10
BRDA:159,9,1,1
BRDA:164,10,0,0
BRDA:164,10,1,9
BRDA:166,11,0,0
BRDA:166,11,1,0
BRDA:171,12,0,9
BRDA:171,12,1,1
BRDA:189,13,0,1
BRDA:189,13,1,17
BRDA:194,14,0,0
BRDA:194,14,1,13
BRDA:194,15,0,13
BRDA:194,15,1,13
BRDA:204,16,0,2
BRDA:204,16,1,15
BRDA:206,17,0,17
BRDA:206,17,1,0
BRDA:207,18,0,2
BRDA:207,18,1,15
BRDA:208,19,0,2
BRDA:208,19,1,15
BRDA:208,20,0,17
BRDA:208,20,1,2
BRDA:208,20,2,2
BRDA:218,21,0,10
BRDA:218,21,1,10
BRDA:264,22,0,1
BRDA:264,22,1,12
BRDA:267,23,0,12
BRDA:267,23,1,0
BRDA:268,24,0,1
BRDA:268,24,1,11
BRDA:268,25,0,12
BRDA:268,25,1,12
BRDA:272,26,0,11
BRDA:272,26,1,0
BRDA:273,27,0,11
BRDA:273,27,1,11
BRDA:281,28,0,11
BRDA:281,28,1,0
BRDA:282,29,0,1
BRDA:282,29,1,10
BRDA:282,30,0,11
BRDA:282,30,1,1
BRDA:287,31,0,0
BRDA:287,31,1,11
BRDA:288,32,0,0
BRDA:288,32,1,0
BRDA:289,33,0,0
BRDA:289,33,1,0
BRDA:290,34,0,0
BRDA:290,34,1,0
BRDA:291,35,0,0
BRDA:291,35,1,0
BRDA:298,36,0,11
BRDA:298,36,1,11
BRDA:299,37,0,11
BRDA:299,37,1,0
BRDA:299,38,0,11
BRDA:299,38,1,11
BRDA:299,38,2,0
BRDA:305,39,0,1
BRDA:305,39,1,10
BRDA:305,40,0,11
BRDA:305,40,1,1
BRDA:305,40,2,1
BRDA:306,41,0,1
BRDA:306,41,1,0
BRDA:308,42,0,1
BRDA:308,42,1,0
BRDA:309,43,0,0
BRDA:309,43,1,0
BRDA:312,44,0,10
BRDA:312,44,1,9
BRDA:313,45,0,9
BRDA:313,45,1,1
BRDA:313,46,0,10
BRDA:313,46,1,1
BRDA:313,46,2,1
BRDA:317,47,0,1
BRDA:317,47,1,10
BRDA:317,48,0,11
BRDA:317,48,1,1
BRDA:336,49,0,3
BRDA:336,49,1,17
BRDA:338,50,0,1
BRDA:338,50,1,2
BRDA:342,51,0,7
BRDA:342,51,1,12
BRDA:342,52,0,19
BRDA:342,52,1,13
BRDA:349,53,0,2
BRDA:349,53,1,10
BRDA:349,54,0,12
BRDA:349,54,1,11
BRDA:357,55,0,1
BRDA:357,55,1,9
BRDA:368,56,0,3
BRDA:368,56,1,6
BRDA:368,57,0,9
BRDA:368,57,1,7
BRDA:373,58,0,6
BRDA:373,58,1,3
BRDA:377,59,0,2
BRDA:377,59,1,7
BRDA:377,60,0,9
BRDA:377,60,1,6
BRDA:389,61,0,5
BRDA:389,61,1,2
BRDA:395,62,0,2
BRDA:395,62,1,0
BRDA:401,63,0,3
BRDA:401,63,1,4
BRDA:408,64,0,1
BRDA:408,64,1,6
BRDA:414,65,0,0
BRDA:414,65,1,0
BRDA:435,66,0,4
BRDA:435,66,1,3
BRDA:435,67,0,7
BRDA:435,67,1,7
BRDA:446,68,0,0
BRDA:446,68,1,3
BRDA:451,69,0,3
BRDA:451,69,1,0
BRDA:452,70,0,3
BRDA:452,70,1,0
BRDA:453,71,0,0
BRDA:453,71,1,0
BRDA:458,72,0,0
BRDA:458,72,1,0
BRDA:459,73,0,0
BRDA:459,73,1,0
BRDA:460,74,0,0
BRDA:460,74,1,0
BRDA:483,75,0,1
BRDA:483,75,1,5
BRDA:483,76,0,6
BRDA:483,76,1,6
BRDA:486,77,0,5
BRDA:486,77,1,0
BRDA:487,78,0,5
BRDA:487,78,1,0
BRDA:493,79,0,2
BRDA:493,79,1,3
BRDA:498,80,0,1
BRDA:498,80,1,8
BRDA:498,81,0,9
BRDA:498,81,1,1
BRDA:502,82,0,9
BRDA:502,82,1,0
BRF:170
BRH:121
end_of_record
TN:
SF:src/services/adapters/oneThirtyPoint.ts
FN:10,_resetRateLimitState
FN:17,buildSearchQuery
FN:37,parseHtmlResponse
FN:75,(anonymous_3)
FN:115,filterByRelevance
FN:122,(anonymous_5)
FN:131,computeTrimmedMean
FN:133,(anonymous_7)
FN:135,(anonymous_8)
FN:139,(anonymous_9)
FN:149,(anonymous_10)
FN:158,(anonymous_11)
FN:176,(anonymous_12)
FN:223,(anonymous_13)
FN:233,(anonymous_14)
FN:259,(anonymous_15)
FNF:16
FNH:15
FNDA:67,_resetRateLimitState
FNDA:21,buildSearchQuery
FNDA:20,parseHtmlResponse
FNDA:57,(anonymous_3)
FNDA:9,filterByRelevance
FNDA:30,(anonymous_5)
FNDA:8,computeTrimmedMean
FNDA:23,(anonymous_7)
FNDA:17,(anonymous_8)
FNDA:8,(anonymous_9)
FNDA:53,(anonymous_10)
FNDA:17,(anonymous_11)
FNDA:0,(anonymous_12)
FNDA:9,(anonymous_13)
FNDA:9,(anonymous_14)
FNDA:13,(anonymous_15)
DA:3,15
DA:7,15
DA:8,15
DA:11,67
DA:12,67
DA:18,21
DA:19,21
DA:20,21
DA:21,21
DA:22,21
DA:23,2
DA:25,21
DA:38,20
DA:41,20
DA:42,20
DA:43,20
DA:45,16
DA:47,65
DA:50,59
DA:51,59
DA:52,59
DA:53,56
DA:55,3
DA:56,3
DA:57,2
DA:61,59
DA:64,57
DA:65,57
DA:67,57
DA:69,219
DA:72,57
DA:75,57
DA:78,57
DA:79,57
DA:80,57
DA:81,2
DA:83,55
DA:85,165
DA:86,165
DA:88,112
DA:89,112
DA:91,111
DA:92,111
DA:97,57
DA:98,57
DA:99,57
DA:100,56
DA:101,55
DA:102,54
DA:103,53
DA:104,52
DA:106,57
DA:107,57
DA:110,16
DA:119,9
DA:120,9
DA:121,9
DA:122,30
DA:123,9
DA:125,9
DA:126,9
DA:132,8
DA:133,23
DA:134,7
DA:135,17
DA:137,1
DA:138,1
DA:139,8
DA:145,53
DA:154,53
DA:155,53
DA:160,17
DA:161,3
DA:162,3
DA:166,16
DA:167,1
DA:168,1
DA:174,15
DA:175,15
DA:176,0
DA:179,15
DA:181,15
DA:182,15
DA:184,15
DA:193,15
DA:199,9
DA:200,2
DA:201,2
DA:204,7
DA:205,1
DA:208,6
DA:211,6
DA:212,1
DA:215,5
DA:217,5
DA:218,2
DA:221,3
DA:223,3
DA:224,9
DA:225,9
DA:233,9
DA:234,3
DA:235,3
DA:236,3
DA:238,3
DA:248,3
DA:249,1
DA:252,3
DA:254,6
DA:255,6
DA:260,13
DA:272,15
DA:273,15
LF:113
LH:112
BRDA:19,0,0,1
BRDA:19,0,1,20
BRDA:21,1,0,1
BRDA:21,1,1,20
BRDA:22,2,0,2
BRDA:22,2,1,19
BRDA:22,3,0,21
BRDA:22,3,1,3
BRDA:22,3,2,3
BRDA:43,4,0,4
BRDA:43,4,1,16
BRDA:47,5,0,6
BRDA:47,5,1,59
BRDA:52,6,0,56
BRDA:52,6,1,3
BRDA:56,7,0,2
BRDA:56,7,1,1
BRDA:61,8,0,2
BRDA:61,8,1,57
BRDA:61,9,0,59
BRDA:61,9,1,58
BRDA:61,9,2,58
BRDA:72,10,0,0
BRDA:72,10,1,57
BRDA:75,11,0,57
BRDA:75,11,1,0
BRDA:75,11,2,0
BRDA:75,12,0,57
BRDA:75,12,1,57
BRDA:75,12,2,57
BRDA:80,13,0,2
BRDA:80,13,1,55
BRDA:86,14,0,53
BRDA:86,14,1,112
BRDA:89,15,0,1
BRDA:89,15,1,111
BRDA:92,16,0,1
BRDA:92,16,1,110
BRDA:99,17,0,1
BRDA:99,17,1,56
BRDA:100,18,0,1
BRDA:100,18,1,55
BRDA:101,19,0,1
BRDA:101,19,1,54
BRDA:102,20,0,1
BRDA:102,20,1,53
BRDA:103,21,0,1
BRDA:103,21,1,52
BRDA:104,22,0,43
BRDA:104,22,1,9
BRDA:107,23,0,1
BRDA:107,23,1,56
BRDA:119,24,0,9
BRDA:119,24,1,0
BRDA:121,25,0,9
BRDA:121,25,1,0
BRDA:123,26,0,8
BRDA:123,26,1,1
BRDA:132,27,0,1
BRDA:132,27,1,7
BRDA:134,28,0,6
BRDA:134,28,1,1
BRDA:155,29,0,53
BRDA:155,29,1,42
BRDA:160,30,0,3
BRDA:160,30,1,14
BRDA:162,31,0,1
BRDA:162,31,1,2
BRDA:166,32,0,1
BRDA:166,32,1,15
BRDA:175,33,0,0
BRDA:175,33,1,15
BRDA:199,34,0,2
BRDA:199,34,1,7
BRDA:204,35,0,1
BRDA:204,35,1,6
BRDA:211,36,0,1
BRDA:211,36,1,5
BRDA:211,37,0,6
BRDA:211,37,1,1
BRDA:217,38,0,2
BRDA:217,38,1,3
BRDA:229,39,0,5
BRDA:229,39,1,4
BRDA:248,40,0,1
BRDA:248,40,1,2
BRDA:254,41,0,6
BRDA:254,41,1,0
BRF:88
BRH:81
end_of_record
TN:
SF:src/services/adapters/psa.ts
FN:22,mapCategory
FN:28,buildSearchQuery
FN:36,buildSearchUrl
FN:55,parseSaleRows
FN:98,extractSpecId
FN:107,filterByRelevance
FN:116,computeTrimmedMean
FN:118,(anonymous_7)
FN:120,(anonymous_8)
FN:124,(anonymous_9)
FN:134,(anonymous_10)
FN:139,(anonymous_11)
FN:201,(anonymous_12)
FN:208,(anonymous_13)
FN:215,(anonymous_14)
FN:246,(anonymous_15)
FNF:16
FNH:16
FNDA:10,mapCategory
FNDA:12,buildSearchQuery
FNDA:10,buildSearchUrl
FNDA:22,parseSaleRows
FNDA:5,extractSpecId
FNDA:5,filterByRelevance
FNDA:9,computeTrimmedMean
FNDA:24,(anonymous_7)
FNDA:14,(anonymous_8)
FNDA:12,(anonymous_9)
FNDA:53,(anonymous_10)
FNDA:16,(anonymous_11)
FNDA:10,(anonymous_12)
FNDA:10,(anonymous_13)
FNDA:10,(anonymous_14)
FNDA:11,(anonymous_15)
DA:4,15
DA:8,15
DA:12,15
DA:23,10
DA:29,12
DA:30,12
DA:31,12
DA:32,12
DA:33,12
DA:37,10
DA:38,10
DA:56,22
DA:57,22
DA:59,22
DA:60,40
DA:63,33
DA:64,33
DA:65,33
DA:66,46
DA:67,46
DA:68,46
DA:69,31
DA:70,31
DA:71,31
DA:74,33
DA:77,31
DA:78,31
DA:79,36
DA:80,30
DA:81,30
DA:82,30
DA:87,31
DA:89,31
DA:91,31
DA:93,22
DA:99,5
DA:100,5
DA:101,4
DA:102,4
DA:111,5
DA:117,9
DA:118,24
DA:119,8
DA:120,14
DA:122,2
DA:123,2
DA:124,12
DA:130,53
DA:135,53
DA:136,53
DA:140,16
DA:141,3
DA:142,3
DA:145,15
DA:146,7
DA:149,8
DA:150,8
DA:154,8
DA:156,8
DA:158,7
DA:171,7
DA:172,7
DA:174,7
DA:175,1
DA:179,6
DA:183,6
DA:192,6
DA:193,6
DA:195,6
DA:197,6
DA:198,2
DA:201,4
DA:202,10
DA:203,10
DA:206,4
DA:208,10
DA:215,10
DA:216,4
DA:217,4
DA:218,4
DA:220,4
DA:229,4
DA:230,1
DA:233,4
DA:235,1
DA:236,0
DA:238,1
DA:239,0
DA:241,1
DA:242,1
DA:247,11
DA:259,15
DA:260,15
LF:93
LH:91
BRDA:23,0,0,10
BRDA:23,0,1,1
BRDA:30,1,0,1
BRDA:30,1,1,11
BRDA:32,2,0,1
BRDA:32,2,1,11
BRDA:60,3,0,7
BRDA:60,3,1,33
BRDA:68,4,0,31
BRDA:68,4,1,15
BRDA:68,5,0,46
BRDA:68,5,1,38
BRDA:68,5,2,37
BRDA:74,6,0,2
BRDA:74,6,1,31
BRDA:74,7,0,33
BRDA:74,7,1,31
BRDA:79,8,0,30
BRDA:79,8,1,6
BRDA:81,9,0,2
BRDA:81,9,1,28
BRDA:87,10,0,31
BRDA:87,10,1,0
BRDA:89,11,0,31
BRDA:89,11,1,1
BRDA:100,12,0,1
BRDA:100,12,1,4
BRDA:102,13,0,1
BRDA:102,13,1,3
BRDA:117,14,0,1
BRDA:117,14,1,8
BRDA:119,15,0,6
BRDA:119,15,1,2
BRDA:140,16,0,3
BRDA:140,16,1,13
BRDA:142,17,0,1
BRDA:142,17,1,2
BRDA:145,18,0,7
BRDA:145,18,1,8
BRDA:145,19,0,15
BRDA:145,19,1,10
BRDA:174,20,0,1
BRDA:174,20,1,6
BRDA:197,21,0,2
BRDA:197,21,1,4
BRDA:202,22,0,0
BRDA:202,22,1,10
BRDA:229,23,0,1
BRDA:229,23,1,3
BRDA:235,24,0,0
BRDA:235,24,1,1
BRDA:238,25,0,0
BRDA:238,25,1,1
BRDA:241,26,0,1
BRDA:241,26,1,0
BRF:55
BRH:50
end_of_record
TN:
SF:src/services/adapters/psaPopScraper.ts
FN:41,buildSearchQueries
FN:66,(anonymous_1)
FN:73,buildPopSearchUrl
FN:82,parsePopJson
FN:94,parseGradeBreakdown
FN:107,computeHigherGradePop
FN:122,scoreMatch
FN:130,(anonymous_7)
FN:159,mapCategoryToSearchValue
FN:168,(anonymous_9)
FN:172,(anonymous_10)
FN:272,(anonymous_11)
FN:325,(anonymous_12)
FN:326,(anonymous_13)
FNF:14
FNH:12
FNDA:7,buildSearchQueries
FNDA:18,(anonymous_1)
FNDA:1,buildPopSearchUrl
FNDA:6,parsePopJson
FNDA:5,parseGradeBreakdown
FNDA:5,computeHigherGradePop
FNDA:11,scoreMatch
FNDA:19,(anonymous_7)
FNDA:9,mapCategoryToSearchValue
FNDA:5,(anonymous_9)
FNDA:5,(anonymous_10)
FNDA:0,(anonymous_11)
FNDA:0,(anonymous_12)
FNDA:3,(anonymous_13)
DA:2,1
DA:5,1
DA:6,1
DA:9,1
DA:12,1
DA:27,1
DA:42,7
DA:43,7
DA:46,7
DA:49,7
DA:50,2
DA:54,7
DA:55,2
DA:59,7
DA:62,7
DA:65,7
DA:66,7
DA:67,18
DA:68,18
DA:69,18
DA:74,1
DA:75,1
DA:83,6
DA:84,6
DA:85,120
DA:86,120
DA:87,120
DA:88,14
DA:91,6
DA:95,5
DA:96,5
DA:97,7
DA:98,6
DA:99,6
DA:100,6
DA:101,6
DA:102,5
DA:104,5
DA:108,5
DA:109,5
DA:110,4
DA:111,4
DA:112,12
DA:113,12
DA:115,4
DA:123,11
DA:124,11
DA:127,11
DA:128,11
DA:129,11
DA:130,19
DA:131,1
DA:134,10
DA:137,10
DA:138,10
DA:141,10
DA:142,6
DA:143,6
DA:145,6
DA:148,4
DA:149,2
DA:154,10
DA:156,10
DA:160,9
DA:161,5
DA:165,5
DA:169,5
DA:173,5
DA:174,2
DA:179,3
DA:180,3
DA:181,3
DA:184,3
DA:185,3
DA:187,3
DA:188,4
DA:191,4
DA:194,4
DA:195,0
DA:199,4
DA:200,3
DA:203,3
DA:206,3
DA:207,3
DA:210,2
DA:211,2
DA:212,2
DA:213,2
DA:217,1
DA:232,1
DA:234,1
DA:236,1
DA:237,1
DA:238,2
DA:239,2
DA:240,1
DA:241,1
DA:242,1
DA:246,1
DA:247,1
DA:248,1
DA:253,0
DA:254,0
DA:257,2
DA:258,1
DA:259,1
DA:260,1
DA:266,1
DA:268,1
DA:269,1
DA:271,1
DA:272,0
DA:277,1
DA:280,1
DA:281,1
DA:284,1
DA:285,1
DA:287,0
DA:290,1
DA:291,1
DA:293,1
DA:294,0
DA:295,0
DA:301,1
DA:304,1
DA:305,1
DA:306,1
DA:307,0
DA:308,0
DA:309,0
DA:310,0
DA:313,1
DA:314,0
DA:315,0
DA:319,1
DA:320,1
DA:321,0
DA:322,0
DA:325,1
DA:326,3
DA:327,1
DA:328,1
DA:329,1
DA:330,1
DA:332,1
DA:334,1
DA:346,1
DA:347,1
DA:348,1
DA:350,1
DA:355,1
DA:356,1
LF:152
LH:137
BRDA:43,0,0,7
BRDA:43,0,1,0
BRDA:49,1,0,2
BRDA:49,1,1,5
BRDA:54,2,0,2
BRDA:54,2,1,5
BRDA:67,3,0,0
BRDA:67,3,1,18
BRDA:86,4,0,38
BRDA:86,4,1,82
BRDA:87,5,0,14
BRDA:87,5,1,106
BRDA:87,6,0,120
BRDA:87,6,1,43
BRDA:97,7,0,1
BRDA:97,7,1,6
BRDA:101,8,0,1
BRDA:101,8,1,5
BRDA:102,9,0,4
BRDA:102,9,1,1
BRDA:109,10,0,1
BRDA:109,10,1,4
BRDA:113,11,0,3
BRDA:113,11,1,9
BRDA:129,12,0,1
BRDA:129,12,1,10
BRDA:130,13,0,9
BRDA:130,13,1,1
BRDA:134,14,0,10
BRDA:134,14,1,0
BRDA:138,15,0,9
BRDA:138,15,1,1
BRDA:141,16,0,6
BRDA:141,16,1,4
BRDA:143,17,0,1
BRDA:143,17,1,5
BRDA:145,18,0,1
BRDA:145,18,1,5
BRDA:145,19,0,6
BRDA:145,19,1,1
BRDA:148,20,0,2
BRDA:148,20,1,2
BRDA:148,21,0,4
BRDA:148,21,1,3
BRDA:148,21,2,2
BRDA:148,21,3,2
BRDA:154,22,0,8
BRDA:154,22,1,2
BRDA:154,23,0,10
BRDA:154,23,1,8
BRDA:160,24,0,4
BRDA:160,24,1,5
BRDA:161,25,0,5
BRDA:161,25,1,1
BRDA:173,26,0,2
BRDA:173,26,1,3
BRDA:173,27,0,5
BRDA:173,27,1,4
BRDA:188,28,0,4
BRDA:188,28,1,4
BRDA:194,29,0,0
BRDA:194,29,1,4
BRDA:234,30,0,1
BRDA:234,30,1,0
BRDA:239,31,0,1
BRDA:239,31,1,1
BRDA:246,32,0,1
BRDA:246,32,1,0
BRDA:246,33,0,1
BRDA:246,33,1,1
BRDA:257,34,0,1
BRDA:257,34,1,1
BRDA:259,35,0,0
BRDA:259,35,1,1
BRDA:285,36,0,0
BRDA:285,36,1,1
BRDA:287,37,0,0
BRDA:287,37,1,0
BRDA:293,38,0,0
BRDA:293,38,1,1
BRDA:304,39,0,1
BRDA:304,39,1,0
BRDA:306,40,0,1
BRDA:306,40,1,0
BRDA:307,41,0,0
BRDA:307,41,1,0
BRDA:309,42,0,0
BRDA:309,42,1,0
BRDA:310,43,0,0
BRDA:310,43,1,0
BRDA:313,44,0,0
BRDA:313,44,1,1
BRDA:320,45,0,0
BRDA:320,45,1,1
BRDA:325,46,0,1
BRDA:325,46,1,0
BRDA:325,47,0,1
BRDA:325,47,1,1
BRDA:327,48,0,1
BRDA:327,48,1,0
BRDA:346,49,0,1
BRDA:346,49,1,0
BRDA:347,50,0,1
BRDA:347,50,1,0
BRF:104
BRH:79
end_of_record
TN:
SF:src/services/adapters/selectors.ts
FNF:0
FNH:0
DA:6,17
DA:19,17
DA:34,17
DA:47,17
DA:74,17
LF:5
LH:5
BRF:0
BRH:0
end_of_record
TN:
SF:src/services/adapters/sportsCardsPro.ts
FN:6,buildSearchQuery
FN:14,buildSearchUrl
FN:26,pickPrice
FN:66,(anonymous_3)
FN:71,(anonymous_4)
FN:88,(anonymous_5)
FN:174,(anonymous_6)
FN:199,(anonymous_7)
FN:200,(anonymous_8)
FN:223,(anonymous_9)
FN:227,(anonymous_10)
FN:232,(anonymous_11)
FN:256,(anonymous_12)
FN:256,(anonymous_13)
FN:264,(anonymous_14)
FN:270,(anonymous_15)
FNF:16
FNH:12
FNDA:19,buildSearchQuery
FNDA:4,buildSearchUrl
FNDA:13,pickPrice
FNDA:60,(anonymous_3)
FNDA:23,(anonymous_4)
FNDA:10,(anonymous_5)
FNDA:11,(anonymous_6)
FNDA:0,(anonymous_7)
FNDA:2,(anonymous_8)
FNDA:0,(anonymous_9)
FNDA:0,(anonymous_10)
FNDA:0,(anonymous_11)
FNDA:1,(anonymous_12)
FNDA:2,(anonymous_13)
FNDA:2,(anonymous_14)
FNDA:2,(anonymous_15)
DA:4,15
DA:7,19
DA:8,19
DA:9,19
DA:10,19
DA:11,19
DA:15,4
DA:19,4
DA:27,13
DA:28,8
DA:29,8
DA:32,8
DA:33,2
DA:34,2
DA:38,6
DA:39,4
DA:40,4
DA:44,4
DA:45,1
DA:46,1
DA:50,3
DA:51,3
DA:55,5
DA:56,5
DA:58,2
DA:62,60
DA:67,60
DA:68,60
DA:73,23
DA:74,5
DA:75,5
DA:79,21
DA:80,21
DA:81,10
DA:85,11
DA:89,10
DA:91,10
DA:93,10
DA:94,10
DA:96,9
DA:97,1
DA:108,8
DA:109,8
DA:111,8
DA:112,1
DA:124,7
DA:127,7
DA:128,7
DA:130,7
DA:131,1
DA:142,6
DA:143,6
DA:145,6
DA:155,6
DA:156,1
DA:159,6
DA:161,1
DA:162,1
DA:176,11
DA:177,7
DA:188,4
DA:189,4
DA:192,4
DA:194,4
DA:197,3
DA:199,0
DA:200,2
DA:202,3
DA:203,3
DA:205,3
DA:206,2
DA:218,1
DA:221,1
DA:224,0
DA:225,0
DA:227,0
DA:230,1
DA:233,0
DA:234,0
DA:235,0
DA:236,0
DA:237,0
DA:239,0
DA:240,0
DA:241,0
DA:243,0
DA:248,0
DA:250,0
DA:256,2
DA:262,1
DA:264,2
DA:265,1
DA:266,1
DA:267,1
DA:269,1
DA:270,2
DA:271,1
DA:272,1
DA:273,0
DA:274,0
DA:277,1
DA:287,1
DA:288,1
DA:291,1
DA:293,1
DA:294,0
DA:296,1
DA:297,1
DA:310,15
DA:311,15
LF:110
LH:92
BRDA:8,0,0,2
BRDA:8,0,1,17
BRDA:10,1,0,2
BRDA:10,1,1,17
BRDA:27,2,0,8
BRDA:27,2,1,5
BRDA:27,3,0,13
BRDA:27,3,1,8
BRDA:27,3,2,8
BRDA:32,4,0,2
BRDA:32,4,1,6
BRDA:32,5,0,8
BRDA:32,5,1,2
BRDA:34,6,0,2
BRDA:34,6,1,0
BRDA:34,7,0,2
BRDA:34,7,1,2
BRDA:38,8,0,4
BRDA:38,8,1,2
BRDA:38,9,0,6
BRDA:38,9,1,5
BRDA:40,10,0,2
BRDA:40,10,1,2
BRDA:40,11,0,4
BRDA:40,11,1,3
BRDA:44,12,0,1
BRDA:44,12,1,3
BRDA:44,13,0,4
BRDA:44,13,1,3
BRDA:46,14,0,1
BRDA:46,14,1,0
BRDA:46,15,0,1
BRDA:46,15,1,1
BRDA:51,16,0,3
BRDA:51,16,1,0
BRDA:51,17,0,3
BRDA:51,17,1,3
BRDA:56,18,0,3
BRDA:56,18,1,2
BRDA:56,19,0,5
BRDA:56,19,1,5
BRDA:73,20,0,5
BRDA:73,20,1,18
BRDA:75,21,0,2
BRDA:75,21,1,3
BRDA:80,22,0,10
BRDA:80,22,1,11
BRDA:96,23,0,1
BRDA:96,23,1,8
BRDA:111,24,0,1
BRDA:111,24,1,7
BRDA:111,25,0,8
BRDA:111,25,1,8
BRDA:130,26,0,1
BRDA:130,26,1,6
BRDA:155,27,0,1
BRDA:155,27,1,5
BRDA:161,28,0,1
BRDA:161,28,1,0
BRDA:176,29,0,7
BRDA:176,29,1,4
BRDA:176,30,0,11
BRDA:176,30,1,6
BRDA:205,31,0,2
BRDA:205,31,1,1
BRDA:224,32,0,0
BRDA:224,32,1,0
BRDA:225,33,0,0
BRDA:225,33,1,0
BRDA:237,34,0,0
BRDA:237,34,1,0
BRDA:239,35,0,0
BRDA:239,35,1,0
BRDA:241,36,0,0
BRDA:241,36,1,0
BRDA:241,37,0,0
BRDA:241,37,1,0
BRDA:245,38,0,0
BRDA:245,38,1,0
BRDA:248,39,0,0
BRDA:248,39,1,0
BRDA:269,40,0,1
BRDA:269,40,1,0
BRDA:273,41,0,0
BRDA:273,41,1,0
BRDA:279,42,0,1
BRDA:279,42,1,0
BRDA:287,43,0,1
BRDA:287,43,1,0
BRDA:293,44,0,0
BRDA:293,44,1,1
BRDA:296,45,0,1
BRDA:296,45,1,0
BRF:93
BRH:66
end_of_record
